0:0:0:0:0:0:0:1 - - [08/Apr/2018:22:35:24 +0800] "GET / HTTP/1.1" 404 -
0:0:0:0:0:0:0:1 - - [08/Apr/2018:22:39:40 +0800] "GET /blog/about/home HTTP/1.1" 200 40902
0:0:0:0:0:0:0:1 - - [08/Apr/2018:22:39:41 +0800] "GET /blog/assets/css/about/vendor.css HTTP/1.1" 200 13776
0:0:0:0:0:0:0:1 - - [08/Apr/2018:22:39:41 +0800] "GET /blog/assets/css/about/base.css HTTP/1.1" 200 11655
0:0:0:0:0:0:0:1 - - [08/Apr/2018:22:39:41 +0800] "GET /blog/assets/css/main.css HTTP/1.1" 200 68706
0:0:0:0:0:0:0:1 - - [08/Apr/2018:22:39:41 +0800] "GET /blog/lib/ohters/js/skel.min.js HTTP/1.1" 200 9090
0:0:0:0:0:0:0:1 - - [08/Apr/2018:22:39:41 +0800] "GET /blog/assets/css/about/main.css HTTP/1.1" 200 51093
0:0:0:0:0:0:0:1 - - [08/Apr/2018:22:39:41 +0800] "GET /blog/images/profile-pic.png HTTP/1.1" 200 135457
0:0:0:0:0:0:0:1 - - [08/Apr/2018:22:39:41 +0800] "GET /blog/lib/bootstrap/js/bootstrap.min.js HTTP/1.1" 200 27822
0:0:0:0:0:0:0:1 - - [08/Apr/2018:22:39:41 +0800] "GET /blog/lib/bootstrap/js/jquery.min.js HTTP/1.1" 200 96380
0:0:0:0:0:0:0:1 - - [08/Apr/2018:22:39:41 +0800] "GET /blog/assets/js/main.js HTTP/1.1" 200 3043
0:0:0:0:0:0:0:1 - - [08/Apr/2018:22:39:41 +0800] "GET /blog/assets/js/jquery.scrollex.min.js HTTP/1.1" 200 2225
0:0:0:0:0:0:0:1 - - [08/Apr/2018:22:39:41 +0800] "GET /blog/assets/css/font-awesome.min.css HTTP/1.1" 200 24837
0:0:0:0:0:0:0:1 - - [08/Apr/2018:22:39:41 +0800] "GET /blog/assets/js/util.js HTTP/1.1" 200 11847
0:0:0:0:0:0:0:1 - - [08/Apr/2018:22:39:42 +0800] "GET /blog/assets/css/about/font-awesome/css/font-awesome.min.css HTTP/1.1" 404 174
0:0:0:0:0:0:0:1 - - [08/Apr/2018:22:39:42 +0800] "GET /blog/assets/css/about/fonts.css HTTP/1.1" 404 146
0:0:0:0:0:0:0:1 - - [08/Apr/2018:22:39:42 +0800] "GET /blog/about/images/portfolio/clouds.jpg HTTP/1.1" 404 153
0:0:0:0:0:0:0:1 - - [08/Apr/2018:22:39:42 +0800] "GET /blog/about/images/portfolio/liberty.jpg HTTP/1.1" 404 154
0:0:0:0:0:0:0:1 - - [08/Apr/2018:22:39:42 +0800] "GET /blog/about/images/portfolio/shutterbug.jpg HTTP/1.1" 404 157
0:0:0:0:0:0:0:1 - - [08/Apr/2018:22:39:42 +0800] "GET /blog/assets/css/about/micons/micons.css HTTP/1.1" 404 154
0:0:0:0:0:0:0:1 - - [08/Apr/2018:22:39:42 +0800] "GET /blog/about/images/portfolio/lighthouse.jpg HTTP/1.1" 404 157
0:0:0:0:0:0:0:1 - - [08/Apr/2018:22:39:42 +0800] "GET /blog/about/images/portfolio/modals/m-liberty.jpg HTTP/1.1" 404 163
0:0:0:0:0:0:0:1 - - [08/Apr/2018:22:39:42 +0800] "GET /blog/about/images/portfolio/beetle.jpg HTTP/1.1" 404 153
0:0:0:0:0:0:0:1 - - [08/Apr/2018:22:39:42 +0800] "GET /blog/about/images/portfolio/modals/m-shutterbug.jpg HTTP/1.1" 404 166
0:0:0:0:0:0:0:1 - - [08/Apr/2018:22:39:42 +0800] "GET /blog/about/images/portfolio/modals/m-clouds.jpg HTTP/1.1" 404 162
0:0:0:0:0:0:0:1 - - [08/Apr/2018:22:39:42 +0800] "GET /blog/about/images/portfolio/salad.jpg HTTP/1.1" 404 152
0:0:0:0:0:0:0:1 - - [08/Apr/2018:22:39:42 +0800] "GET /blog/about/images/portfolio/modals/m-beetle.jpg HTTP/1.1" 404 162
0:0:0:0:0:0:0:1 - - [08/Apr/2018:22:39:42 +0800] "GET /blog/about/images/portfolio/modals/m-salad.jpg HTTP/1.1" 404 161
0:0:0:0:0:0:0:1 - - [08/Apr/2018:22:39:42 +0800] "GET /blog/assets/css/images/bg.jpg HTTP/1.1" 404 144
0:0:0:0:0:0:0:1 - - [08/Apr/2018:22:39:42 +0800] "GET /blog/about/images/portfolio/modals/m-lighthouse.jpg HTTP/1.1" 404 166
0:0:0:0:0:0:0:1 - - [08/Apr/2018:22:39:42 +0800] "GET /blog/images/bg.jpg HTTP/1.1" 200 134078
0:0:0:0:0:0:0:1 - - [08/Apr/2018:22:39:43 +0800] "GET /blog/assets/fonts/fontawesome-webfont.woff2?v=4.3.0 HTTP/1.1" 200 56780
0:0:0:0:0:0:0:1 - - [08/Apr/2018:22:39:43 +0800] "GET /blog/assets/css/images/close.svg HTTP/1.1" 200 240
0:0:0:0:0:0:0:1 - - [08/Apr/2018:22:39:43 +0800] "GET /blog/images/intro-bg.jpg HTTP/1.1" 200 672860
0:0:0:0:0:0:0:1 - - [08/Apr/2018:22:42:36 +0800] "GET /blog/home HTTP/1.1" 200 8971
0:0:0:0:0:0:0:1 - - [08/Apr/2018:22:42:36 +0800] "GET /blog/images/pic01.jpg HTTP/1.1" 200 17864
0:0:0:0:0:0:0:1 - - [08/Apr/2018:22:42:36 +0800] "GET /blog/images/pic02.jpg HTTP/1.1" 200 13628
0:0:0:0:0:0:0:1 - - [08/Apr/2018:22:42:36 +0800] "GET /blog/images/pic06.jpg HTTP/1.1" 200 38655
0:0:0:0:0:0:0:1 - - [08/Apr/2018:22:42:36 +0800] "GET /blog/images/pic03.jpg HTTP/1.1" 200 18637
0:0:0:0:0:0:0:1 - - [08/Apr/2018:22:42:36 +0800] "GET /blog/images/pic04.jpg HTTP/1.1" 200 37247
0:0:0:0:0:0:0:1 - - [08/Apr/2018:22:42:36 +0800] "GET /blog/images/pic05.jpg HTTP/1.1" 200 54860
0:0:0:0:0:0:0:1 - - [08/Apr/2018:22:42:36 +0800] "GET /blog/images/pic07.jpg HTTP/1.1" 200 49601
0:0:0:0:0:0:0:1 - - [08/Apr/2018:22:45:09 +0800] "GET /blog/assets/css/main.css HTTP/1.1" 304 -
0:0:0:0:0:0:0:1 - - [08/Apr/2018:22:45:09 +0800] "GET /blog/assets/css/font-awesome.min.css HTTP/1.1" 304 -
0:0:0:0:0:0:0:1 - - [08/Apr/2018:23:03:48 +0800] "GET /blog/aticles/home HTTP/1.1" 200 13357
0:0:0:0:0:0:0:1 - - [08/Apr/2018:23:03:48 +0800] "GET /blog/assets/css/main.css HTTP/1.1" 304 -
0:0:0:0:0:0:0:1 - - [08/Apr/2018:23:03:48 +0800] "GET /blog/lib/ohters/js/skel.min.js HTTP/1.1" 304 -
0:0:0:0:0:0:0:1 - - [08/Apr/2018:23:03:48 +0800] "GET /blog/assets/css/aticles/aticle.css HTTP/1.1" 200 1093
0:0:0:0:0:0:0:1 - - [08/Apr/2018:23:03:48 +0800] "GET /blog/assets/css/font-awesome.min.css HTTP/1.1" 304 -
0:0:0:0:0:0:0:1 - - [08/Apr/2018:23:03:48 +0800] "GET /blog/lib/bootstrap/js/jquery.min.js HTTP/1.1" 304 -
0:0:0:0:0:0:0:1 - - [08/Apr/2018:23:03:48 +0800] "GET /blog/assets/js/util.js HTTP/1.1" 304 -
0:0:0:0:0:0:0:1 - - [08/Apr/2018:23:03:48 +0800] "GET /blog/lib/bootstrap/js/bootstrap.min.js HTTP/1.1" 304 -
0:0:0:0:0:0:0:1 - - [08/Apr/2018:23:03:48 +0800] "GET /blog/assets/js/jquery.scrollex.min.js HTTP/1.1" 304 -
0:0:0:0:0:0:0:1 - - [08/Apr/2018:23:03:48 +0800] "GET /blog/aticles/img/1.jpg HTTP/1.1" 404 137
0:0:0:0:0:0:0:1 - - [08/Apr/2018:23:03:48 +0800] "GET /blog/assets/js/main.js HTTP/1.1" 304 -
0:0:0:0:0:0:0:1 - - [08/Apr/2018:23:03:48 +0800] "GET /blog/aticles/img/3.jpg HTTP/1.1" 404 137
0:0:0:0:0:0:0:1 - - [08/Apr/2018:23:03:48 +0800] "GET /blog/aticles/img/4.jpg HTTP/1.1" 404 137
0:0:0:0:0:0:0:1 - - [08/Apr/2018:23:03:48 +0800] "GET /blog/aticles/img/2.jpg HTTP/1.1" 404 137
0:0:0:0:0:0:0:1 - - [08/Apr/2018:23:03:48 +0800] "GET /blog/images/bg.jpg HTTP/1.1" 304 -
0:0:0:0:0:0:0:1 - - [08/Apr/2018:23:03:48 +0800] "GET /blog/assets/fonts/fontawesome-webfont.woff2?v=4.3.0 HTTP/1.1" 304 -
0:0:0:0:0:0:0:1 - - [08/Apr/2018:23:03:48 +0800] "GET /blog/assets/css/images/close.svg HTTP/1.1" 304 -
0:0:0:0:0:0:0:1 - - [08/Apr/2018:23:55:10 +0800] "GET /blog/about/home HTTP/1.1" 200 40902
0:0:0:0:0:0:0:1 - - [08/Apr/2018:23:55:10 +0800] "GET /blog/assets/css/main.css HTTP/1.1" 304 -
0:0:0:0:0:0:0:1 - - [08/Apr/2018:23:55:10 +0800] "GET /blog/assets/css/about/base.css HTTP/1.1" 304 -
0:0:0:0:0:0:0:1 - - [08/Apr/2018:23:55:10 +0800] "GET /blog/lib/ohters/js/skel.min.js HTTP/1.1" 304 -
0:0:0:0:0:0:0:1 - - [08/Apr/2018:23:55:10 +0800] "GET /blog/assets/css/about/main.css HTTP/1.1" 304 -
0:0:0:0:0:0:0:1 - - [08/Apr/2018:23:55:10 +0800] "GET /blog/assets/css/about/vendor.css HTTP/1.1" 304 -
0:0:0:0:0:0:0:1 - - [08/Apr/2018:23:55:11 +0800] "GET /blog/assets/css/font-awesome.min.css HTTP/1.1" 304 -
0:0:0:0:0:0:0:1 - - [08/Apr/2018:23:55:11 +0800] "GET /blog/lib/bootstrap/js/bootstrap.min.js HTTP/1.1" 304 -
0:0:0:0:0:0:0:1 - - [08/Apr/2018:23:55:11 +0800] "GET /blog/assets/js/jquery.scrollex.min.js HTTP/1.1" 304 -
0:0:0:0:0:0:0:1 - - [08/Apr/2018:23:55:11 +0800] "GET /blog/assets/css/about/fonts.css HTTP/1.1" 404 146
0:0:0:0:0:0:0:1 - - [08/Apr/2018:23:55:11 +0800] "GET /blog/assets/js/util.js HTTP/1.1" 304 -
0:0:0:0:0:0:0:1 - - [08/Apr/2018:23:55:11 +0800] "GET /blog/assets/js/main.js HTTP/1.1" 304 -
0:0:0:0:0:0:0:1 - - [08/Apr/2018:23:55:11 +0800] "GET /blog/lib/bootstrap/js/jquery.min.js HTTP/1.1" 304 -
0:0:0:0:0:0:0:1 - - [08/Apr/2018:23:55:11 +0800] "GET /blog/images/profile-pic.png HTTP/1.1" 304 -
0:0:0:0:0:0:0:1 - - [08/Apr/2018:23:55:11 +0800] "GET /blog/assets/css/about/font-awesome/css/font-awesome.min.css HTTP/1.1" 404 174
0:0:0:0:0:0:0:1 - - [08/Apr/2018:23:55:11 +0800] "GET /blog/assets/css/about/micons/micons.css HTTP/1.1" 404 154
0:0:0:0:0:0:0:1 - - [08/Apr/2018:23:55:11 +0800] "GET /blog/about/images/portfolio/shutterbug.jpg HTTP/1.1" 404 157
0:0:0:0:0:0:0:1 - - [08/Apr/2018:23:55:12 +0800] "GET /blog/about/images/portfolio/liberty.jpg HTTP/1.1" 404 154
0:0:0:0:0:0:0:1 - - [08/Apr/2018:23:55:12 +0800] "GET /blog/about/images/portfolio/beetle.jpg HTTP/1.1" 404 153
0:0:0:0:0:0:0:1 - - [08/Apr/2018:23:55:12 +0800] "GET /blog/about/images/portfolio/lighthouse.jpg HTTP/1.1" 404 157
0:0:0:0:0:0:0:1 - - [08/Apr/2018:23:55:12 +0800] "GET /blog/about/images/portfolio/clouds.jpg HTTP/1.1" 404 153
0:0:0:0:0:0:0:1 - - [08/Apr/2018:23:55:12 +0800] "GET /blog/about/images/portfolio/modals/m-shutterbug.jpg HTTP/1.1" 404 166
0:0:0:0:0:0:0:1 - - [08/Apr/2018:23:55:12 +0800] "GET /blog/about/images/portfolio/salad.jpg HTTP/1.1" 404 152
0:0:0:0:0:0:0:1 - - [08/Apr/2018:23:55:12 +0800] "GET /blog/about/images/portfolio/modals/m-liberty.jpg HTTP/1.1" 404 163
0:0:0:0:0:0:0:1 - - [08/Apr/2018:23:55:12 +0800] "GET /blog/about/images/portfolio/modals/m-beetle.jpg HTTP/1.1" 404 162
0:0:0:0:0:0:0:1 - - [08/Apr/2018:23:55:12 +0800] "GET /blog/about/images/portfolio/modals/m-clouds.jpg HTTP/1.1" 404 162
0:0:0:0:0:0:0:1 - - [08/Apr/2018:23:55:12 +0800] "GET /blog/assets/fonts/fontawesome-webfont.woff2?v=4.3.0 HTTP/1.1" 304 -
0:0:0:0:0:0:0:1 - - [08/Apr/2018:23:55:12 +0800] "GET /blog/about/images/portfolio/modals/m-lighthouse.jpg HTTP/1.1" 404 166
0:0:0:0:0:0:0:1 - - [08/Apr/2018:23:55:12 +0800] "GET /blog/assets/css/images/close.svg HTTP/1.1" 304 -
0:0:0:0:0:0:0:1 - - [08/Apr/2018:23:55:12 +0800] "GET /blog/about/images/portfolio/modals/m-salad.jpg HTTP/1.1" 404 161
0:0:0:0:0:0:0:1 - - [08/Apr/2018:23:55:12 +0800] "GET /blog/images/intro-bg.jpg HTTP/1.1" 304 -
0:0:0:0:0:0:0:1 - - [08/Apr/2018:23:55:12 +0800] "GET /blog/images/bg.jpg HTTP/1.1" 304 -
0:0:0:0:0:0:0:1 - - [08/Apr/2018:23:55:12 +0800] "GET /blog/assets/css/images/bg.jpg HTTP/1.1" 404 144
0:0:0:0:0:0:0:1 - - [08/Apr/2018:23:57:39 +0800] "GET /blog/about/index.html HTTP/1.1" 404 306
0:0:0:0:0:0:0:1 - - [08/Apr/2018:23:57:43 +0800] "GET /blog/assets/css/about/font-awesome/css/font-awesome.min.css HTTP/1.1" 404 174
0:0:0:0:0:0:0:1 - - [08/Apr/2018:23:57:44 +0800] "GET /blog/assets/css/about/micons/micons.css HTTP/1.1" 404 154
0:0:0:0:0:0:0:1 - - [08/Apr/2018:23:58:36 +0800] "GET /blog/about/home/api.do HTTP/1.1" 404 306
0:0:0:0:0:0:0:1 - - [08/Apr/2018:23:58:41 +0800] "GET /blog/about/home/api HTTP/1.1" 404 306
0:0:0:0:0:0:0:1 - - [08/Apr/2018:23:58:45 +0800] "GET /blog/about/home/api HTTP/1.1" 404 306
0:0:0:0:0:0:0:1 - - [08/Apr/2018:23:58:46 +0800] "GET /favicon.ico HTTP/1.1" 404 -
0:0:0:0:0:0:0:1 - - [08/Apr/2018:23:59:26 +0800] "GET /blog/about/home/hello.do HTTP/1.1" 404 306
0:0:0:0:0:0:0:1 - - [08/Apr/2018:23:59:36 +0800] "GET /blog/about/home/hello.do HTTP/1.1" 404 306
