0:0:0:0:0:0:0:1 - - [25/Mar/2018:13:25:35 +0800] "GET /blog/hello.do HTTP/1.1" 404 -
0:0:0:0:0:0:0:1 - - [25/Mar/2018:13:25:47 +0800] "GET /blog HTTP/1.1" 404 -
0:0:0:0:0:0:0:1 - - [25/Mar/2018:13:25:53 +0800] "GET /blog/api.do HTTP/1.1" 404 -
0:0:0:0:0:0:0:1 - - [25/Mar/2018:13:29:12 +0800] "GET /blog/api.do HTTP/1.1" 302 -
0:0:0:0:0:0:0:1 - - [25/Mar/2018:13:29:12 +0800] "GET /blog/swagger-ui.html HTTP/1.1" 200 3246
0:0:0:0:0:0:0:1 - - [25/Mar/2018:13:29:12 +0800] "GET /blog/webjars/springfox-swagger-ui/css/reset.css HTTP/1.1" 200 773
0:0:0:0:0:0:0:1 - - [25/Mar/2018:13:29:12 +0800] "GET /blog/webjars/springfox-swagger-ui/lib/object-assign-pollyfill.js HTTP/1.1" 200 349
0:0:0:0:0:0:0:1 - - [25/Mar/2018:13:29:12 +0800] "GET /blog/webjars/springfox-swagger-ui/css/typography.css HTTP/1.1" 200 -
0:0:0:0:0:0:0:1 - - [25/Mar/2018:13:29:12 +0800] "GET /blog/webjars/springfox-swagger-ui/lib/jquery.slideto.min.js HTTP/1.1" 200 365
0:0:0:0:0:0:0:1 - - [25/Mar/2018:13:29:12 +0800] "GET /blog/webjars/springfox-swagger-ui/css/screen.css HTTP/1.1" 200 43644
0:0:0:0:0:0:0:1 - - [25/Mar/2018:13:29:12 +0800] "GET /blog/webjars/springfox-swagger-ui/lib/jquery.wiggle.min.js HTTP/1.1" 200 536
0:0:0:0:0:0:0:1 - - [25/Mar/2018:13:29:12 +0800] "GET /blog/webjars/springfox-swagger-ui/lib/jquery.ba-bbq.min.js HTTP/1.1" 200 3518
0:0:0:0:0:0:0:1 - - [25/Mar/2018:13:29:12 +0800] "GET /blog/webjars/springfox-swagger-ui/lib/lodash.min.js HTTP/1.1" 200 51894
0:0:0:0:0:0:0:1 - - [25/Mar/2018:13:29:13 +0800] "GET /blog/webjars/springfox-swagger-ui/lib/jquery-1.8.0.min.js HTTP/1.1" 200 92032
0:0:0:0:0:0:0:1 - - [25/Mar/2018:13:29:12 +0800] "GET /blog/webjars/springfox-swagger-ui/lib/backbone-min.js HTTP/1.1" 200 19371
0:0:0:0:0:0:0:1 - - [25/Mar/2018:13:29:13 +0800] "GET /blog/webjars/springfox-swagger-ui/lib/handlebars-4.0.5.js HTTP/1.1" 200 71504
0:0:0:0:0:0:0:1 - - [25/Mar/2018:13:29:13 +0800] "GET /blog/webjars/springfox-swagger-ui/lib/highlight.9.1.0.pack.js HTTP/1.1" 200 10962
0:0:0:0:0:0:0:1 - - [25/Mar/2018:13:29:13 +0800] "GET /blog/webjars/springfox-swagger-ui/swagger-ui.min.js HTTP/1.1" 200 453076
0:0:0:0:0:0:0:1 - - [25/Mar/2018:13:29:13 +0800] "GET /blog/webjars/springfox-swagger-ui/lib/highlight.9.1.0.pack_extended.js HTTP/1.1" 200 310
0:0:0:0:0:0:0:1 - - [25/Mar/2018:13:29:13 +0800] "GET /blog/webjars/springfox-swagger-ui/lib/marked.js HTTP/1.1" 200 15724
0:0:0:0:0:0:0:1 - - [25/Mar/2018:13:29:13 +0800] "GET /blog/webjars/springfox-swagger-ui/lib/jsoneditor.min.js HTTP/1.1" 200 129835
0:0:0:0:0:0:0:1 - - [25/Mar/2018:13:29:13 +0800] "GET /blog/webjars/springfox-swagger-ui/lib/swagger-oauth.js HTTP/1.1" 200 7042
0:0:0:0:0:0:0:1 - - [25/Mar/2018:13:29:13 +0800] "GET /blog/webjars/springfox-swagger-ui/springfox.js HTTP/1.1" 200 4475
0:0:0:0:0:0:0:1 - - [25/Mar/2018:13:29:13 +0800] "GET /blog/webjars/springfox-swagger-ui/images/logo_small.png HTTP/1.1" 200 455
0:0:0:0:0:0:0:1 - - [25/Mar/2018:13:29:13 +0800] "GET /blog/webjars/springfox-swagger-ui/css/print.css HTTP/1.1" 200 41666
0:0:0:0:0:0:0:1 - - [25/Mar/2018:13:29:14 +0800] "GET /blog/swagger-resources/configuration/ui HTTP/1.1" 200 196
0:0:0:0:0:0:0:1 - - [25/Mar/2018:13:29:14 +0800] "GET /blog/swagger-resources HTTP/1.1" 200 80
0:0:0:0:0:0:0:1 - - [25/Mar/2018:13:29:14 +0800] "GET /blog/webjars/springfox-swagger-ui/images/favicon-32x32.png HTTP/1.1" 200 1141
0:0:0:0:0:0:0:1 - - [25/Mar/2018:13:29:14 +0800] "GET /blog/v2/api-docs HTTP/1.1" 200 2029
0:0:0:0:0:0:0:1 - - [25/Mar/2018:13:29:15 +0800] "GET /blog/swagger-resources/configuration/security HTTP/1.1" 200 81
0:0:0:0:0:0:0:1 - - [25/Mar/2018:13:29:15 +0800] "GET /blog/webjars/springfox-swagger-ui/images/favicon-16x16.png HTTP/1.1" 200 445
0:0:0:0:0:0:0:1 - - [25/Mar/2018:13:29:25 +0800] "GET /blog/hello HTTP/1.1" 404 306
0:0:0:0:0:0:0:1 - - [25/Mar/2018:13:29:37 +0800] "GET /blog/hello.do HTTP/1.1" 500 372
0:0:0:0:0:0:0:1 - - [25/Mar/2018:13:30:49 +0800] "GET /blog/index.html HTTP/1.1" 404 306
0:0:0:0:0:0:0:1 - - [25/Mar/2018:13:31:24 +0800] "GET /blog/hello.do HTTP/1.1" 500 372
0:0:0:0:0:0:0:1 - - [25/Mar/2018:13:31:56 +0800] "GET /blog/hello.do HTTP/1.1" 500 372
0:0:0:0:0:0:0:1 - - [25/Mar/2018:13:32:32 +0800] "GET /blog/hello.do HTTP/1.1" 500 371
0:0:0:0:0:0:0:1 - - [25/Mar/2018:13:33:22 +0800] "GET /blog/hello.do HTTP/1.1" 500 371
0:0:0:0:0:0:0:1 - - [25/Mar/2018:13:33:30 +0800] "GET /blog/hello.do HTTP/1.1" 200 186
0:0:0:0:0:0:0:1 - - [25/Mar/2018:13:34:04 +0800] "GET /blog/hello.do HTTP/1.1" 500 372
0:0:0:0:0:0:0:1 - - [25/Mar/2018:13:37:22 +0800] "GET /blog/hello.do HTTP/1.1" 200 12569
0:0:0:0:0:0:0:1 - - [25/Mar/2018:13:37:22 +0800] "GET /blog/css/font-awesome/css/font-awesome.min.css HTTP/1.1" 404 161
0:0:0:0:0:0:0:1 - - [25/Mar/2018:13:37:22 +0800] "GET /blog/css/style.css HTTP/1.1" 404 133
0:0:0:0:0:0:0:1 - - [25/Mar/2018:13:37:22 +0800] "GET /blog/css/bootstrap.min.css HTTP/1.1" 404 141
0:0:0:0:0:0:0:1 - - [25/Mar/2018:13:37:22 +0800] "GET /blog/js/bootstrap.min.js HTTP/1.1" 404 139
0:0:0:0:0:0:0:1 - - [25/Mar/2018:13:37:22 +0800] "GET /blog/js/modernizr.js HTTP/1.1" 404 135
0:0:0:0:0:0:0:1 - - [25/Mar/2018:13:37:22 +0800] "GET /blog/img/logo.png HTTP/1.1" 404 132
0:0:0:0:0:0:0:1 - - [25/Mar/2018:13:37:22 +0800] "GET /blog/img/1.jpg HTTP/1.1" 404 129
0:0:0:0:0:0:0:1 - - [25/Mar/2018:13:37:22 +0800] "GET /blog/img/2.jpg HTTP/1.1" 404 129
0:0:0:0:0:0:0:1 - - [25/Mar/2018:13:37:22 +0800] "GET /blog/img/3.jpg HTTP/1.1" 404 129
0:0:0:0:0:0:0:1 - - [25/Mar/2018:13:37:22 +0800] "GET /blog/img/4.jpg HTTP/1.1" 404 129
0:0:0:0:0:0:0:1 - - [25/Mar/2018:13:37:23 +0800] "GET /blog/js/bootstrap.min.js HTTP/1.1" 404 139
0:0:0:0:0:0:0:1 - - [25/Mar/2018:13:37:23 +0800] "GET /blog/js/modernizr.js HTTP/1.1" 404 135
0:0:0:0:0:0:0:1 - - [25/Mar/2018:13:37:28 +0800] "GET /blog/css/font-awesome/css/font-awesome.min.css HTTP/1.1" 404 161
0:0:0:0:0:0:0:1 - - [25/Mar/2018:13:37:28 +0800] "GET /blog/css/bootstrap.min.css HTTP/1.1" 404 141
0:0:0:0:0:0:0:1 - - [25/Mar/2018:13:37:28 +0800] "GET /blog/css/style.css HTTP/1.1" 404 133
0:0:0:0:0:0:0:1 - - [25/Mar/2018:13:37:39 +0800] "GET /blog/css/bootstrap.min.css HTTP/1.1" 404 306
0:0:0:0:0:0:0:1 - - [25/Mar/2018:13:40:41 +0800] "GET /blog/css/font-awesome/css/font-awesome.min.css HTTP/1.1" 404 306
0:0:0:0:0:0:0:1 - - [25/Mar/2018:13:51:37 +0800] "GET /blog/css/font-awesome/css/font-awesome.min.css HTTP/1.1" 404 306
0:0:0:0:0:0:0:1 - - [25/Mar/2018:13:52:04 +0800] "GET /blog/css/bootstrap.min.css HTTP/1.1" 404 306
0:0:0:0:0:0:0:1 - - [25/Mar/2018:13:52:24 +0800] "GET /blog/css/bootstrap.min.css HTTP/1.1" 404 306
0:0:0:0:0:0:0:1 - - [25/Mar/2018:13:53:09 +0800] "GET /blog/css/bootstrap.min.css HTTP/1.1" 404 306
0:0:0:0:0:0:0:1 - - [25/Mar/2018:13:53:25 +0800] "GET /blog/templates/index.html HTTP/1.1" 404 306
0:0:0:0:0:0:0:1 - - [25/Mar/2018:13:55:17 +0800] "GET /blog/css/bootstrap.min.css HTTP/1.1" 200 99527
0:0:0:0:0:0:0:1 - - [25/Mar/2018:13:55:33 +0800] "GET /blog/hello.do HTTP/1.1" 200 12569
0:0:0:0:0:0:0:1 - - [25/Mar/2018:13:55:33 +0800] "GET /blog/css/bootstrap.min.css HTTP/1.1" 304 -
0:0:0:0:0:0:0:1 - - [25/Mar/2018:13:55:33 +0800] "GET /blog/css/font-awesome/css/font-awesome.min.css HTTP/1.1" 200 23739
0:0:0:0:0:0:0:1 - - [25/Mar/2018:13:55:33 +0800] "GET /blog/css/style.css HTTP/1.1" 200 24333
0:0:0:0:0:0:0:1 - - [25/Mar/2018:13:55:33 +0800] "GET /blog/img/logo.png HTTP/1.1" 200 2769
0:0:0:0:0:0:0:1 - - [25/Mar/2018:13:55:34 +0800] "GET /blog/js/bootstrap.min.js HTTP/1.1" 200 27822
0:0:0:0:0:0:0:1 - - [25/Mar/2018:13:55:34 +0800] "GET /blog/js/modernizr.js HTTP/1.1" 200 5662
0:0:0:0:0:0:0:1 - - [25/Mar/2018:13:55:34 +0800] "GET /blog/img/1.jpg HTTP/1.1" 200 182651
0:0:0:0:0:0:0:1 - - [25/Mar/2018:13:55:34 +0800] "GET /blog/img/2.jpg HTTP/1.1" 200 414243
0:0:0:0:0:0:0:1 - - [25/Mar/2018:13:55:34 +0800] "GET /blog/img/3.jpg HTTP/1.1" 200 204769
0:0:0:0:0:0:0:1 - - [25/Mar/2018:13:55:34 +0800] "GET /blog/img/4.jpg HTTP/1.1" 200 331301
0:0:0:0:0:0:0:1 - - [25/Mar/2018:13:55:34 +0800] "GET /blog/css/font-awesome/fonts/fontawesome-webfont.woff2?v=4.3.0 HTTP/1.1" 200 56780
0:0:0:0:0:0:0:1 - - [25/Mar/2018:14:05:23 +0800] "GET /blog/hello.do HTTP/1.1" 200 12598
0:0:0:0:0:0:0:1 - - [25/Mar/2018:14:05:24 +0800] "GET /blog/assets/css/style.css HTTP/1.1" 200 24333
0:0:0:0:0:0:0:1 - - [25/Mar/2018:14:05:24 +0800] "GET /blog/lib/bootstrap/css/font-awesome/css/font-awesome.min.css HTTP/1.1" 200 24837
0:0:0:0:0:0:0:1 - - [25/Mar/2018:14:05:24 +0800] "GET /blog/lib/bootstrap/css/bootstrap.min.css HTTP/1.1" 200 99527
0:0:0:0:0:0:0:1 - - [25/Mar/2018:14:05:24 +0800] "GET /blog/lib/bootstrap/js/jquery.min.js HTTP/1.1" 200 96380
0:0:0:0:0:0:0:1 - - [25/Mar/2018:14:05:24 +0800] "GET /blog/lib/bootstrap/js/bootstrap.min.js HTTP/1.1" 200 27822
0:0:0:0:0:0:0:1 - - [25/Mar/2018:14:05:24 +0800] "GET /blog/lib/bootstrap/js/modernizr.js HTTP/1.1" 200 5662
0:0:0:0:0:0:0:1 - - [25/Mar/2018:14:05:24 +0800] "GET /blog/img/3.jpg HTTP/1.1" 404 129
0:0:0:0:0:0:0:1 - - [25/Mar/2018:14:05:24 +0800] "GET /blog/img/1.jpg HTTP/1.1" 404 129
0:0:0:0:0:0:0:1 - - [25/Mar/2018:14:05:24 +0800] "GET /blog/img/2.jpg HTTP/1.1" 404 129
0:0:0:0:0:0:0:1 - - [25/Mar/2018:14:05:24 +0800] "GET /blog/img/logo.png HTTP/1.1" 404 132
0:0:0:0:0:0:0:1 - - [25/Mar/2018:14:05:24 +0800] "GET /blog/img/4.jpg HTTP/1.1" 404 129
0:0:0:0:0:0:0:1 - - [25/Mar/2018:14:05:24 +0800] "GET /blog/lib/bootstrap/css/font-awesome/fonts/fontawesome-webfont.woff2?v=4.3.0 HTTP/1.1" 200 56780
0:0:0:0:0:0:0:1 - - [25/Mar/2018:14:05:34 +0800] "GET /blog/lib/bootstrap/css/font-awesome/css/font-awesome.min.css HTTP/1.1" 304 -
0:0:0:0:0:0:0:1 - - [25/Mar/2018:14:05:34 +0800] "GET /blog/assets/css/style.css HTTP/1.1" 304 -
0:0:0:0:0:0:0:1 - - [25/Mar/2018:14:05:34 +0800] "GET /blog/lib/bootstrap/css/bootstrap.min.css HTTP/1.1" 304 -
0:0:0:0:0:0:0:1 - - [25/Mar/2018:14:06:07 +0800] "GET /blog/index.html HTTP/1.1" 404 306
0:0:0:0:0:0:0:1 - - [25/Mar/2018:14:07:59 +0800] "GET /blog/hello.do HTTP/1.1" 200 12598
0:0:0:0:0:0:0:1 - - [25/Mar/2018:14:07:59 +0800] "GET /blog/lib/bootstrap/css/bootstrap.min.css HTTP/1.1" 304 -
0:0:0:0:0:0:0:1 - - [25/Mar/2018:14:07:59 +0800] "GET /blog/lib/bootstrap/css/font-awesome/css/font-awesome.min.css HTTP/1.1" 304 -
0:0:0:0:0:0:0:1 - - [25/Mar/2018:14:07:59 +0800] "GET /blog/assets/css/style.css HTTP/1.1" 304 -
0:0:0:0:0:0:0:1 - - [25/Mar/2018:14:07:59 +0800] "GET /blog/img/logo.png HTTP/1.1" 404 132
0:0:0:0:0:0:0:1 - - [25/Mar/2018:14:07:59 +0800] "GET /blog/lib/bootstrap/js/jquery.min.js HTTP/1.1" 304 -
0:0:0:0:0:0:0:1 - - [25/Mar/2018:14:07:59 +0800] "GET /blog/lib/bootstrap/js/bootstrap.min.js HTTP/1.1" 304 -
0:0:0:0:0:0:0:1 - - [25/Mar/2018:14:07:59 +0800] "GET /blog/lib/bootstrap/js/modernizr.js HTTP/1.1" 304 -
0:0:0:0:0:0:0:1 - - [25/Mar/2018:14:07:59 +0800] "GET /blog/img/1.jpg HTTP/1.1" 404 129
0:0:0:0:0:0:0:1 - - [25/Mar/2018:14:07:59 +0800] "GET /blog/img/2.jpg HTTP/1.1" 404 129
0:0:0:0:0:0:0:1 - - [25/Mar/2018:14:07:59 +0800] "GET /blog/img/3.jpg HTTP/1.1" 404 129
0:0:0:0:0:0:0:1 - - [25/Mar/2018:14:07:59 +0800] "GET /blog/img/4.jpg HTTP/1.1" 404 129
0:0:0:0:0:0:0:1 - - [25/Mar/2018:14:08:00 +0800] "GET /blog/lib/bootstrap/css/font-awesome/fonts/fontawesome-webfont.woff2?v=4.3.0 HTTP/1.1" 304 -
0:0:0:0:0:0:0:1 - - [25/Mar/2018:14:08:07 +0800] "GET /blog/hello.do HTTP/1.1" 200 12598
0:0:0:0:0:0:0:1 - - [25/Mar/2018:14:08:07 +0800] "GET /blog/img/logo.png HTTP/1.1" 200 2769
0:0:0:0:0:0:0:1 - - [25/Mar/2018:14:08:07 +0800] "GET /blog/img/1.jpg HTTP/1.1" 200 182651
0:0:0:0:0:0:0:1 - - [25/Mar/2018:14:08:07 +0800] "GET /blog/img/2.jpg HTTP/1.1" 200 414243
0:0:0:0:0:0:0:1 - - [25/Mar/2018:14:08:07 +0800] "GET /blog/img/3.jpg HTTP/1.1" 200 204769
0:0:0:0:0:0:0:1 - - [25/Mar/2018:14:08:07 +0800] "GET /blog/img/4.jpg HTTP/1.1" 200 331301
0:0:0:0:0:0:0:1 - - [25/Mar/2018:14:10:11 +0800] "GET /blog/hello.do HTTP/1.1" 200 12598
0:0:0:0:0:0:0:1 - - [25/Mar/2018:14:10:11 +0800] "GET /blog/lib/bootstrap/css/bootstrap.min.css HTTP/1.1" 304 -
0:0:0:0:0:0:0:1 - - [25/Mar/2018:14:10:11 +0800] "GET /blog/lib/bootstrap/css/font-awesome/css/font-awesome.min.css HTTP/1.1" 304 -
0:0:0:0:0:0:0:1 - - [25/Mar/2018:14:10:11 +0800] "GET /blog/assets/css/style.css HTTP/1.1" 304 -
0:0:0:0:0:0:0:1 - - [25/Mar/2018:14:10:11 +0800] "GET /blog/lib/bootstrap/js/jquery.min.js HTTP/1.1" 304 -
0:0:0:0:0:0:0:1 - - [25/Mar/2018:14:10:11 +0800] "GET /blog/lib/bootstrap/js/bootstrap.min.js HTTP/1.1" 304 -
0:0:0:0:0:0:0:1 - - [25/Mar/2018:14:10:11 +0800] "GET /blog/lib/bootstrap/js/modernizr.js HTTP/1.1" 304 -
0:0:0:0:0:0:0:1 - - [25/Mar/2018:14:10:11 +0800] "GET /blog/img/logo.png HTTP/1.1" 304 -
0:0:0:0:0:0:0:1 - - [25/Mar/2018:14:10:11 +0800] "GET /blog/img/1.jpg HTTP/1.1" 304 -
0:0:0:0:0:0:0:1 - - [25/Mar/2018:14:10:11 +0800] "GET /blog/img/2.jpg HTTP/1.1" 304 -
0:0:0:0:0:0:0:1 - - [25/Mar/2018:14:10:11 +0800] "GET /blog/img/3.jpg HTTP/1.1" 304 -
0:0:0:0:0:0:0:1 - - [25/Mar/2018:14:10:11 +0800] "GET /blog/img/4.jpg HTTP/1.1" 304 -
0:0:0:0:0:0:0:1 - - [25/Mar/2018:14:10:12 +0800] "GET /blog/lib/bootstrap/css/font-awesome/fonts/fontawesome-webfont.woff2?v=4.3.0 HTTP/1.1" 304 -
0:0:0:0:0:0:0:1 - - [25/Mar/2018:14:33:44 +0800] "GET /blog/home HTTP/1.1" 200 7837
0:0:0:0:0:0:0:1 - - [25/Mar/2018:14:33:44 +0800] "GET /blog/images/pic01.jpg HTTP/1.1" 200 17864
0:0:0:0:0:0:0:1 - - [25/Mar/2018:14:33:44 +0800] "GET /blog/assets/css/main.css HTTP/1.1" 200 72412
0:0:0:0:0:0:0:1 - - [25/Mar/2018:14:33:44 +0800] "GET /blog/assets/js/skel.min.js HTTP/1.1" 200 9091
0:0:0:0:0:0:0:1 - - [25/Mar/2018:14:33:45 +0800] "GET /blog/assets/js/jquery.min.js HTTP/1.1" 200 95957
0:0:0:0:0:0:0:1 - - [25/Mar/2018:14:33:45 +0800] "GET /blog/assets/js/util.js HTTP/1.1" 200 12433
0:0:0:0:0:0:0:1 - - [25/Mar/2018:14:33:45 +0800] "GET /blog/assets/js/jquery.scrollex.min.js HTTP/1.1" 200 2226
0:0:0:0:0:0:0:1 - - [25/Mar/2018:14:33:45 +0800] "GET /blog/assets/js/main.js HTTP/1.1" 200 3208
0:0:0:0:0:0:0:1 - - [25/Mar/2018:14:33:45 +0800] "GET /blog/images/pic02.jpg HTTP/1.1" 200 13628
0:0:0:0:0:0:0:1 - - [25/Mar/2018:14:33:45 +0800] "GET /blog/images/pic04.jpg HTTP/1.1" 200 37247
0:0:0:0:0:0:0:1 - - [25/Mar/2018:14:33:45 +0800] "GET /blog/images/pic03.jpg HTTP/1.1" 200 18637
0:0:0:0:0:0:0:1 - - [25/Mar/2018:14:33:45 +0800] "GET /blog/images/pic05.jpg HTTP/1.1" 200 54860
0:0:0:0:0:0:0:1 - - [25/Mar/2018:14:33:45 +0800] "GET /blog/images/pic06.jpg HTTP/1.1" 200 38655
0:0:0:0:0:0:0:1 - - [25/Mar/2018:14:33:45 +0800] "GET /blog/images/pic07.jpg HTTP/1.1" 200 49601
0:0:0:0:0:0:0:1 - - [25/Mar/2018:14:33:45 +0800] "GET /blog/assets/css/font-awesome.min.css HTTP/1.1" 200 26711
0:0:0:0:0:0:0:1 - - [25/Mar/2018:14:33:45 +0800] "GET /blog/assets/css/images/close.svg HTTP/1.1" 200 246
0:0:0:0:0:0:0:1 - - [25/Mar/2018:14:33:45 +0800] "GET /blog/images/bg.jpg HTTP/1.1" 200 134078
0:0:0:0:0:0:0:1 - - [25/Mar/2018:14:33:45 +0800] "GET /blog/assets/fonts/fontawesome-webfont.woff2?v=4.4.0 HTTP/1.1" 200 64464
0:0:0:0:0:0:0:1 - - [25/Mar/2018:14:34:19 +0800] "GET /blog/assets/css/main.css HTTP/1.1" 304 -
0:0:0:0:0:0:0:1 - - [25/Mar/2018:14:34:19 +0800] "GET /blog/assets/css/font-awesome.min.css HTTP/1.1" 304 -
0:0:0:0:0:0:0:1 - - [25/Mar/2018:15:11:15 +0800] "GET /blog/home HTTP/1.1" 200 7953
0:0:0:0:0:0:0:1 - - [25/Mar/2018:15:11:15 +0800] "GET /blog/images/pic01.jpg HTTP/1.1" 304 -
0:0:0:0:0:0:0:1 - - [25/Mar/2018:15:11:15 +0800] "GET /blog/assets/css/main.css HTTP/1.1" 304 -
0:0:0:0:0:0:0:1 - - [25/Mar/2018:15:11:15 +0800] "GET /blog/lib/ohters/js/skel.min.js HTTP/1.1" 200 9091
0:0:0:0:0:0:0:1 - - [25/Mar/2018:15:11:15 +0800] "GET /blog/lib/bootstrap/js/jquery.min.js HTTP/1.1" 304 -
0:0:0:0:0:0:0:1 - - [25/Mar/2018:15:11:15 +0800] "GET /blog/lib/bootstrap/js/bootstrap.min.js HTTP/1.1" 304 -
0:0:0:0:0:0:0:1 - - [25/Mar/2018:15:11:16 +0800] "GET /blog/assets/js/util.js HTTP/1.1" 304 -
0:0:0:0:0:0:0:1 - - [25/Mar/2018:15:11:16 +0800] "GET /blog/images/pic02.jpg HTTP/1.1" 304 -
0:0:0:0:0:0:0:1 - - [25/Mar/2018:15:11:16 +0800] "GET /blog/assets/js/main.js HTTP/1.1" 304 -
0:0:0:0:0:0:0:1 - - [25/Mar/2018:15:11:16 +0800] "GET /blog/images/pic03.jpg HTTP/1.1" 304 -
0:0:0:0:0:0:0:1 - - [25/Mar/2018:15:11:16 +0800] "GET /blog/lib/others/js/jquery.scrollex.min.js HTTP/1.1" 404 156
0:0:0:0:0:0:0:1 - - [25/Mar/2018:15:11:16 +0800] "GET /blog/images/pic04.jpg HTTP/1.1" 304 -
0:0:0:0:0:0:0:1 - - [25/Mar/2018:15:11:16 +0800] "GET /blog/images/pic05.jpg HTTP/1.1" 304 -
0:0:0:0:0:0:0:1 - - [25/Mar/2018:15:11:16 +0800] "GET /blog/images/pic06.jpg HTTP/1.1" 304 -
0:0:0:0:0:0:0:1 - - [25/Mar/2018:15:11:16 +0800] "GET /blog/images/pic07.jpg HTTP/1.1" 304 -
0:0:0:0:0:0:0:1 - - [25/Mar/2018:15:11:16 +0800] "GET /blog/assets/css/font-awesome.min.css HTTP/1.1" 304 -
0:0:0:0:0:0:0:1 - - [25/Mar/2018:15:11:16 +0800] "GET /blog/images/bg.jpg HTTP/1.1" 304 -
0:0:0:0:0:0:0:1 - - [25/Mar/2018:15:11:16 +0800] "GET /blog/assets/fonts/fontawesome-webfont.woff2?v=4.4.0 HTTP/1.1" 304 -
0:0:0:0:0:0:0:1 - - [25/Mar/2018:15:11:16 +0800] "GET /blog/assets/css/images/close.svg HTTP/1.1" 304 -
0:0:0:0:0:0:0:1 - - [25/Mar/2018:15:11:17 +0800] "GET /blog/lib/others/js/jquery.scrollex.min.js HTTP/1.1" 404 156
0:0:0:0:0:0:0:1 - - [25/Mar/2018:15:15:18 +0800] "GET /blog/home HTTP/1.1" 200 7964
0:0:0:0:0:0:0:1 - - [25/Mar/2018:15:15:18 +0800] "GET /blog/images/pic01.jpg HTTP/1.1" 304 -
0:0:0:0:0:0:0:1 - - [25/Mar/2018:15:15:18 +0800] "GET /blog/assets/css/main.css HTTP/1.1" 304 -
0:0:0:0:0:0:0:1 - - [25/Mar/2018:15:15:18 +0800] "GET /blog/images/pic02.jpg HTTP/1.1" 304 -
0:0:0:0:0:0:0:1 - - [25/Mar/2018:15:15:18 +0800] "GET /blog/lib/ohters/js/skel.min.js HTTP/1.1" 304 -
0:0:0:0:0:0:0:1 - - [25/Mar/2018:15:15:18 +0800] "GET /blog/lib/others/js/jquery.scrollex.min.js HTTP/1.1" 404 156
0:0:0:0:0:0:0:1 - - [25/Mar/2018:15:15:18 +0800] "GET /blog/assets/js/util.js HTTP/1.1" 304 -
0:0:0:0:0:0:0:1 - - [25/Mar/2018:15:15:18 +0800] "GET /blog/assets/js/main.js HTTP/1.1" 304 -
0:0:0:0:0:0:0:1 - - [25/Mar/2018:15:15:18 +0800] "GET /blog/images/pic03.jpg HTTP/1.1" 304 -
0:0:0:0:0:0:0:1 - - [25/Mar/2018:15:15:18 +0800] "GET /blog/images/pic04.jpg HTTP/1.1" 304 -
0:0:0:0:0:0:0:1 - - [25/Mar/2018:15:15:18 +0800] "GET /blog/images/pic05.jpg HTTP/1.1" 304 -
0:0:0:0:0:0:0:1 - - [25/Mar/2018:15:15:18 +0800] "GET /blog/images/pic06.jpg HTTP/1.1" 304 -
0:0:0:0:0:0:0:1 - - [25/Mar/2018:15:15:18 +0800] "GET /blog/images/pic07.jpg HTTP/1.1" 304 -
0:0:0:0:0:0:0:1 - - [25/Mar/2018:15:15:19 +0800] "GET /blog/assets/css/font-awesome.min.css HTTP/1.1" 304 -
0:0:0:0:0:0:0:1 - - [25/Mar/2018:15:15:19 +0800] "GET /blog/images/bg.jpg HTTP/1.1" 304 -
0:0:0:0:0:0:0:1 - - [25/Mar/2018:15:15:19 +0800] "GET /blog/assets/css/images/close.svg HTTP/1.1" 304 -
0:0:0:0:0:0:0:1 - - [25/Mar/2018:15:15:19 +0800] "GET /blog/assets/fonts/fontawesome-webfont.woff2?v=4.4.0 HTTP/1.1" 304 -
0:0:0:0:0:0:0:1 - - [25/Mar/2018:15:15:20 +0800] "GET /blog/lib/others/js/jquery.scrollex.min.js HTTP/1.1" 404 156
0:0:0:0:0:0:0:1 - - [25/Mar/2018:15:18:52 +0800] "GET /blog/home HTTP/1.1" 200 7957
0:0:0:0:0:0:0:1 - - [25/Mar/2018:15:18:52 +0800] "GET /blog/lib/ohters/js/skel.min.js HTTP/1.1" 304 -
0:0:0:0:0:0:0:1 - - [25/Mar/2018:15:18:52 +0800] "GET /blog/lib/bootstrap/js/jquery.min.js HTTP/1.1" 304 -
0:0:0:0:0:0:0:1 - - [25/Mar/2018:15:18:52 +0800] "GET /blog/lib/bootstrap/js/bootstrap.min.js HTTP/1.1" 304 -
0:0:0:0:0:0:0:1 - - [25/Mar/2018:15:18:52 +0800] "GET /blog/lib/others/js/jquery.scrollex.min.js HTTP/1.1" 404 156
0:0:0:0:0:0:0:1 - - [25/Mar/2018:15:18:53 +0800] "GET /blog/lib/others/js/jquery.scrollex.min.js HTTP/1.1" 404 156
0:0:0:0:0:0:0:1 - - [25/Mar/2018:15:21:11 +0800] "GET /blog/home HTTP/1.1" 200 7953
0:0:0:0:0:0:0:1 - - [25/Mar/2018:15:21:12 +0800] "GET /blog/assets/css/main.css HTTP/1.1" 304 -
0:0:0:0:0:0:0:1 - - [25/Mar/2018:15:21:12 +0800] "GET /blog/images/pic01.jpg HTTP/1.1" 304 -
0:0:0:0:0:0:0:1 - - [25/Mar/2018:15:21:12 +0800] "GET /blog/images/pic02.jpg HTTP/1.1" 304 -
0:0:0:0:0:0:0:1 - - [25/Mar/2018:15:21:12 +0800] "GET /blog/lib/ohters/js/skel.min.js HTTP/1.1" 304 -
0:0:0:0:0:0:0:1 - - [25/Mar/2018:15:21:12 +0800] "GET /blog/assets/js/jquery.scrollex.min.js HTTP/1.1" 200 2226
0:0:0:0:0:0:0:1 - - [25/Mar/2018:15:21:12 +0800] "GET /blog/assets/js/util.js HTTP/1.1" 304 -
0:0:0:0:0:0:0:1 - - [25/Mar/2018:15:21:12 +0800] "GET /blog/assets/js/main.js HTTP/1.1" 304 -
0:0:0:0:0:0:0:1 - - [25/Mar/2018:15:21:12 +0800] "GET /blog/images/pic03.jpg HTTP/1.1" 304 -
0:0:0:0:0:0:0:1 - - [25/Mar/2018:15:21:12 +0800] "GET /blog/images/pic04.jpg HTTP/1.1" 304 -
0:0:0:0:0:0:0:1 - - [25/Mar/2018:15:21:12 +0800] "GET /blog/images/pic05.jpg HTTP/1.1" 304 -
0:0:0:0:0:0:0:1 - - [25/Mar/2018:15:21:12 +0800] "GET /blog/images/pic06.jpg HTTP/1.1" 304 -
0:0:0:0:0:0:0:1 - - [25/Mar/2018:15:21:12 +0800] "GET /blog/images/pic07.jpg HTTP/1.1" 304 -
0:0:0:0:0:0:0:1 - - [25/Mar/2018:15:21:12 +0800] "GET /blog/assets/css/font-awesome.min.css HTTP/1.1" 304 -
0:0:0:0:0:0:0:1 - - [25/Mar/2018:15:21:12 +0800] "GET /blog/images/bg.jpg HTTP/1.1" 304 -
0:0:0:0:0:0:0:1 - - [25/Mar/2018:15:21:12 +0800] "GET /blog/assets/css/images/close.svg HTTP/1.1" 304 -
0:0:0:0:0:0:0:1 - - [25/Mar/2018:15:21:13 +0800] "GET /blog/assets/fonts/fontawesome-webfont.woff2?v=4.4.0 HTTP/1.1" 304 -
0:0:0:0:0:0:0:1 - - [25/Mar/2018:16:17:09 +0800] "GET /blog/index.html HTTP/1.1" 404 306
0:0:0:0:0:0:0:1 - - [25/Mar/2018:16:17:35 +0800] "GET /blog/home HTTP/1.1" 200 7949
0:0:0:0:0:0:0:1 - - [25/Mar/2018:16:17:35 +0800] "GET /blog/assets/css/main.css HTTP/1.1" 304 -
0:0:0:0:0:0:0:1 - - [25/Mar/2018:16:17:35 +0800] "GET /blog/images/pic01.jpg HTTP/1.1" 304 -
0:0:0:0:0:0:0:1 - - [25/Mar/2018:16:17:35 +0800] "GET /blog/lib/ohters/js/skel.min.js HTTP/1.1" 304 -
0:0:0:0:0:0:0:1 - - [25/Mar/2018:16:17:35 +0800] "GET /blog/lib/bootstrap/js/jquery.min.js HTTP/1.1" 304 -
0:0:0:0:0:0:0:1 - - [25/Mar/2018:16:17:35 +0800] "GET /blog/lib/bootstrap/js/bootstrap.min.js HTTP/1.1" 304 -
0:0:0:0:0:0:0:1 - - [25/Mar/2018:16:17:35 +0800] "GET /blog/assets/js/jquery.scrollex.min.js HTTP/1.1" 304 -
0:0:0:0:0:0:0:1 - - [25/Mar/2018:16:17:35 +0800] "GET /blog/assets/js/util.js HTTP/1.1" 304 -
0:0:0:0:0:0:0:1 - - [25/Mar/2018:16:17:35 +0800] "GET /blog/assets/js/main.js HTTP/1.1" 304 -
0:0:0:0:0:0:0:1 - - [25/Mar/2018:16:17:35 +0800] "GET /blog/images/pic02.jpg HTTP/1.1" 304 -
0:0:0:0:0:0:0:1 - - [25/Mar/2018:16:17:35 +0800] "GET /blog/images/pic03.jpg HTTP/1.1" 304 -
0:0:0:0:0:0:0:1 - - [25/Mar/2018:16:17:35 +0800] "GET /blog/images/pic04.jpg HTTP/1.1" 304 -
0:0:0:0:0:0:0:1 - - [25/Mar/2018:16:17:35 +0800] "GET /blog/images/pic05.jpg HTTP/1.1" 304 -
0:0:0:0:0:0:0:1 - - [25/Mar/2018:16:17:35 +0800] "GET /blog/images/pic06.jpg HTTP/1.1" 304 -
0:0:0:0:0:0:0:1 - - [25/Mar/2018:16:17:35 +0800] "GET /blog/images/pic07.jpg HTTP/1.1" 304 -
0:0:0:0:0:0:0:1 - - [25/Mar/2018:16:17:36 +0800] "GET /blog/assets/css/font-awesome.min.css HTTP/1.1" 304 -
0:0:0:0:0:0:0:1 - - [25/Mar/2018:16:17:36 +0800] "GET /blog/images/bg.jpg HTTP/1.1" 304 -
0:0:0:0:0:0:0:1 - - [25/Mar/2018:16:17:36 +0800] "GET /blog/assets/css/images/close.svg HTTP/1.1" 304 -
0:0:0:0:0:0:0:1 - - [25/Mar/2018:16:17:36 +0800] "GET /blog/assets/fonts/fontawesome-webfont.woff2?v=4.4.0 HTTP/1.1" 304 -
0:0:0:0:0:0:0:1 - - [25/Mar/2018:16:17:47 +0800] "GET /blog/home HTTP/1.1" 200 7949
0:0:0:0:0:0:0:1 - - [25/Mar/2018:16:17:54 +0800] "GET /blog/index.html HTTP/1.1" 404 306
0:0:0:0:0:0:0:1 - - [25/Mar/2018:17:10:55 +0800] "GET /blog/index.html HTTP/1.1" 404 306
0:0:0:0:0:0:0:1 - - [25/Mar/2018:17:11:20 +0800] "GET /blog/home HTTP/1.1" 200 7943
0:0:0:0:0:0:0:1 - - [25/Mar/2018:17:11:20 +0800] "GET /blog/images/pic01.jpg HTTP/1.1" 304 -
0:0:0:0:0:0:0:1 - - [25/Mar/2018:17:11:20 +0800] "GET /blog/assets/css/main.css HTTP/1.1" 304 -
0:0:0:0:0:0:0:1 - - [25/Mar/2018:17:11:20 +0800] "GET /blog/lib/ohters/js/skel.min.js HTTP/1.1" 304 -
0:0:0:0:0:0:0:1 - - [25/Mar/2018:17:11:20 +0800] "GET /blog/lib/bootstrap/js/jquery.min.js HTTP/1.1" 304 -
0:0:0:0:0:0:0:1 - - [25/Mar/2018:17:11:20 +0800] "GET /blog/lib/bootstrap/js/bootstrap.min.js HTTP/1.1" 304 -
0:0:0:0:0:0:0:1 - - [25/Mar/2018:17:11:20 +0800] "GET /blog/assets/js/jquery.scrollex.min.js HTTP/1.1" 304 -
0:0:0:0:0:0:0:1 - - [25/Mar/2018:17:11:20 +0800] "GET /blog/assets/js/util.js HTTP/1.1" 304 -
0:0:0:0:0:0:0:1 - - [25/Mar/2018:17:11:20 +0800] "GET /blog/assets/js/main.js HTTP/1.1" 304 -
0:0:0:0:0:0:0:1 - - [25/Mar/2018:17:11:20 +0800] "GET /blog/images/pic02.jpg HTTP/1.1" 304 -
0:0:0:0:0:0:0:1 - - [25/Mar/2018:17:11:20 +0800] "GET /blog/images/pic03.jpg HTTP/1.1" 304 -
0:0:0:0:0:0:0:1 - - [25/Mar/2018:17:11:20 +0800] "GET /blog/images/pic04.jpg HTTP/1.1" 304 -
0:0:0:0:0:0:0:1 - - [25/Mar/2018:17:11:20 +0800] "GET /blog/images/pic05.jpg HTTP/1.1" 304 -
0:0:0:0:0:0:0:1 - - [25/Mar/2018:17:11:20 +0800] "GET /blog/images/pic06.jpg HTTP/1.1" 304 -
0:0:0:0:0:0:0:1 - - [25/Mar/2018:17:11:20 +0800] "GET /blog/images/pic07.jpg HTTP/1.1" 304 -
0:0:0:0:0:0:0:1 - - [25/Mar/2018:17:11:20 +0800] "GET /blog/assets/css/font-awesome.min.css HTTP/1.1" 304 -
0:0:0:0:0:0:0:1 - - [25/Mar/2018:17:11:20 +0800] "GET /blog/images/bg.jpg HTTP/1.1" 304 -
0:0:0:0:0:0:0:1 - - [25/Mar/2018:17:11:20 +0800] "GET /blog/assets/css/images/close.svg HTTP/1.1" 304 -
0:0:0:0:0:0:0:1 - - [25/Mar/2018:17:11:20 +0800] "GET /blog/assets/fonts/fontawesome-webfont.woff2?v=4.4.0 HTTP/1.1" 304 -
0:0:0:0:0:0:0:1 - - [25/Mar/2018:17:11:32 +0800] "GET /blog/home HTTP/1.1" 200 7943
0:0:0:0:0:0:0:1 - - [25/Mar/2018:17:13:18 +0800] "GET /blog/home HTTP/1.1" 200 7943
0:0:0:0:0:0:0:1 - - [25/Mar/2018:17:13:22 +0800] "GET /blog/home HTTP/1.1" 200 7974
0:0:0:0:0:0:0:1 - - [25/Mar/2018:17:15:54 +0800] "GET /aticle HTTP/1.1" 404 -
0:0:0:0:0:0:0:1 - - [25/Mar/2018:17:29:01 +0800] "GET /blog/home HTTP/1.1" 200 7979
0:0:0:0:0:0:0:1 - - [25/Mar/2018:17:29:01 +0800] "GET /blog/assets/css/main.css HTTP/1.1" 304 -
0:0:0:0:0:0:0:1 - - [25/Mar/2018:17:29:01 +0800] "GET /blog/images/pic01.jpg HTTP/1.1" 304 -
0:0:0:0:0:0:0:1 - - [25/Mar/2018:17:29:01 +0800] "GET /blog/lib/ohters/js/skel.min.js HTTP/1.1" 304 -
0:0:0:0:0:0:0:1 - - [25/Mar/2018:17:29:01 +0800] "GET /blog/assets/js/jquery.scrollex.min.js HTTP/1.1" 304 -
0:0:0:0:0:0:0:1 - - [25/Mar/2018:17:29:01 +0800] "GET /blog/assets/js/util.js HTTP/1.1" 304 -
0:0:0:0:0:0:0:1 - - [25/Mar/2018:17:29:02 +0800] "GET /blog/assets/js/main.js HTTP/1.1" 304 -
0:0:0:0:0:0:0:1 - - [25/Mar/2018:17:29:02 +0800] "GET /blog/images/pic02.jpg HTTP/1.1" 304 -
0:0:0:0:0:0:0:1 - - [25/Mar/2018:17:29:02 +0800] "GET /blog/images/pic03.jpg HTTP/1.1" 304 -
0:0:0:0:0:0:0:1 - - [25/Mar/2018:17:29:02 +0800] "GET /blog/images/pic04.jpg HTTP/1.1" 304 -
0:0:0:0:0:0:0:1 - - [25/Mar/2018:17:29:02 +0800] "GET /blog/images/pic05.jpg HTTP/1.1" 304 -
0:0:0:0:0:0:0:1 - - [25/Mar/2018:17:29:02 +0800] "GET /blog/images/pic06.jpg HTTP/1.1" 304 -
0:0:0:0:0:0:0:1 - - [25/Mar/2018:17:29:02 +0800] "GET /blog/images/pic07.jpg HTTP/1.1" 304 -
0:0:0:0:0:0:0:1 - - [25/Mar/2018:17:29:02 +0800] "GET /blog/assets/css/font-awesome.min.css HTTP/1.1" 304 -
0:0:0:0:0:0:0:1 - - [25/Mar/2018:17:29:02 +0800] "GET /blog/images/bg.jpg HTTP/1.1" 304 -
0:0:0:0:0:0:0:1 - - [25/Mar/2018:17:29:02 +0800] "GET /blog/assets/css/images/close.svg HTTP/1.1" 304 -
0:0:0:0:0:0:0:1 - - [25/Mar/2018:17:29:02 +0800] "GET /blog/assets/fonts/fontawesome-webfont.woff2?v=4.4.0 HTTP/1.1" 304 -
0:0:0:0:0:0:0:1 - - [25/Mar/2018:17:29:03 +0800] "GET /aticle/home HTTP/1.1" 404 -
0:0:0:0:0:0:0:1 - - [25/Mar/2018:17:30:29 +0800] "GET /aticle/home HTTP/1.1" 404 -
0:0:0:0:0:0:0:1 - - [25/Mar/2018:17:30:32 +0800] "GET /aticles/home HTTP/1.1" 404 -
0:0:0:0:0:0:0:1 - - [25/Mar/2018:17:30:40 +0800] "GET /blog/aticles/home HTTP/1.1" 200 12658
0:0:0:0:0:0:0:1 - - [25/Mar/2018:17:30:40 +0800] "GET /blog/aticles/lib/bootstrap/css/bootstrap.min.css HTTP/1.1" 404 163
0:0:0:0:0:0:0:1 - - [25/Mar/2018:17:30:40 +0800] "GET /blog/aticles/lib/bootstrap/css/font-awesome/css/font-awesome.min.css HTTP/1.1" 404 183
0:0:0:0:0:0:0:1 - - [25/Mar/2018:17:30:40 +0800] "GET /blog/aticles/assets/css/style.css HTTP/1.1" 404 148
0:0:0:0:0:0:0:1 - - [25/Mar/2018:17:30:40 +0800] "GET /blog/aticles/lib/bootstrap/js/jquery.min.js HTTP/1.1" 404 158
0:0:0:0:0:0:0:1 - - [25/Mar/2018:17:30:40 +0800] "GET /blog/aticles/lib/bootstrap/js/bootstrap.min.js HTTP/1.1" 404 161
0:0:0:0:0:0:0:1 - - [25/Mar/2018:17:30:40 +0800] "GET /blog/aticles/lib/bootstrap/js/modernizr.js HTTP/1.1" 404 157
0:0:0:0:0:0:0:1 - - [25/Mar/2018:17:30:41 +0800] "GET /blog/aticles/img/logo.png HTTP/1.1" 404 140
0:0:0:0:0:0:0:1 - - [25/Mar/2018:17:30:41 +0800] "GET /blog/aticles/img/1.jpg HTTP/1.1" 404 137
0:0:0:0:0:0:0:1 - - [25/Mar/2018:17:30:41 +0800] "GET /blog/aticles/img/2.jpg HTTP/1.1" 404 137
0:0:0:0:0:0:0:1 - - [25/Mar/2018:17:30:41 +0800] "GET /blog/aticles/img/3.jpg HTTP/1.1" 404 137
0:0:0:0:0:0:0:1 - - [25/Mar/2018:17:30:41 +0800] "GET /blog/aticles/img/4.jpg HTTP/1.1" 404 137
0:0:0:0:0:0:0:1 - - [25/Mar/2018:17:30:41 +0800] "GET /blog/aticles/lib/bootstrap/js/bootstrap.min.js HTTP/1.1" 404 161
0:0:0:0:0:0:0:1 - - [25/Mar/2018:17:30:41 +0800] "GET /blog/aticles/lib/bootstrap/js/modernizr.js HTTP/1.1" 404 157
0:0:0:0:0:0:0:1 - - [25/Mar/2018:17:30:54 +0800] "GET /blog/ HTTP/1.1" 404 306
0:0:0:0:0:0:0:1 - - [25/Mar/2018:17:30:58 +0800] "GET /blog/home HTTP/1.1" 200 7980
0:0:0:0:0:0:0:1 - - [25/Mar/2018:17:30:58 +0800] "GET /blog/lib/bootstrap/js/jquery.min.js HTTP/1.1" 304 -
0:0:0:0:0:0:0:1 - - [25/Mar/2018:17:30:58 +0800] "GET /blog/lib/bootstrap/js/bootstrap.min.js HTTP/1.1" 304 -
0:0:0:0:0:0:0:1 - - [25/Mar/2018:17:31:04 +0800] "GET /aticle HTTP/1.1" 404 -
0:0:0:0:0:0:0:1 - - [25/Mar/2018:17:35:13 +0800] "GET /blog/home HTTP/1.1" 200 7985
0:0:0:0:0:0:0:1 - - [25/Mar/2018:17:35:24 +0800] "GET /blog/home HTTP/1.1" 200 7985
0:0:0:0:0:0:0:1 - - [25/Mar/2018:17:35:27 +0800] "GET /blog/home HTTP/1.1" 200 7985
0:0:0:0:0:0:0:1 - - [25/Mar/2018:17:35:34 +0800] "GET /blog/home HTTP/1.1" 200 7985
0:0:0:0:0:0:0:1 - - [25/Mar/2018:17:35:39 +0800] "GET /blog/@%7B%7Bassets/css/main.css%7D%7D HTTP/1.1" 404 306
0:0:0:0:0:0:0:1 - - [25/Mar/2018:17:35:48 +0800] "GET /blog/home HTTP/1.1" 200 7985
0:0:0:0:0:0:0:1 - - [25/Mar/2018:17:35:52 +0800] "GET /blog/home HTTP/1.1" 200 7985
0:0:0:0:0:0:0:1 - - [25/Mar/2018:17:35:52 +0800] "GET /blog/@%7B%7Bassets/css/main.css%7D%7D HTTP/1.1" 404 152
0:0:0:0:0:0:0:1 - - [25/Mar/2018:17:36:21 +0800] "GET /blog/home HTTP/1.1" 200 7983
0:0:0:0:0:0:0:1 - - [25/Mar/2018:17:36:35 +0800] "GET /blog/home HTTP/1.1" 200 7983
0:0:0:0:0:0:0:1 - - [25/Mar/2018:17:41:33 +0800] "GET /blog/home HTTP/1.1" 200 7998
0:0:0:0:0:0:0:1 - - [25/Mar/2018:17:42:21 +0800] "GET /blog/home HTTP/1.1" 200 8011
0:0:0:0:0:0:0:1 - - [25/Mar/2018:17:43:13 +0800] "GET /blog/home HTTP/1.1" 200 8011
0:0:0:0:0:0:0:1 - - [25/Mar/2018:17:46:02 +0800] "GET /blog/home HTTP/1.1" 500 388
0:0:0:0:0:0:0:1 - - [25/Mar/2018:17:46:12 +0800] "GET /blog/home HTTP/1.1" 500 388
0:0:0:0:0:0:0:1 - - [25/Mar/2018:17:47:19 +0800] "GET /blog/home HTTP/1.1" 200 8000
0:0:0:0:0:0:0:1 - - [25/Mar/2018:17:47:19 +0800] "GET /blog/images/pic01.jpg HTTP/1.1" 304 -
0:0:0:0:0:0:0:1 - - [25/Mar/2018:17:47:19 +0800] "GET /blog/%7BcontextPath%7D/assets/css/main.css HTTP/1.1" 404 157
0:0:0:0:0:0:0:1 - - [25/Mar/2018:17:47:19 +0800] "GET /blog/lib/ohters/js/skel.min.js HTTP/1.1" 304 -
0:0:0:0:0:0:0:1 - - [25/Mar/2018:17:47:19 +0800] "GET /blog/assets/js/jquery.scrollex.min.js HTTP/1.1" 304 -
0:0:0:0:0:0:0:1 - - [25/Mar/2018:17:47:19 +0800] "GET /blog/assets/js/util.js HTTP/1.1" 304 -
0:0:0:0:0:0:0:1 - - [25/Mar/2018:17:47:19 +0800] "GET /blog/assets/js/main.js HTTP/1.1" 304 -
0:0:0:0:0:0:0:1 - - [25/Mar/2018:17:47:19 +0800] "GET /blog/images/pic02.jpg HTTP/1.1" 304 -
0:0:0:0:0:0:0:1 - - [25/Mar/2018:17:47:19 +0800] "GET /blog/images/pic03.jpg HTTP/1.1" 304 -
0:0:0:0:0:0:0:1 - - [25/Mar/2018:17:47:19 +0800] "GET /blog/images/pic04.jpg HTTP/1.1" 304 -
0:0:0:0:0:0:0:1 - - [25/Mar/2018:17:47:19 +0800] "GET /blog/images/pic05.jpg HTTP/1.1" 304 -
0:0:0:0:0:0:0:1 - - [25/Mar/2018:17:47:19 +0800] "GET /blog/images/pic06.jpg HTTP/1.1" 304 -
0:0:0:0:0:0:0:1 - - [25/Mar/2018:17:47:19 +0800] "GET /blog/images/pic07.jpg HTTP/1.1" 304 -
0:0:0:0:0:0:0:1 - - [25/Mar/2018:17:47:25 +0800] "GET /blog/home HTTP/1.1" 200 8000
0:0:0:0:0:0:0:1 - - [25/Mar/2018:17:48:41 +0800] "GET /blog/home HTTP/1.1" 200 8000
0:0:0:0:0:0:0:1 - - [25/Mar/2018:17:48:48 +0800] "GET /blog/home HTTP/1.1" 200 7986
0:0:0:0:0:0:0:1 - - [25/Mar/2018:22:41:54 +0800] "GET /blog/home HTTP/1.1" 200 7986
0:0:0:0:0:0:0:1 - - [25/Mar/2018:22:41:55 +0800] "GET /blog/images/pic01.jpg HTTP/1.1" 304 -
0:0:0:0:0:0:0:1 - - [25/Mar/2018:22:41:55 +0800] "GET /blog/assets/css/main.css HTTP/1.1" 304 -
0:0:0:0:0:0:0:1 - - [25/Mar/2018:22:41:55 +0800] "GET /blog/lib/ohters/js/skel.min.js HTTP/1.1" 304 -
0:0:0:0:0:0:0:1 - - [25/Mar/2018:22:41:55 +0800] "GET /blog/lib/bootstrap/js/jquery.min.js HTTP/1.1" 304 -
0:0:0:0:0:0:0:1 - - [25/Mar/2018:22:41:55 +0800] "GET /blog/lib/bootstrap/js/bootstrap.min.js HTTP/1.1" 304 -
0:0:0:0:0:0:0:1 - - [25/Mar/2018:22:41:55 +0800] "GET /blog/assets/js/jquery.scrollex.min.js HTTP/1.1" 304 -
0:0:0:0:0:0:0:1 - - [25/Mar/2018:22:41:55 +0800] "GET /blog/assets/js/util.js HTTP/1.1" 304 -
0:0:0:0:0:0:0:1 - - [25/Mar/2018:22:41:55 +0800] "GET /blog/assets/js/main.js HTTP/1.1" 304 -
0:0:0:0:0:0:0:1 - - [25/Mar/2018:22:41:55 +0800] "GET /blog/images/pic02.jpg HTTP/1.1" 304 -
0:0:0:0:0:0:0:1 - - [25/Mar/2018:22:41:55 +0800] "GET /blog/images/pic03.jpg HTTP/1.1" 304 -
0:0:0:0:0:0:0:1 - - [25/Mar/2018:22:41:55 +0800] "GET /blog/images/pic04.jpg HTTP/1.1" 304 -
0:0:0:0:0:0:0:1 - - [25/Mar/2018:22:41:55 +0800] "GET /blog/assets/css/font-awesome.min.css HTTP/1.1" 304 -
0:0:0:0:0:0:0:1 - - [25/Mar/2018:22:41:55 +0800] "GET /blog/images/pic05.jpg HTTP/1.1" 304 -
0:0:0:0:0:0:0:1 - - [25/Mar/2018:22:41:55 +0800] "GET /blog/images/pic07.jpg HTTP/1.1" 304 -
0:0:0:0:0:0:0:1 - - [25/Mar/2018:22:41:55 +0800] "GET /blog/images/pic06.jpg HTTP/1.1" 304 -
0:0:0:0:0:0:0:1 - - [25/Mar/2018:22:41:55 +0800] "GET /blog/images/bg.jpg HTTP/1.1" 304 -
0:0:0:0:0:0:0:1 - - [25/Mar/2018:22:41:55 +0800] "GET /blog/assets/css/images/close.svg HTTP/1.1" 304 -
0:0:0:0:0:0:0:1 - - [25/Mar/2018:22:41:55 +0800] "GET /blog/assets/fonts/fontawesome-webfont.woff2?v=4.4.0 HTTP/1.1" 304 -
0:0:0:0:0:0:0:1 - - [25/Mar/2018:22:42:23 +0800] "GET /aticles/home HTTP/1.1" 404 -
0:0:0:0:0:0:0:1 - - [25/Mar/2018:22:42:37 +0800] "GET /blog/aticles/home HTTP/1.1" 200 12664
0:0:0:0:0:0:0:1 - - [25/Mar/2018:22:42:37 +0800] "GET /blog/aticles/lib/bootstrap/css/font-awesome/css/font-awesome.min.css HTTP/1.1" 404 183
0:0:0:0:0:0:0:1 - - [25/Mar/2018:22:42:37 +0800] "GET /blog/aticles/@%7B%7Blib/bootstrap/css/bootstrap.min.css%7D%7D/ HTTP/1.1" 404 177
0:0:0:0:0:0:0:1 - - [25/Mar/2018:22:42:37 +0800] "GET /blog/aticles/assets/css/style.css HTTP/1.1" 404 148
0:0:0:0:0:0:0:1 - - [25/Mar/2018:22:42:37 +0800] "GET /blog/aticles/lib/bootstrap/js/jquery.min.js HTTP/1.1" 404 158
0:0:0:0:0:0:0:1 - - [25/Mar/2018:22:42:37 +0800] "GET /blog/aticles/lib/bootstrap/js/bootstrap.min.js HTTP/1.1" 404 161
0:0:0:0:0:0:0:1 - - [25/Mar/2018:22:42:37 +0800] "GET /blog/aticles/lib/bootstrap/js/modernizr.js HTTP/1.1" 404 157
0:0:0:0:0:0:0:1 - - [25/Mar/2018:22:42:37 +0800] "GET /blog/aticles/img/logo.png HTTP/1.1" 404 140
0:0:0:0:0:0:0:1 - - [25/Mar/2018:22:42:37 +0800] "GET /blog/aticles/img/1.jpg HTTP/1.1" 404 137
0:0:0:0:0:0:0:1 - - [25/Mar/2018:22:42:37 +0800] "GET /blog/aticles/img/2.jpg HTTP/1.1" 404 137
0:0:0:0:0:0:0:1 - - [25/Mar/2018:22:42:37 +0800] "GET /blog/aticles/img/3.jpg HTTP/1.1" 404 137
0:0:0:0:0:0:0:1 - - [25/Mar/2018:22:42:37 +0800] "GET /blog/aticles/img/4.jpg HTTP/1.1" 404 137
0:0:0:0:0:0:0:1 - - [25/Mar/2018:22:42:37 +0800] "GET /blog/aticles/lib/bootstrap/js/jquery.min.js HTTP/1.1" 404 158
0:0:0:0:0:0:0:1 - - [25/Mar/2018:22:42:37 +0800] "GET /blog/aticles/lib/bootstrap/js/bootstrap.min.js HTTP/1.1" 404 161
0:0:0:0:0:0:0:1 - - [25/Mar/2018:22:42:37 +0800] "GET /blog/aticles/lib/bootstrap/js/modernizr.js HTTP/1.1" 404 157
0:0:0:0:0:0:0:1 - - [25/Mar/2018:22:59:19 +0800] "GET /blog/aticles/home HTTP/1.1" 200 12664
0:0:0:0:0:0:0:1 - - [25/Mar/2018:22:59:20 +0800] "GET /blog/aticles/assets/css/style.css HTTP/1.1" 404 148
0:0:0:0:0:0:0:1 - - [25/Mar/2018:22:59:20 +0800] "GET /blog/aticles/@%7B%7Blib/bootstrap/css/bootstrap.min.css%7D%7D/ HTTP/1.1" 404 177
0:0:0:0:0:0:0:1 - - [25/Mar/2018:22:59:20 +0800] "GET /blog/aticles/lib/bootstrap/css/font-awesome/css/font-awesome.min.css HTTP/1.1" 404 183
0:0:0:0:0:0:0:1 - - [25/Mar/2018:22:59:20 +0800] "GET /blog/aticles/lib/bootstrap/js/jquery.min.js HTTP/1.1" 404 158
0:0:0:0:0:0:0:1 - - [25/Mar/2018:22:59:20 +0800] "GET /blog/aticles/lib/bootstrap/js/bootstrap.min.js HTTP/1.1" 404 161
0:0:0:0:0:0:0:1 - - [25/Mar/2018:22:59:20 +0800] "GET /blog/aticles/lib/bootstrap/js/modernizr.js HTTP/1.1" 404 157
0:0:0:0:0:0:0:1 - - [25/Mar/2018:22:59:20 +0800] "GET /blog/aticles/img/logo.png HTTP/1.1" 404 140
0:0:0:0:0:0:0:1 - - [25/Mar/2018:22:59:20 +0800] "GET /blog/aticles/img/1.jpg HTTP/1.1" 404 137
0:0:0:0:0:0:0:1 - - [25/Mar/2018:22:59:20 +0800] "GET /blog/aticles/img/4.jpg HTTP/1.1" 404 137
0:0:0:0:0:0:0:1 - - [25/Mar/2018:22:59:20 +0800] "GET /blog/aticles/img/2.jpg HTTP/1.1" 404 137
0:0:0:0:0:0:0:1 - - [25/Mar/2018:22:59:20 +0800] "GET /blog/aticles/img/3.jpg HTTP/1.1" 404 137
0:0:0:0:0:0:0:1 - - [25/Mar/2018:22:59:20 +0800] "GET /blog/aticles/lib/bootstrap/js/jquery.min.js HTTP/1.1" 404 158
0:0:0:0:0:0:0:1 - - [25/Mar/2018:22:59:20 +0800] "GET /blog/aticles/lib/bootstrap/js/bootstrap.min.js HTTP/1.1" 404 161
0:0:0:0:0:0:0:1 - - [25/Mar/2018:22:59:20 +0800] "GET /blog/aticles/lib/bootstrap/js/modernizr.js HTTP/1.1" 404 157
0:0:0:0:0:0:0:1 - - [25/Mar/2018:22:59:29 +0800] "GET /blog/aticles/@%7B%7Blib/bootstrap/css/bootstrap.min.css%7D%7D/ HTTP/1.1" 404 177
0:0:0:0:0:0:0:1 - - [25/Mar/2018:22:59:29 +0800] "GET /blog/aticles/lib/bootstrap/css/font-awesome/css/font-awesome.min.css HTTP/1.1" 404 183
0:0:0:0:0:0:0:1 - - [25/Mar/2018:22:59:29 +0800] "GET /blog/aticles/assets/css/style.css HTTP/1.1" 404 148
0:0:0:0:0:0:0:1 - - [25/Mar/2018:23:03:35 +0800] "GET /blog/aticles/home HTTP/1.1" 200 12682
0:0:0:0:0:0:0:1 - - [25/Mar/2018:23:03:35 +0800] "GET /blog/aticles/lib/bootstrap/css/bootstrap.min.css HTTP/1.1" 404 163
0:0:0:0:0:0:0:1 - - [25/Mar/2018:23:03:35 +0800] "GET /blog/aticles/lib/bootstrap/css/font-awesome/css/font-awesome.min.css HTTP/1.1" 404 183
0:0:0:0:0:0:0:1 - - [25/Mar/2018:23:03:35 +0800] "GET /blog/aticles/assets/css/style.css HTTP/1.1" 404 148
0:0:0:0:0:0:0:1 - - [25/Mar/2018:23:03:35 +0800] "GET /blog/aticles/img/logo.png HTTP/1.1" 404 140
0:0:0:0:0:0:0:1 - - [25/Mar/2018:23:03:35 +0800] "GET /blog/aticles/lib/bootstrap/js/jquery.min.js HTTP/1.1" 404 158
0:0:0:0:0:0:0:1 - - [25/Mar/2018:23:03:35 +0800] "GET /blog/aticles/lib/bootstrap/js/bootstrap.min.js HTTP/1.1" 404 161
0:0:0:0:0:0:0:1 - - [25/Mar/2018:23:03:35 +0800] "GET /blog/aticles/lib/bootstrap/js/modernizr.js HTTP/1.1" 404 157
0:0:0:0:0:0:0:1 - - [25/Mar/2018:23:03:35 +0800] "GET /blog/aticles/img/1.jpg HTTP/1.1" 404 137
0:0:0:0:0:0:0:1 - - [25/Mar/2018:23:03:35 +0800] "GET /blog/aticles/img/2.jpg HTTP/1.1" 404 137
0:0:0:0:0:0:0:1 - - [25/Mar/2018:23:03:35 +0800] "GET /blog/aticles/img/3.jpg HTTP/1.1" 404 137
0:0:0:0:0:0:0:1 - - [25/Mar/2018:23:03:35 +0800] "GET /blog/aticles/img/4.jpg HTTP/1.1" 404 137
0:0:0:0:0:0:0:1 - - [25/Mar/2018:23:03:36 +0800] "GET /blog/aticles/lib/bootstrap/js/jquery.min.js HTTP/1.1" 404 158
0:0:0:0:0:0:0:1 - - [25/Mar/2018:23:03:36 +0800] "GET /blog/aticles/lib/bootstrap/js/bootstrap.min.js HTTP/1.1" 404 161
0:0:0:0:0:0:0:1 - - [25/Mar/2018:23:03:36 +0800] "GET /blog/aticles/lib/bootstrap/js/modernizr.js HTTP/1.1" 404 157
0:0:0:0:0:0:0:1 - - [25/Mar/2018:23:03:44 +0800] "GET /blog/aticles/home HTTP/1.1" 200 12682
0:0:0:0:0:0:0:1 - - [25/Mar/2018:23:04:14 +0800] "GET /blog/aticles/home HTTP/1.1" 200 12682
0:0:0:0:0:0:0:1 - - [25/Mar/2018:23:04:14 +0800] "GET /blog/aticles/lib/bootstrap/css/bootstrap.min.css HTTP/1.1" 404 163
0:0:0:0:0:0:0:1 - - [25/Mar/2018:23:04:14 +0800] "GET /blog/aticles/lib/bootstrap/css/font-awesome/css/font-awesome.min.css HTTP/1.1" 404 183
0:0:0:0:0:0:0:1 - - [25/Mar/2018:23:04:14 +0800] "GET /blog/aticles/assets/css/style.css HTTP/1.1" 404 148
0:0:0:0:0:0:0:1 - - [25/Mar/2018:23:04:14 +0800] "GET /blog/aticles/img/logo.png HTTP/1.1" 404 140
0:0:0:0:0:0:0:1 - - [25/Mar/2018:23:04:14 +0800] "GET /blog/aticles/lib/bootstrap/js/jquery.min.js HTTP/1.1" 404 158
0:0:0:0:0:0:0:1 - - [25/Mar/2018:23:04:14 +0800] "GET /blog/aticles/lib/bootstrap/js/bootstrap.min.js HTTP/1.1" 404 161
0:0:0:0:0:0:0:1 - - [25/Mar/2018:23:04:14 +0800] "GET /blog/aticles/lib/bootstrap/js/modernizr.js HTTP/1.1" 404 157
0:0:0:0:0:0:0:1 - - [25/Mar/2018:23:04:14 +0800] "GET /blog/aticles/img/1.jpg HTTP/1.1" 404 137
0:0:0:0:0:0:0:1 - - [25/Mar/2018:23:04:14 +0800] "GET /blog/aticles/img/2.jpg HTTP/1.1" 404 137
0:0:0:0:0:0:0:1 - - [25/Mar/2018:23:04:14 +0800] "GET /blog/aticles/img/3.jpg HTTP/1.1" 404 137
0:0:0:0:0:0:0:1 - - [25/Mar/2018:23:04:14 +0800] "GET /blog/aticles/img/4.jpg HTTP/1.1" 404 137
0:0:0:0:0:0:0:1 - - [25/Mar/2018:23:04:14 +0800] "GET /blog/aticles/lib/bootstrap/js/jquery.min.js HTTP/1.1" 404 158
0:0:0:0:0:0:0:1 - - [25/Mar/2018:23:04:14 +0800] "GET /blog/aticles/lib/bootstrap/js/bootstrap.min.js HTTP/1.1" 404 161
0:0:0:0:0:0:0:1 - - [25/Mar/2018:23:04:15 +0800] "GET /blog/aticles/lib/bootstrap/js/modernizr.js HTTP/1.1" 404 157
0:0:0:0:0:0:0:1 - - [25/Mar/2018:23:05:03 +0800] "GET /blog/aticles/home HTTP/1.1" 200 12700
0:0:0:0:0:0:0:1 - - [25/Mar/2018:23:05:07 +0800] "GET /blog/aticles/home HTTP/1.1" 200 12700
0:0:0:0:0:0:0:1 - - [25/Mar/2018:23:05:07 +0800] "GET /blog/lib/bootstrap/css/font-awesome/css/font-awesome.min.css HTTP/1.1" 304 -
0:0:0:0:0:0:0:1 - - [25/Mar/2018:23:05:07 +0800] "GET /blog/lib/bootstrap/css/bootstrap.min.css HTTP/1.1" 304 -
0:0:0:0:0:0:0:1 - - [25/Mar/2018:23:05:07 +0800] "GET /blog/assets/css/style.css HTTP/1.1" 304 -
0:0:0:0:0:0:0:1 - - [25/Mar/2018:23:05:07 +0800] "GET /blog/aticles/lib/bootstrap/js/jquery.min.js HTTP/1.1" 404 158
0:0:0:0:0:0:0:1 - - [25/Mar/2018:23:05:07 +0800] "GET /blog/aticles/lib/bootstrap/js/bootstrap.min.js HTTP/1.1" 404 161
0:0:0:0:0:0:0:1 - - [25/Mar/2018:23:05:08 +0800] "GET /blog/aticles/lib/bootstrap/js/modernizr.js HTTP/1.1" 404 157
0:0:0:0:0:0:0:1 - - [25/Mar/2018:23:05:08 +0800] "GET /blog/aticles/img/logo.png HTTP/1.1" 404 140
0:0:0:0:0:0:0:1 - - [25/Mar/2018:23:05:08 +0800] "GET /blog/aticles/img/1.jpg HTTP/1.1" 404 137
0:0:0:0:0:0:0:1 - - [25/Mar/2018:23:05:08 +0800] "GET /blog/aticles/img/2.jpg HTTP/1.1" 404 137
0:0:0:0:0:0:0:1 - - [25/Mar/2018:23:05:08 +0800] "GET /blog/aticles/img/3.jpg HTTP/1.1" 404 137
0:0:0:0:0:0:0:1 - - [25/Mar/2018:23:05:08 +0800] "GET /blog/aticles/lib/bootstrap/js/jquery.min.js HTTP/1.1" 404 158
0:0:0:0:0:0:0:1 - - [25/Mar/2018:23:05:08 +0800] "GET /blog/aticles/img/4.jpg HTTP/1.1" 404 137
0:0:0:0:0:0:0:1 - - [25/Mar/2018:23:05:08 +0800] "GET /blog/lib/bootstrap/css/font-awesome/fonts/fontawesome-webfont.woff2?v=4.3.0 HTTP/1.1" 304 -
0:0:0:0:0:0:0:1 - - [25/Mar/2018:23:05:08 +0800] "GET /blog/aticles/lib/bootstrap/js/bootstrap.min.js HTTP/1.1" 404 161
0:0:0:0:0:0:0:1 - - [25/Mar/2018:23:05:08 +0800] "GET /blog/aticles/lib/bootstrap/js/modernizr.js HTTP/1.1" 404 157
0:0:0:0:0:0:0:1 - - [25/Mar/2018:23:05:37 +0800] "GET /blog/aticles/home HTTP/1.1" 200 12718
0:0:0:0:0:0:0:1 - - [25/Mar/2018:23:05:37 +0800] "GET /blog/lib/bootstrap/js/modernizr.js HTTP/1.1" 304 -
0:0:0:0:0:0:0:1 - - [25/Mar/2018:23:05:37 +0800] "GET /blog/aticles/img/logo.png HTTP/1.1" 404 140
0:0:0:0:0:0:0:1 - - [25/Mar/2018:23:05:37 +0800] "GET /blog/aticles/img/1.jpg HTTP/1.1" 404 137
0:0:0:0:0:0:0:1 - - [25/Mar/2018:23:05:37 +0800] "GET /blog/aticles/img/2.jpg HTTP/1.1" 404 137
0:0:0:0:0:0:0:1 - - [25/Mar/2018:23:05:37 +0800] "GET /blog/aticles/img/3.jpg HTTP/1.1" 404 137
0:0:0:0:0:0:0:1 - - [25/Mar/2018:23:05:37 +0800] "GET /blog/aticles/img/4.jpg HTTP/1.1" 404 137
0:0:0:0:0:0:0:1 - - [25/Mar/2018:23:07:32 +0800] "GET /blog/aticles/index.html HTTP/1.1" 404 306
0:0:0:0:0:0:0:1 - - [25/Mar/2018:23:07:45 +0800] "GET /blog/home HTTP/1.1" 200 7981
0:0:0:0:0:0:0:1 - - [25/Mar/2018:23:07:55 +0800] "GET /blog/about/home HTTP/1.1" 200 41351
0:0:0:0:0:0:0:1 - - [25/Mar/2018:23:07:55 +0800] "GET /blog/about/assets/css/main.css HTTP/1.1" 404 145
0:0:0:0:0:0:0:1 - - [25/Mar/2018:23:07:55 +0800] "GET /blog/about/assets/css/about/base.css HTTP/1.1" 404 151
0:0:0:0:0:0:0:1 - - [25/Mar/2018:23:07:55 +0800] "GET /blog/about/assets/css/about/main.css HTTP/1.1" 404 151
0:0:0:0:0:0:0:1 - - [25/Mar/2018:23:07:55 +0800] "GET /blog/about/assets/css/about/vendor.css HTTP/1.1" 404 153
0:0:0:0:0:0:0:1 - - [25/Mar/2018:23:07:55 +0800] "GET /blog/about/lib/ohters/js/skel.min.js HTTP/1.1" 404 151
0:0:0:0:0:0:0:1 - - [25/Mar/2018:23:07:55 +0800] "GET /blog/about/lib/bootstrap/js/jquery.min.js HTTP/1.1" 404 156
0:0:0:0:0:0:0:1 - - [25/Mar/2018:23:07:55 +0800] "GET /blog/about/lib/bootstrap/js/bootstrap.min.js HTTP/1.1" 404 159
0:0:0:0:0:0:0:1 - - [25/Mar/2018:23:07:55 +0800] "GET /blog/about/assets/js/jquery.scrollex.min.js HTTP/1.1" 404 158
0:0:0:0:0:0:0:1 - - [25/Mar/2018:23:07:55 +0800] "GET /blog/about/assets/js/util.js HTTP/1.1" 404 143
0:0:0:0:0:0:0:1 - - [25/Mar/2018:23:07:55 +0800] "GET /blog/about/assets/js/main.js HTTP/1.1" 404 143
0:0:0:0:0:0:0:1 - - [25/Mar/2018:23:07:55 +0800] "GET /blog/about/images/profile-pic.jpg HTTP/1.1" 404 148
0:0:0:0:0:0:0:1 - - [25/Mar/2018:23:07:55 +0800] "GET /blog/about/images/portfolio/liberty.jpg HTTP/1.1" 404 154
0:0:0:0:0:0:0:1 - - [25/Mar/2018:23:07:55 +0800] "GET /blog/about/images/portfolio/shutterbug.jpg HTTP/1.1" 404 157
0:0:0:0:0:0:0:1 - - [25/Mar/2018:23:07:55 +0800] "GET /blog/about/images/portfolio/clouds.jpg HTTP/1.1" 404 153
0:0:0:0:0:0:0:1 - - [25/Mar/2018:23:07:55 +0800] "GET /blog/about/images/portfolio/beetle.jpg HTTP/1.1" 404 153
0:0:0:0:0:0:0:1 - - [25/Mar/2018:23:07:55 +0800] "GET /blog/about/images/portfolio/lighthouse.jpg HTTP/1.1" 404 157
0:0:0:0:0:0:0:1 - - [25/Mar/2018:23:07:55 +0800] "GET /blog/about/images/portfolio/salad.jpg HTTP/1.1" 404 152
0:0:0:0:0:0:0:1 - - [25/Mar/2018:23:07:55 +0800] "GET /blog/about/images/portfolio/modals/m-liberty.jpg HTTP/1.1" 404 163
0:0:0:0:0:0:0:1 - - [25/Mar/2018:23:07:55 +0800] "GET /blog/about/images/portfolio/modals/m-shutterbug.jpg HTTP/1.1" 404 166
0:0:0:0:0:0:0:1 - - [25/Mar/2018:23:07:55 +0800] "GET /blog/about/images/portfolio/modals/m-clouds.jpg HTTP/1.1" 404 162
0:0:0:0:0:0:0:1 - - [25/Mar/2018:23:07:55 +0800] "GET /blog/about/images/portfolio/modals/m-beetle.jpg HTTP/1.1" 404 162
0:0:0:0:0:0:0:1 - - [25/Mar/2018:23:07:55 +0800] "GET /blog/about/images/portfolio/modals/m-lighthouse.jpg HTTP/1.1" 404 166
0:0:0:0:0:0:0:1 - - [25/Mar/2018:23:07:55 +0800] "GET /blog/about/images/portfolio/modals/m-salad.jpg HTTP/1.1" 404 161
0:0:0:0:0:0:0:1 - - [25/Mar/2018:23:07:55 +0800] "GET /blog/about/lib/ohters/js/skel.min.js HTTP/1.1" 404 151
0:0:0:0:0:0:0:1 - - [25/Mar/2018:23:07:55 +0800] "GET /blog/about/lib/bootstrap/js/jquery.min.js HTTP/1.1" 404 156
0:0:0:0:0:0:0:1 - - [25/Mar/2018:23:07:55 +0800] "GET /blog/about/lib/bootstrap/js/bootstrap.min.js HTTP/1.1" 404 159
0:0:0:0:0:0:0:1 - - [25/Mar/2018:23:07:55 +0800] "GET /blog/about/assets/js/jquery.scrollex.min.js HTTP/1.1" 404 158
0:0:0:0:0:0:0:1 - - [25/Mar/2018:23:07:55 +0800] "GET /blog/about/assets/js/util.js HTTP/1.1" 404 143
0:0:0:0:0:0:0:1 - - [25/Mar/2018:23:07:55 +0800] "GET /blog/about/assets/js/main.js HTTP/1.1" 404 143
0:0:0:0:0:0:0:1 - - [25/Mar/2018:23:08:00 +0800] "GET /blog/about/assets/css/main.css HTTP/1.1" 404 145
0:0:0:0:0:0:0:1 - - [25/Mar/2018:23:08:00 +0800] "GET /blog/about/assets/css/about/base.css HTTP/1.1" 404 151
0:0:0:0:0:0:0:1 - - [25/Mar/2018:23:08:00 +0800] "GET /blog/about/assets/css/about/vendor.css HTTP/1.1" 404 153
0:0:0:0:0:0:0:1 - - [25/Mar/2018:23:08:00 +0800] "GET /blog/about/assets/css/about/main.css HTTP/1.1" 404 151
0:0:0:0:0:0:0:1 - - [25/Mar/2018:23:09:12 +0800] "GET /blog/about/home HTTP/1.1" 200 41232
0:0:0:0:0:0:0:1 - - [25/Mar/2018:23:09:12 +0800] "GET /blog/assets/css/about/main.css HTTP/1.1" 200 53691
0:0:0:0:0:0:0:1 - - [25/Mar/2018:23:09:12 +0800] "GET /blog/assets/css/about/base.css HTTP/1.1" 200 12524
0:0:0:0:0:0:0:1 - - [25/Mar/2018:23:09:12 +0800] "GET /blog/assets/css/about/vendor.css HTTP/1.1" 200 14554
0:0:0:0:0:0:0:1 - - [25/Mar/2018:23:09:12 +0800] "GET /blog/about/images/profile-pic.jpg HTTP/1.1" 404 148
0:0:0:0:0:0:0:1 - - [25/Mar/2018:23:09:12 +0800] "GET /blog/about/images/portfolio/liberty.jpg HTTP/1.1" 404 154
0:0:0:0:0:0:0:1 - - [25/Mar/2018:23:09:12 +0800] "GET /blog/about/images/portfolio/shutterbug.jpg HTTP/1.1" 404 157
0:0:0:0:0:0:0:1 - - [25/Mar/2018:23:09:12 +0800] "GET /blog/about/images/portfolio/clouds.jpg HTTP/1.1" 404 153
0:0:0:0:0:0:0:1 - - [25/Mar/2018:23:09:12 +0800] "GET /blog/about/images/portfolio/beetle.jpg HTTP/1.1" 404 153
0:0:0:0:0:0:0:1 - - [25/Mar/2018:23:09:12 +0800] "GET /blog/about/images/portfolio/lighthouse.jpg HTTP/1.1" 404 157
0:0:0:0:0:0:0:1 - - [25/Mar/2018:23:09:12 +0800] "GET /blog/about/images/portfolio/modals/m-liberty.jpg HTTP/1.1" 404 163
0:0:0:0:0:0:0:1 - - [25/Mar/2018:23:09:12 +0800] "GET /blog/assets/css/about/fonts.css HTTP/1.1" 404 146
0:0:0:0:0:0:0:1 - - [25/Mar/2018:23:09:12 +0800] "GET /blog/about/images/portfolio/modals/m-shutterbug.jpg HTTP/1.1" 404 166
0:0:0:0:0:0:0:1 - - [25/Mar/2018:23:09:12 +0800] "GET /blog/about/images/portfolio/modals/m-clouds.jpg HTTP/1.1" 404 162
0:0:0:0:0:0:0:1 - - [25/Mar/2018:23:09:12 +0800] "GET /blog/assets/css/about/micons/micons.css HTTP/1.1" 404 154
0:0:0:0:0:0:0:1 - - [25/Mar/2018:23:09:12 +0800] "GET /blog/assets/css/about/font-awesome/css/font-awesome.min.css HTTP/1.1" 404 174
0:0:0:0:0:0:0:1 - - [25/Mar/2018:23:09:12 +0800] "GET /blog/about/images/portfolio/modals/m-beetle.jpg HTTP/1.1" 404 162
0:0:0:0:0:0:0:1 - - [25/Mar/2018:23:09:12 +0800] "GET /blog/about/images/portfolio/modals/m-lighthouse.jpg HTTP/1.1" 404 166
0:0:0:0:0:0:0:1 - - [25/Mar/2018:23:09:12 +0800] "GET /blog/about/images/portfolio/modals/m-salad.jpg HTTP/1.1" 404 161
0:0:0:0:0:0:0:1 - - [25/Mar/2018:23:09:12 +0800] "GET /blog/about/images/portfolio/salad.jpg HTTP/1.1" 404 152
0:0:0:0:0:0:0:1 - - [25/Mar/2018:23:09:13 +0800] "GET /blog/assets/css/images/intro-bg.jpg HTTP/1.1" 404 150
0:0:0:0:0:0:0:1 - - [25/Mar/2018:23:09:13 +0800] "GET /blog/assets/css/images/bg.jpg HTTP/1.1" 404 144
0:0:0:0:0:0:0:1 - - [25/Mar/2018:23:09:13 +0800] "GET /blog/assets/css/about/base.css.map HTTP/1.1" 404 149
0:0:0:0:0:0:0:1 - - [25/Mar/2018:23:09:13 +0800] "GET /blog/assets/css/about/vendor.css.map HTTP/1.1" 404 151
0:0:0:0:0:0:0:1 - - [25/Mar/2018:23:09:13 +0800] "GET /blog/assets/css/about/main.css.map HTTP/1.1" 404 149
0:0:0:0:0:0:0:1 - - [25/Mar/2018:23:10:07 +0800] "GET /blog/assets/css/about/micons/micons.css HTTP/1.1" 404 154
0:0:0:0:0:0:0:1 - - [25/Mar/2018:23:10:07 +0800] "GET /blog/assets/css/about/font-awesome/css/font-awesome.min.css HTTP/1.1" 404 174
0:0:0:0:0:0:0:1 - - [25/Mar/2018:23:10:07 +0800] "GET /blog/assets/css/about/fonts.css HTTP/1.1" 404 146
0:0:0:0:0:0:0:1 - - [25/Mar/2018:23:10:07 +0800] "GET /blog/assets/css/about/base.css.map HTTP/1.1" 404 149
0:0:0:0:0:0:0:1 - - [25/Mar/2018:23:10:07 +0800] "GET /blog/assets/css/about/main.css.map HTTP/1.1" 404 149
0:0:0:0:0:0:0:1 - - [25/Mar/2018:23:10:07 +0800] "GET /blog/assets/css/about/vendor.css.map HTTP/1.1" 404 151
0:0:0:0:0:0:0:1 - - [25/Mar/2018:23:10:55 +0800] "GET /blog/about/home HTTP/1.1" 200 40900
0:0:0:0:0:0:0:1 - - [25/Mar/2018:23:10:55 +0800] "GET /blog/assets/css/about/base.css HTTP/1.1" 304 -
0:0:0:0:0:0:0:1 - - [25/Mar/2018:23:10:55 +0800] "GET /blog/assets/css/about/vendor.css HTTP/1.1" 304 -
0:0:0:0:0:0:0:1 - - [25/Mar/2018:23:10:55 +0800] "GET /blog/assets/css/about/main.css HTTP/1.1" 304 -
0:0:0:0:0:0:0:1 - - [25/Mar/2018:23:10:55 +0800] "GET /blog/about/images/profile-pic.jpg HTTP/1.1" 404 148
0:0:0:0:0:0:0:1 - - [25/Mar/2018:23:10:56 +0800] "GET /blog/about/images/portfolio/liberty.jpg HTTP/1.1" 404 154
0:0:0:0:0:0:0:1 - - [25/Mar/2018:23:10:56 +0800] "GET /blog/about/images/portfolio/shutterbug.jpg HTTP/1.1" 404 157
0:0:0:0:0:0:0:1 - - [25/Mar/2018:23:10:56 +0800] "GET /blog/about/images/portfolio/clouds.jpg HTTP/1.1" 404 153
0:0:0:0:0:0:0:1 - - [25/Mar/2018:23:10:56 +0800] "GET /blog/about/images/portfolio/beetle.jpg HTTP/1.1" 404 153
0:0:0:0:0:0:0:1 - - [25/Mar/2018:23:10:56 +0800] "GET /blog/about/images/portfolio/lighthouse.jpg HTTP/1.1" 404 157
0:0:0:0:0:0:0:1 - - [25/Mar/2018:23:10:56 +0800] "GET /blog/about/images/portfolio/salad.jpg HTTP/1.1" 404 152
0:0:0:0:0:0:0:1 - - [25/Mar/2018:23:10:56 +0800] "GET /blog/about/images/portfolio/modals/m-liberty.jpg HTTP/1.1" 404 163
0:0:0:0:0:0:0:1 - - [25/Mar/2018:23:10:56 +0800] "GET /blog/about/images/portfolio/modals/m-shutterbug.jpg HTTP/1.1" 404 166
0:0:0:0:0:0:0:1 - - [25/Mar/2018:23:10:56 +0800] "GET /blog/about/images/portfolio/modals/m-clouds.jpg HTTP/1.1" 404 162
0:0:0:0:0:0:0:1 - - [25/Mar/2018:23:10:56 +0800] "GET /blog/about/images/portfolio/modals/m-beetle.jpg HTTP/1.1" 404 162
0:0:0:0:0:0:0:1 - - [25/Mar/2018:23:10:56 +0800] "GET /blog/about/images/portfolio/modals/m-lighthouse.jpg HTTP/1.1" 404 166
0:0:0:0:0:0:0:1 - - [25/Mar/2018:23:10:56 +0800] "GET /blog/about/images/portfolio/modals/m-salad.jpg HTTP/1.1" 404 161
0:0:0:0:0:0:0:1 - - [25/Mar/2018:23:10:56 +0800] "GET /blog/assets/css/about/fonts.css HTTP/1.1" 404 146
0:0:0:0:0:0:0:1 - - [25/Mar/2018:23:10:56 +0800] "GET /blog/assets/css/about/font-awesome/css/font-awesome.min.css HTTP/1.1" 404 174
0:0:0:0:0:0:0:1 - - [25/Mar/2018:23:10:56 +0800] "GET /blog/assets/css/about/micons/micons.css HTTP/1.1" 404 154
0:0:0:0:0:0:0:1 - - [25/Mar/2018:23:10:57 +0800] "GET /blog/assets/css/images/intro-bg.jpg HTTP/1.1" 404 150
0:0:0:0:0:0:0:1 - - [25/Mar/2018:23:10:57 +0800] "GET /blog/assets/css/images/bg.jpg HTTP/1.1" 404 144
0:0:0:0:0:0:0:1 - - [25/Mar/2018:23:10:57 +0800] "GET /blog/assets/css/about/base.css.map HTTP/1.1" 404 149
0:0:0:0:0:0:0:1 - - [25/Mar/2018:23:10:57 +0800] "GET /blog/assets/css/about/main.css.map HTTP/1.1" 404 149
0:0:0:0:0:0:0:1 - - [25/Mar/2018:23:10:57 +0800] "GET /blog/assets/css/about/vendor.css.map HTTP/1.1" 404 151
0:0:0:0:0:0:0:1 - - [25/Mar/2018:23:18:04 +0800] "GET /blog/about/home HTTP/1.1" 200 40896
0:0:0:0:0:0:0:1 - - [25/Mar/2018:23:18:04 +0800] "GET /blog/assets/css/about/base.css HTTP/1.1" 304 -
0:0:0:0:0:0:0:1 - - [25/Mar/2018:23:18:04 +0800] "GET /blog/assets/css/about/vendor.css HTTP/1.1" 304 -
0:0:0:0:0:0:0:1 - - [25/Mar/2018:23:18:04 +0800] "GET /blog/assets/css/about/main.css HTTP/1.1" 200 53697
0:0:0:0:0:0:0:1 - - [25/Mar/2018:23:18:04 +0800] "GET /blog/about/images/profile-pic.jpg HTTP/1.1" 404 148
0:0:0:0:0:0:0:1 - - [25/Mar/2018:23:18:04 +0800] "GET /blog/about/images/portfolio/liberty.jpg HTTP/1.1" 404 154
0:0:0:0:0:0:0:1 - - [25/Mar/2018:23:18:04 +0800] "GET /blog/about/images/portfolio/shutterbug.jpg HTTP/1.1" 404 157
0:0:0:0:0:0:0:1 - - [25/Mar/2018:23:18:04 +0800] "GET /blog/about/images/portfolio/clouds.jpg HTTP/1.1" 404 153
0:0:0:0:0:0:0:1 - - [25/Mar/2018:23:18:04 +0800] "GET /blog/about/images/portfolio/beetle.jpg HTTP/1.1" 404 153
0:0:0:0:0:0:0:1 - - [25/Mar/2018:23:18:04 +0800] "GET /blog/about/images/portfolio/lighthouse.jpg HTTP/1.1" 404 157
0:0:0:0:0:0:0:1 - - [25/Mar/2018:23:18:04 +0800] "GET /blog/about/images/portfolio/salad.jpg HTTP/1.1" 404 152
0:0:0:0:0:0:0:1 - - [25/Mar/2018:23:18:04 +0800] "GET /blog/about/images/portfolio/modals/m-liberty.jpg HTTP/1.1" 404 163
0:0:0:0:0:0:0:1 - - [25/Mar/2018:23:18:04 +0800] "GET /blog/about/images/portfolio/modals/m-shutterbug.jpg HTTP/1.1" 404 166
0:0:0:0:0:0:0:1 - - [25/Mar/2018:23:18:04 +0800] "GET /blog/about/images/portfolio/modals/m-clouds.jpg HTTP/1.1" 404 162
0:0:0:0:0:0:0:1 - - [25/Mar/2018:23:18:04 +0800] "GET /blog/about/images/portfolio/modals/m-beetle.jpg HTTP/1.1" 404 162
0:0:0:0:0:0:0:1 - - [25/Mar/2018:23:18:04 +0800] "GET /blog/about/images/portfolio/modals/m-lighthouse.jpg HTTP/1.1" 404 166
0:0:0:0:0:0:0:1 - - [25/Mar/2018:23:18:04 +0800] "GET /blog/about/images/portfolio/modals/m-salad.jpg HTTP/1.1" 404 161
0:0:0:0:0:0:0:1 - - [25/Mar/2018:23:18:04 +0800] "GET /blog/assets/css/about/fonts.css HTTP/1.1" 404 146
0:0:0:0:0:0:0:1 - - [25/Mar/2018:23:18:04 +0800] "GET /blog/assets/css/about/font-awesome/css/font-awesome.min.css HTTP/1.1" 404 174
0:0:0:0:0:0:0:1 - - [25/Mar/2018:23:18:04 +0800] "GET /blog/assets/css/about/micons/micons.css HTTP/1.1" 404 154
0:0:0:0:0:0:0:1 - - [25/Mar/2018:23:18:05 +0800] "GET /blog/assets/css/images/bg.jpg HTTP/1.1" 404 144
0:0:0:0:0:0:0:1 - - [25/Mar/2018:23:18:05 +0800] "GET /blog/images/intro-bg.jpg HTTP/1.1" 200 672860
0:0:0:0:0:0:0:1 - - [25/Mar/2018:23:18:05 +0800] "GET /blog/assets/css/about/main.css.map HTTP/1.1" 404 149
0:0:0:0:0:0:0:1 - - [25/Mar/2018:23:18:05 +0800] "GET /blog/assets/css/about/base.css.map HTTP/1.1" 404 149
0:0:0:0:0:0:0:1 - - [25/Mar/2018:23:18:05 +0800] "GET /blog/assets/css/about/vendor.css.map HTTP/1.1" 404 151
0:0:0:0:0:0:0:1 - - [25/Mar/2018:23:19:22 +0800] "GET /blog/about/home HTTP/1.1" 200 40896
0:0:0:0:0:0:0:1 - - [25/Mar/2018:23:19:22 +0800] "GET /blog/assets/css/about/main.css HTTP/1.1" 304 -
0:0:0:0:0:0:0:1 - - [25/Mar/2018:23:19:22 +0800] "GET /blog/about/images/profile-pic.jpg HTTP/1.1" 404 148
0:0:0:0:0:0:0:1 - - [25/Mar/2018:23:19:22 +0800] "GET /blog/about/images/portfolio/liberty.jpg HTTP/1.1" 404 154
0:0:0:0:0:0:0:1 - - [25/Mar/2018:23:19:22 +0800] "GET /blog/about/images/portfolio/shutterbug.jpg HTTP/1.1" 404 157
0:0:0:0:0:0:0:1 - - [25/Mar/2018:23:19:22 +0800] "GET /blog/about/images/portfolio/clouds.jpg HTTP/1.1" 404 153
0:0:0:0:0:0:0:1 - - [25/Mar/2018:23:19:22 +0800] "GET /blog/about/images/portfolio/beetle.jpg HTTP/1.1" 404 153
0:0:0:0:0:0:0:1 - - [25/Mar/2018:23:19:22 +0800] "GET /blog/about/images/portfolio/salad.jpg HTTP/1.1" 404 152
0:0:0:0:0:0:0:1 - - [25/Mar/2018:23:19:22 +0800] "GET /blog/about/images/portfolio/modals/m-clouds.jpg HTTP/1.1" 404 162
0:0:0:0:0:0:0:1 - - [25/Mar/2018:23:19:22 +0800] "GET /blog/about/images/portfolio/lighthouse.jpg HTTP/1.1" 404 157
0:0:0:0:0:0:0:1 - - [25/Mar/2018:23:19:22 +0800] "GET /blog/assets/css/about/fonts.css HTTP/1.1" 404 146
0:0:0:0:0:0:0:1 - - [25/Mar/2018:23:19:22 +0800] "GET /blog/about/images/portfolio/modals/m-shutterbug.jpg HTTP/1.1" 404 166
0:0:0:0:0:0:0:1 - - [25/Mar/2018:23:19:22 +0800] "GET /blog/about/images/portfolio/modals/m-liberty.jpg HTTP/1.1" 404 163
0:0:0:0:0:0:0:1 - - [25/Mar/2018:23:19:22 +0800] "GET /blog/assets/css/about/font-awesome/css/font-awesome.min.css HTTP/1.1" 404 174
0:0:0:0:0:0:0:1 - - [25/Mar/2018:23:19:22 +0800] "GET /blog/assets/css/about/micons/micons.css HTTP/1.1" 404 154
0:0:0:0:0:0:0:1 - - [25/Mar/2018:23:19:22 +0800] "GET /blog/about/images/portfolio/modals/m-beetle.jpg HTTP/1.1" 404 162
0:0:0:0:0:0:0:1 - - [25/Mar/2018:23:19:22 +0800] "GET /blog/about/images/portfolio/modals/m-salad.jpg HTTP/1.1" 404 161
0:0:0:0:0:0:0:1 - - [25/Mar/2018:23:19:22 +0800] "GET /blog/about/images/portfolio/modals/m-lighthouse.jpg HTTP/1.1" 404 166
0:0:0:0:0:0:0:1 - - [25/Mar/2018:23:19:22 +0800] "GET /blog/images/intro-bg.jpg HTTP/1.1" 304 -
0:0:0:0:0:0:0:1 - - [25/Mar/2018:23:19:23 +0800] "GET /blog/assets/css/images/bg.jpg HTTP/1.1" 404 144
0:0:0:0:0:0:0:1 - - [25/Mar/2018:23:27:23 +0800] "GET /blog/about/home HTTP/1.1" 200 40896
0:0:0:0:0:0:0:1 - - [25/Mar/2018:23:27:23 +0800] "GET /blog/assets/css/about/base.css HTTP/1.1" 304 -
0:0:0:0:0:0:0:1 - - [25/Mar/2018:23:27:23 +0800] "GET /blog/assets/css/about/main.css HTTP/1.1" 304 -
0:0:0:0:0:0:0:1 - - [25/Mar/2018:23:27:23 +0800] "GET /blog/assets/css/about/vendor.css HTTP/1.1" 304 -
0:0:0:0:0:0:0:1 - - [25/Mar/2018:23:27:23 +0800] "GET /blog/about/images/profile-pic.jpg HTTP/1.1" 404 148
0:0:0:0:0:0:0:1 - - [25/Mar/2018:23:27:23 +0800] "GET /blog/lib/ohters/js/skel.min.js HTTP/1.1" 304 -
0:0:0:0:0:0:0:1 - - [25/Mar/2018:23:27:23 +0800] "GET /blog/assets/js/jquery.scrollex.min.js HTTP/1.1" 304 -
0:0:0:0:0:0:0:1 - - [25/Mar/2018:23:27:23 +0800] "GET /blog/about/images/portfolio/liberty.jpg HTTP/1.1" 404 154
0:0:0:0:0:0:0:1 - - [25/Mar/2018:23:27:23 +0800] "GET /blog/about/images/portfolio/shutterbug.jpg HTTP/1.1" 404 157
0:0:0:0:0:0:0:1 - - [25/Mar/2018:23:27:24 +0800] "GET /blog/about/images/portfolio/clouds.jpg HTTP/1.1" 404 153
0:0:0:0:0:0:0:1 - - [25/Mar/2018:23:27:24 +0800] "GET /blog/about/images/portfolio/beetle.jpg HTTP/1.1" 404 153
0:0:0:0:0:0:0:1 - - [25/Mar/2018:23:27:24 +0800] "GET /blog/about/images/portfolio/lighthouse.jpg HTTP/1.1" 404 157
0:0:0:0:0:0:0:1 - - [25/Mar/2018:23:27:24 +0800] "GET /blog/about/images/portfolio/salad.jpg HTTP/1.1" 404 152
0:0:0:0:0:0:0:1 - - [25/Mar/2018:23:27:24 +0800] "GET /blog/about/images/portfolio/modals/m-liberty.jpg HTTP/1.1" 404 163
0:0:0:0:0:0:0:1 - - [25/Mar/2018:23:27:24 +0800] "GET /blog/about/images/portfolio/modals/m-shutterbug.jpg HTTP/1.1" 404 166
0:0:0:0:0:0:0:1 - - [25/Mar/2018:23:27:24 +0800] "GET /blog/about/images/portfolio/modals/m-clouds.jpg HTTP/1.1" 404 162
0:0:0:0:0:0:0:1 - - [25/Mar/2018:23:27:24 +0800] "GET /blog/about/images/portfolio/modals/m-beetle.jpg HTTP/1.1" 404 162
0:0:0:0:0:0:0:1 - - [25/Mar/2018:23:27:24 +0800] "GET /blog/about/images/portfolio/modals/m-lighthouse.jpg HTTP/1.1" 404 166
0:0:0:0:0:0:0:1 - - [25/Mar/2018:23:27:24 +0800] "GET /blog/assets/css/about/fonts.css HTTP/1.1" 404 146
0:0:0:0:0:0:0:1 - - [25/Mar/2018:23:27:24 +0800] "GET /blog/about/images/portfolio/modals/m-salad.jpg HTTP/1.1" 404 161
0:0:0:0:0:0:0:1 - - [25/Mar/2018:23:27:24 +0800] "GET /blog/assets/css/about/micons/micons.css HTTP/1.1" 404 154
0:0:0:0:0:0:0:1 - - [25/Mar/2018:23:27:24 +0800] "GET /blog/assets/css/about/font-awesome/css/font-awesome.min.css HTTP/1.1" 404 174
0:0:0:0:0:0:0:1 - - [25/Mar/2018:23:27:24 +0800] "GET /blog/images/intro-bg.jpg HTTP/1.1" 304 -
0:0:0:0:0:0:0:1 - - [25/Mar/2018:23:27:24 +0800] "GET /blog/assets/css/images/bg.jpg HTTP/1.1" 404 144
0:0:0:0:0:0:0:1 - - [25/Mar/2018:23:27:32 +0800] "GET /blog/assets/css/about/font-awesome/css/font-awesome.min.css HTTP/1.1" 404 174
0:0:0:0:0:0:0:1 - - [25/Mar/2018:23:27:32 +0800] "GET /blog/assets/css/about/fonts.css HTTP/1.1" 404 146
0:0:0:0:0:0:0:1 - - [25/Mar/2018:23:27:32 +0800] "GET /blog/assets/css/about/micons/micons.css HTTP/1.1" 404 154
0:0:0:0:0:0:0:1 - - [25/Mar/2018:23:27:32 +0800] "GET /blog/assets/css/about/base.css.map HTTP/1.1" 404 149
0:0:0:0:0:0:0:1 - - [25/Mar/2018:23:27:32 +0800] "GET /blog/assets/css/about/main.css.map HTTP/1.1" 404 149
0:0:0:0:0:0:0:1 - - [25/Mar/2018:23:27:32 +0800] "GET /blog/assets/css/about/vendor.css.map HTTP/1.1" 404 151
0:0:0:0:0:0:0:1 - - [25/Mar/2018:23:28:04 +0800] "GET /blog/about/home HTTP/1.1" 200 40902
0:0:0:0:0:0:0:1 - - [25/Mar/2018:23:28:04 +0800] "GET /blog/images/profile-pic.jpg HTTP/1.1" 404 142
0:0:0:0:0:0:0:1 - - [25/Mar/2018:23:28:04 +0800] "GET /blog/about/images/portfolio/liberty.jpg HTTP/1.1" 404 154
0:0:0:0:0:0:0:1 - - [25/Mar/2018:23:28:04 +0800] "GET /blog/about/images/portfolio/shutterbug.jpg HTTP/1.1" 404 157
0:0:0:0:0:0:0:1 - - [25/Mar/2018:23:28:04 +0800] "GET /blog/about/images/portfolio/clouds.jpg HTTP/1.1" 404 153
0:0:0:0:0:0:0:1 - - [25/Mar/2018:23:28:04 +0800] "GET /blog/about/images/portfolio/beetle.jpg HTTP/1.1" 404 153
0:0:0:0:0:0:0:1 - - [25/Mar/2018:23:28:04 +0800] "GET /blog/about/images/portfolio/lighthouse.jpg HTTP/1.1" 404 157
0:0:0:0:0:0:0:1 - - [25/Mar/2018:23:28:04 +0800] "GET /blog/about/images/portfolio/salad.jpg HTTP/1.1" 404 152
0:0:0:0:0:0:0:1 - - [25/Mar/2018:23:28:04 +0800] "GET /blog/about/images/portfolio/modals/m-liberty.jpg HTTP/1.1" 404 163
0:0:0:0:0:0:0:1 - - [25/Mar/2018:23:28:04 +0800] "GET /blog/about/images/portfolio/modals/m-shutterbug.jpg HTTP/1.1" 404 166
0:0:0:0:0:0:0:1 - - [25/Mar/2018:23:28:04 +0800] "GET /blog/about/images/portfolio/modals/m-clouds.jpg HTTP/1.1" 404 162
0:0:0:0:0:0:0:1 - - [25/Mar/2018:23:28:04 +0800] "GET /blog/about/images/portfolio/modals/m-beetle.jpg HTTP/1.1" 404 162
0:0:0:0:0:0:0:1 - - [25/Mar/2018:23:28:04 +0800] "GET /blog/about/images/portfolio/modals/m-lighthouse.jpg HTTP/1.1" 404 166
0:0:0:0:0:0:0:1 - - [25/Mar/2018:23:28:05 +0800] "GET /blog/about/images/portfolio/modals/m-salad.jpg HTTP/1.1" 404 161
0:0:0:0:0:0:0:1 - - [25/Mar/2018:23:28:05 +0800] "GET /blog/assets/css/about/fonts.css HTTP/1.1" 404 146
0:0:0:0:0:0:0:1 - - [25/Mar/2018:23:28:05 +0800] "GET /blog/assets/css/about/font-awesome/css/font-awesome.min.css HTTP/1.1" 404 174
0:0:0:0:0:0:0:1 - - [25/Mar/2018:23:28:05 +0800] "GET /blog/assets/css/about/micons/micons.css HTTP/1.1" 404 154
0:0:0:0:0:0:0:1 - - [25/Mar/2018:23:28:05 +0800] "GET /blog/assets/css/images/bg.jpg HTTP/1.1" 404 144
0:0:0:0:0:0:0:1 - - [25/Mar/2018:23:28:06 +0800] "GET /blog/assets/css/about/base.css.map HTTP/1.1" 404 149
0:0:0:0:0:0:0:1 - - [25/Mar/2018:23:28:06 +0800] "GET /blog/assets/css/about/main.css.map HTTP/1.1" 404 149
0:0:0:0:0:0:0:1 - - [25/Mar/2018:23:28:06 +0800] "GET /blog/assets/css/about/vendor.css.map HTTP/1.1" 404 151
0:0:0:0:0:0:0:1 - - [25/Mar/2018:23:28:32 +0800] "GET /blog/home HTTP/1.1" 200 7785
0:0:0:0:0:0:0:1 - - [25/Mar/2018:23:29:26 +0800] "GET /blog/home HTTP/1.1" 200 7785
0:0:0:0:0:0:0:1 - - [25/Mar/2018:23:29:31 +0800] "GET /blog/aticles/home HTTP/1.1" 200 12718
0:0:0:0:0:0:0:1 - - [25/Mar/2018:23:29:31 +0800] "GET /blog/aticles/img/logo.png HTTP/1.1" 404 140
0:0:0:0:0:0:0:1 - - [25/Mar/2018:23:29:31 +0800] "GET /blog/aticles/img/1.jpg HTTP/1.1" 404 137
0:0:0:0:0:0:0:1 - - [25/Mar/2018:23:29:31 +0800] "GET /blog/aticles/img/2.jpg HTTP/1.1" 404 137
0:0:0:0:0:0:0:1 - - [25/Mar/2018:23:29:31 +0800] "GET /blog/aticles/img/3.jpg HTTP/1.1" 404 137
0:0:0:0:0:0:0:1 - - [25/Mar/2018:23:29:31 +0800] "GET /blog/aticles/img/4.jpg HTTP/1.1" 404 137
0:0:0:0:0:0:0:1 - - [25/Mar/2018:23:29:36 +0800] "GET /about.html HTTP/1.1" 404 -
0:0:0:0:0:0:0:1 - - [25/Mar/2018:23:29:45 +0800] "GET /blog/about/home HTTP/1.1" 200 40902
0:0:0:0:0:0:0:1 - - [25/Mar/2018:23:29:46 +0800] "GET /blog/assets/css/about/main.css HTTP/1.1" 304 -
0:0:0:0:0:0:0:1 - - [25/Mar/2018:23:29:46 +0800] "GET /blog/images/profile-pic.png HTTP/1.1" 200 374643
0:0:0:0:0:0:0:1 - - [25/Mar/2018:23:29:46 +0800] "GET /blog/about/images/portfolio/liberty.jpg HTTP/1.1" 404 154
0:0:0:0:0:0:0:1 - - [25/Mar/2018:23:29:46 +0800] "GET /blog/about/images/portfolio/shutterbug.jpg HTTP/1.1" 404 157
0:0:0:0:0:0:0:1 - - [25/Mar/2018:23:29:46 +0800] "GET /blog/about/images/portfolio/clouds.jpg HTTP/1.1" 404 153
0:0:0:0:0:0:0:1 - - [25/Mar/2018:23:29:46 +0800] "GET /blog/about/images/portfolio/beetle.jpg HTTP/1.1" 404 153
0:0:0:0:0:0:0:1 - - [25/Mar/2018:23:29:46 +0800] "GET /blog/about/images/portfolio/lighthouse.jpg HTTP/1.1" 404 157
0:0:0:0:0:0:0:1 - - [25/Mar/2018:23:29:46 +0800] "GET /blog/about/images/portfolio/salad.jpg HTTP/1.1" 404 152
0:0:0:0:0:0:0:1 - - [25/Mar/2018:23:29:46 +0800] "GET /blog/about/images/portfolio/modals/m-liberty.jpg HTTP/1.1" 404 163
0:0:0:0:0:0:0:1 - - [25/Mar/2018:23:29:46 +0800] "GET /blog/about/images/portfolio/modals/m-shutterbug.jpg HTTP/1.1" 404 166
0:0:0:0:0:0:0:1 - - [25/Mar/2018:23:29:46 +0800] "GET /blog/about/images/portfolio/modals/m-clouds.jpg HTTP/1.1" 404 162
0:0:0:0:0:0:0:1 - - [25/Mar/2018:23:29:46 +0800] "GET /blog/about/images/portfolio/modals/m-beetle.jpg HTTP/1.1" 404 162
0:0:0:0:0:0:0:1 - - [25/Mar/2018:23:29:46 +0800] "GET /blog/about/images/portfolio/modals/m-lighthouse.jpg HTTP/1.1" 404 166
0:0:0:0:0:0:0:1 - - [25/Mar/2018:23:29:46 +0800] "GET /blog/about/images/portfolio/modals/m-salad.jpg HTTP/1.1" 404 161
0:0:0:0:0:0:0:1 - - [25/Mar/2018:23:29:46 +0800] "GET /blog/assets/css/about/fonts.css HTTP/1.1" 404 146
0:0:0:0:0:0:0:1 - - [25/Mar/2018:23:29:46 +0800] "GET /blog/assets/css/about/font-awesome/css/font-awesome.min.css HTTP/1.1" 404 174
0:0:0:0:0:0:0:1 - - [25/Mar/2018:23:29:46 +0800] "GET /blog/assets/css/about/micons/micons.css HTTP/1.1" 404 154
0:0:0:0:0:0:0:1 - - [25/Mar/2018:23:29:46 +0800] "GET /blog/images/intro-bg.jpg HTTP/1.1" 304 -
0:0:0:0:0:0:0:1 - - [25/Mar/2018:23:29:46 +0800] "GET /blog/assets/css/images/bg.jpg HTTP/1.1" 404 144
0:0:0:0:0:0:0:1 - - [25/Mar/2018:23:29:46 +0800] "GET /blog/assets/css/about/base.css.map HTTP/1.1" 404 149
0:0:0:0:0:0:0:1 - - [25/Mar/2018:23:29:46 +0800] "GET /blog/assets/css/about/main.css.map HTTP/1.1" 404 149
0:0:0:0:0:0:0:1 - - [25/Mar/2018:23:29:46 +0800] "GET /blog/assets/css/about/vendor.css.map HTTP/1.1" 404 151
0:0:0:0:0:0:0:1 - - [25/Mar/2018:23:32:49 +0800] "GET /blog/about/home HTTP/1.1" 200 40902
0:0:0:0:0:0:0:1 - - [25/Mar/2018:23:32:49 +0800] "GET /blog/assets/css/about/base.css HTTP/1.1" 304 -
0:0:0:0:0:0:0:1 - - [25/Mar/2018:23:32:49 +0800] "GET /blog/assets/css/main.css HTTP/1.1" 304 -
0:0:0:0:0:0:0:1 - - [25/Mar/2018:23:32:49 +0800] "GET /blog/assets/css/about/main.css HTTP/1.1" 304 -
0:0:0:0:0:0:0:1 - - [25/Mar/2018:23:32:49 +0800] "GET /blog/assets/css/about/vendor.css HTTP/1.1" 304 -
0:0:0:0:0:0:0:1 - - [25/Mar/2018:23:32:49 +0800] "GET /blog/assets/js/util.js HTTP/1.1" 304 -
0:0:0:0:0:0:0:1 - - [25/Mar/2018:23:32:49 +0800] "GET /blog/assets/js/main.js HTTP/1.1" 304 -
0:0:0:0:0:0:0:1 - - [25/Mar/2018:23:32:49 +0800] "GET /blog/images/profile-pic.png HTTP/1.1" 304 -
0:0:0:0:0:0:0:1 - - [25/Mar/2018:23:32:49 +0800] "GET /blog/about/images/portfolio/liberty.jpg HTTP/1.1" 404 154
0:0:0:0:0:0:0:1 - - [25/Mar/2018:23:32:49 +0800] "GET /blog/about/images/portfolio/shutterbug.jpg HTTP/1.1" 404 157
0:0:0:0:0:0:0:1 - - [25/Mar/2018:23:32:49 +0800] "GET /blog/about/images/portfolio/clouds.jpg HTTP/1.1" 404 153
0:0:0:0:0:0:0:1 - - [25/Mar/2018:23:32:49 +0800] "GET /blog/about/images/portfolio/beetle.jpg HTTP/1.1" 404 153
0:0:0:0:0:0:0:1 - - [25/Mar/2018:23:32:49 +0800] "GET /blog/about/images/portfolio/lighthouse.jpg HTTP/1.1" 404 157
0:0:0:0:0:0:0:1 - - [25/Mar/2018:23:32:49 +0800] "GET /blog/about/images/portfolio/salad.jpg HTTP/1.1" 404 152
0:0:0:0:0:0:0:1 - - [25/Mar/2018:23:32:49 +0800] "GET /blog/about/images/portfolio/modals/m-clouds.jpg HTTP/1.1" 404 162
0:0:0:0:0:0:0:1 - - [25/Mar/2018:23:32:49 +0800] "GET /blog/about/images/portfolio/modals/m-liberty.jpg HTTP/1.1" 404 163
0:0:0:0:0:0:0:1 - - [25/Mar/2018:23:32:49 +0800] "GET /blog/about/images/portfolio/modals/m-beetle.jpg HTTP/1.1" 404 162
0:0:0:0:0:0:0:1 - - [25/Mar/2018:23:32:49 +0800] "GET /blog/about/images/portfolio/modals/m-shutterbug.jpg HTTP/1.1" 404 166
0:0:0:0:0:0:0:1 - - [25/Mar/2018:23:32:50 +0800] "GET /blog/about/images/portfolio/modals/m-lighthouse.jpg HTTP/1.1" 404 166
0:0:0:0:0:0:0:1 - - [25/Mar/2018:23:32:50 +0800] "GET /blog/about/images/portfolio/modals/m-salad.jpg HTTP/1.1" 404 161
0:0:0:0:0:0:0:1 - - [25/Mar/2018:23:32:50 +0800] "GET /blog/assets/css/about/fonts.css HTTP/1.1" 404 146
0:0:0:0:0:0:0:1 - - [25/Mar/2018:23:32:50 +0800] "GET /blog/assets/css/about/font-awesome/css/font-awesome.min.css HTTP/1.1" 404 174
0:0:0:0:0:0:0:1 - - [25/Mar/2018:23:32:50 +0800] "GET /blog/assets/css/about/micons/micons.css HTTP/1.1" 404 154
0:0:0:0:0:0:0:1 - - [25/Mar/2018:23:32:50 +0800] "GET /blog/assets/css/font-awesome.min.css HTTP/1.1" 304 -
0:0:0:0:0:0:0:1 - - [25/Mar/2018:23:32:50 +0800] "GET /blog/assets/css/about/base.css.map HTTP/1.1" 404 149
0:0:0:0:0:0:0:1 - - [25/Mar/2018:23:32:50 +0800] "GET /blog/assets/fonts/fontawesome-webfont.woff2?v=4.4.0 HTTP/1.1" 304 -
0:0:0:0:0:0:0:1 - - [25/Mar/2018:23:32:50 +0800] "GET /blog/assets/css/about/main.css.map HTTP/1.1" 404 149
0:0:0:0:0:0:0:1 - - [25/Mar/2018:23:32:50 +0800] "GET /blog/assets/css/about/vendor.css.map HTTP/1.1" 404 151
0:0:0:0:0:0:0:1 - - [25/Mar/2018:23:32:50 +0800] "GET /blog/assets/css/images/close.svg HTTP/1.1" 304 -
0:0:0:0:0:0:0:1 - - [25/Mar/2018:23:32:50 +0800] "GET /blog/images/intro-bg.jpg HTTP/1.1" 304 -
0:0:0:0:0:0:0:1 - - [25/Mar/2018:23:32:50 +0800] "GET /blog/assets/css/images/bg.jpg HTTP/1.1" 404 144
0:0:0:0:0:0:0:1 - - [25/Mar/2018:23:32:58 +0800] "GET /blog/about/home HTTP/1.1" 200 40902
0:0:0:0:0:0:0:1 - - [25/Mar/2018:23:32:58 +0800] "GET /blog/about/images/portfolio/liberty.jpg HTTP/1.1" 404 154
0:0:0:0:0:0:0:1 - - [25/Mar/2018:23:32:58 +0800] "GET /blog/about/images/portfolio/shutterbug.jpg HTTP/1.1" 404 157
0:0:0:0:0:0:0:1 - - [25/Mar/2018:23:32:58 +0800] "GET /blog/about/images/portfolio/clouds.jpg HTTP/1.1" 404 153
0:0:0:0:0:0:0:1 - - [25/Mar/2018:23:32:58 +0800] "GET /blog/about/images/portfolio/beetle.jpg HTTP/1.1" 404 153
0:0:0:0:0:0:0:1 - - [25/Mar/2018:23:32:58 +0800] "GET /blog/about/images/portfolio/lighthouse.jpg HTTP/1.1" 404 157
0:0:0:0:0:0:0:1 - - [25/Mar/2018:23:32:58 +0800] "GET /blog/about/images/portfolio/salad.jpg HTTP/1.1" 404 152
0:0:0:0:0:0:0:1 - - [25/Mar/2018:23:32:58 +0800] "GET /blog/about/images/portfolio/modals/m-liberty.jpg HTTP/1.1" 404 163
0:0:0:0:0:0:0:1 - - [25/Mar/2018:23:32:58 +0800] "GET /blog/about/images/portfolio/modals/m-shutterbug.jpg HTTP/1.1" 404 166
0:0:0:0:0:0:0:1 - - [25/Mar/2018:23:32:58 +0800] "GET /blog/about/images/portfolio/modals/m-clouds.jpg HTTP/1.1" 404 162
0:0:0:0:0:0:0:1 - - [25/Mar/2018:23:32:58 +0800] "GET /blog/about/images/portfolio/modals/m-beetle.jpg HTTP/1.1" 404 162
0:0:0:0:0:0:0:1 - - [25/Mar/2018:23:32:58 +0800] "GET /blog/about/images/portfolio/modals/m-lighthouse.jpg HTTP/1.1" 404 166
0:0:0:0:0:0:0:1 - - [25/Mar/2018:23:32:59 +0800] "GET /blog/about/images/portfolio/modals/m-salad.jpg HTTP/1.1" 404 161
0:0:0:0:0:0:0:1 - - [25/Mar/2018:23:32:59 +0800] "GET /blog/assets/css/about/fonts.css HTTP/1.1" 404 146
0:0:0:0:0:0:0:1 - - [25/Mar/2018:23:32:59 +0800] "GET /blog/assets/css/about/font-awesome/css/font-awesome.min.css HTTP/1.1" 404 174
0:0:0:0:0:0:0:1 - - [25/Mar/2018:23:32:59 +0800] "GET /blog/assets/css/about/micons/micons.css HTTP/1.1" 404 154
0:0:0:0:0:0:0:1 - - [25/Mar/2018:23:32:59 +0800] "GET /blog/assets/css/images/bg.jpg HTTP/1.1" 404 144
0:0:0:0:0:0:0:1 - - [25/Mar/2018:23:33:00 +0800] "GET /blog/assets/css/about/base.css.map HTTP/1.1" 404 149
0:0:0:0:0:0:0:1 - - [25/Mar/2018:23:33:00 +0800] "GET /blog/assets/css/about/vendor.css.map HTTP/1.1" 404 151
0:0:0:0:0:0:0:1 - - [25/Mar/2018:23:33:00 +0800] "GET /blog/assets/css/about/main.css.map HTTP/1.1" 404 149
0:0:0:0:0:0:0:1 - - [25/Mar/2018:23:34:12 +0800] "GET /blog/about/home HTTP/1.1" 200 40902
0:0:0:0:0:0:0:1 - - [25/Mar/2018:23:34:12 +0800] "GET /blog/images/profile-pic.png HTTP/1.1" 200 135457
0:0:0:0:0:0:0:1 - - [25/Mar/2018:23:34:12 +0800] "GET /blog/about/images/portfolio/liberty.jpg HTTP/1.1" 404 154
0:0:0:0:0:0:0:1 - - [25/Mar/2018:23:34:12 +0800] "GET /blog/about/images/portfolio/shutterbug.jpg HTTP/1.1" 404 157
0:0:0:0:0:0:0:1 - - [25/Mar/2018:23:34:12 +0800] "GET /blog/about/images/portfolio/clouds.jpg HTTP/1.1" 404 153
0:0:0:0:0:0:0:1 - - [25/Mar/2018:23:34:12 +0800] "GET /blog/lib/bootstrap/js/jquery.min.js HTTP/1.1" 304 -
0:0:0:0:0:0:0:1 - - [25/Mar/2018:23:34:12 +0800] "GET /blog/lib/bootstrap/js/bootstrap.min.js HTTP/1.1" 304 -
0:0:0:0:0:0:0:1 - - [25/Mar/2018:23:34:12 +0800] "GET /blog/about/images/portfolio/beetle.jpg HTTP/1.1" 404 153
0:0:0:0:0:0:0:1 - - [25/Mar/2018:23:34:12 +0800] "GET /blog/about/images/portfolio/lighthouse.jpg HTTP/1.1" 404 157
0:0:0:0:0:0:0:1 - - [25/Mar/2018:23:34:12 +0800] "GET /blog/about/images/portfolio/salad.jpg HTTP/1.1" 404 152
0:0:0:0:0:0:0:1 - - [25/Mar/2018:23:34:12 +0800] "GET /blog/about/images/portfolio/modals/m-liberty.jpg HTTP/1.1" 404 163
0:0:0:0:0:0:0:1 - - [25/Mar/2018:23:34:12 +0800] "GET /blog/about/images/portfolio/modals/m-shutterbug.jpg HTTP/1.1" 404 166
0:0:0:0:0:0:0:1 - - [25/Mar/2018:23:34:12 +0800] "GET /blog/about/images/portfolio/modals/m-clouds.jpg HTTP/1.1" 404 162
0:0:0:0:0:0:0:1 - - [25/Mar/2018:23:34:12 +0800] "GET /blog/about/images/portfolio/modals/m-beetle.jpg HTTP/1.1" 404 162
0:0:0:0:0:0:0:1 - - [25/Mar/2018:23:34:12 +0800] "GET /blog/about/images/portfolio/modals/m-lighthouse.jpg HTTP/1.1" 404 166
0:0:0:0:0:0:0:1 - - [25/Mar/2018:23:34:12 +0800] "GET /blog/about/images/portfolio/modals/m-salad.jpg HTTP/1.1" 404 161
0:0:0:0:0:0:0:1 - - [25/Mar/2018:23:34:12 +0800] "GET /blog/assets/css/about/fonts.css HTTP/1.1" 404 146
0:0:0:0:0:0:0:1 - - [25/Mar/2018:23:34:12 +0800] "GET /blog/assets/css/about/micons/micons.css HTTP/1.1" 404 154
0:0:0:0:0:0:0:1 - - [25/Mar/2018:23:34:12 +0800] "GET /blog/assets/css/about/font-awesome/css/font-awesome.min.css HTTP/1.1" 404 174
0:0:0:0:0:0:0:1 - - [25/Mar/2018:23:34:13 +0800] "GET /blog/assets/css/images/bg.jpg HTTP/1.1" 404 144
0:0:0:0:0:0:0:1 - - [25/Mar/2018:23:34:13 +0800] "GET /blog/assets/css/about/base.css.map HTTP/1.1" 404 149
0:0:0:0:0:0:0:1 - - [25/Mar/2018:23:34:13 +0800] "GET /blog/assets/css/about/main.css.map HTTP/1.1" 404 149
0:0:0:0:0:0:0:1 - - [25/Mar/2018:23:34:13 +0800] "GET /blog/assets/css/about/vendor.css.map HTTP/1.1" 404 151
