0:0:0:0:0:0:0:1 - - [10/Apr/2018:00:00:47 +0800] "GET /blog/blog/home HTTP/1.1" 200 678
0:0:0:0:0:0:0:1 - - [10/Apr/2018:00:01:37 +0800] "GET /blog/blog/home HTTP/1.1" 200 674
0:0:0:0:0:0:0:1 - - [10/Apr/2018:00:01:46 +0800] "GET /blog/blog/home HTTP/1.1" 200 680
0:0:0:0:0:0:0:1 - - [10/Apr/2018:00:01:58 +0800] "GET /blog/blog/home HTTP/1.1" 200 674
0:0:0:0:0:0:0:1 - - [10/Apr/2018:00:02:51 +0800] "GET /blog/blog/home HTTP/1.1" 200 674
0:0:0:0:0:0:0:1 - - [10/Apr/2018:00:03:01 +0800] "GET /blog/blog/home HTTP/1.1" 200 673
0:0:0:0:0:0:0:1 - - [10/Apr/2018:00:03:20 +0800] "GET /blog/blog/home HTTP/1.1" 200 672
0:0:0:0:0:0:0:1 - - [10/Apr/2018:00:04:11 +0800] "GET /blog/blog/home HTTP/1.1" 200 663
0:0:0:0:0:0:0:1 - - [10/Apr/2018:00:05:00 +0800] "GET /blog/blog/home HTTP/1.1" 200 663
0:0:0:0:0:0:0:1 - - [10/Apr/2018:00:06:25 +0800] "GET /blog/blog/home HTTP/1.1" 200 709
0:0:0:0:0:0:0:1 - - [10/Apr/2018:00:06:32 +0800] "GET /blog/blog/header HTTP/1.1" 404 306
0:0:0:0:0:0:0:1 - - [10/Apr/2018:20:00:04 +0800] "GET /blog/blog/home HTTP/1.1" 200 666
0:0:0:0:0:0:0:1 - - [10/Apr/2018:20:00:04 +0800] "GET /blog/lib/ohters/js/skel.min.js HTTP/1.1" 304 -
0:0:0:0:0:0:0:1 - - [10/Apr/2018:20:00:04 +0800] "GET /blog/lib/bootstrap/js/jquery.min.js HTTP/1.1" 304 -
0:0:0:0:0:0:0:1 - - [10/Apr/2018:20:00:04 +0800] "GET /blog/lib/bootstrap/js/bootstrap.min.js HTTP/1.1" 304 -
0:0:0:0:0:0:0:1 - - [10/Apr/2018:20:00:04 +0800] "GET /blog/assets/js/jquery.scrollex.min.js HTTP/1.1" 304 -
0:0:0:0:0:0:0:1 - - [10/Apr/2018:20:00:04 +0800] "GET /blog/assets/js/util.js HTTP/1.1" 304 -
0:0:0:0:0:0:0:1 - - [10/Apr/2018:20:00:04 +0800] "GET /blog/assets/js/main.js HTTP/1.1" 304 -
0:0:0:0:0:0:0:1 - - [10/Apr/2018:20:01:02 +0800] "GET /blog/blog/home HTTP/1.1" 200 666
0:0:0:0:0:0:0:1 - - [10/Apr/2018:20:02:23 +0800] "GET /blog/blog/home HTTP/1.1" 500 467
0:0:0:0:0:0:0:1 - - [10/Apr/2018:20:02:51 +0800] "GET /blog/assets/css/about/micons/micons.css HTTP/1.1" 404 154
0:0:0:0:0:0:0:1 - - [10/Apr/2018:20:02:51 +0800] "GET /blog/assets/css/about/font-awesome/css/font-awesome.min.css HTTP/1.1" 404 174
0:0:0:0:0:0:0:1 - - [10/Apr/2018:20:02:51 +0800] "GET /blog/assets/css/about/fonts.css HTTP/1.1" 404 146
0:0:0:0:0:0:0:1 - - [10/Apr/2018:20:02:51 +0800] "GET /blog/assets/css/about/vendor.css.map HTTP/1.1" 404 151
0:0:0:0:0:0:0:1 - - [10/Apr/2018:20:02:51 +0800] "GET /blog/assets/css/about/base.css.map HTTP/1.1" 404 149
0:0:0:0:0:0:0:1 - - [10/Apr/2018:20:02:52 +0800] "GET /blog/assets/css/about/main.css.map HTTP/1.1" 404 149
0:0:0:0:0:0:0:1 - - [10/Apr/2018:20:03:04 +0800] "GET /blog/blog/home HTTP/1.1" 500 464
0:0:0:0:0:0:0:1 - - [10/Apr/2018:20:05:33 +0800] "GET /blog/blog/home HTTP/1.1" 500 464
0:0:0:0:0:0:0:1 - - [10/Apr/2018:20:06:24 +0800] "GET /blog/blog/home HTTP/1.1" 500 462
0:0:0:0:0:0:0:1 - - [10/Apr/2018:20:07:01 +0800] "GET /blog/assets/css/about/base.css.map HTTP/1.1" 404 149
0:0:0:0:0:0:0:1 - - [10/Apr/2018:20:07:01 +0800] "GET /blog/assets/css/about/vendor.css.map HTTP/1.1" 404 151
0:0:0:0:0:0:0:1 - - [10/Apr/2018:20:07:01 +0800] "GET /blog/assets/css/about/main.css.map HTTP/1.1" 404 149
0:0:0:0:0:0:0:1 - - [10/Apr/2018:20:08:06 +0800] "GET /blog/blog/home HTTP/1.1" 500 462
0:0:0:0:0:0:0:1 - - [10/Apr/2018:20:08:56 +0800] "GET /blog/blog/home HTTP/1.1" 500 462
0:0:0:0:0:0:0:1 - - [10/Apr/2018:20:09:46 +0800] "GET /blog/blog/home HTTP/1.1" 500 462
0:0:0:0:0:0:0:1 - - [10/Apr/2018:20:10:51 +0800] "GET /blog/blog/home HTTP/1.1" 500 462
0:0:0:0:0:0:0:1 - - [10/Apr/2018:20:11:31 +0800] "GET /blog/blog/home HTTP/1.1" 500 462
0:0:0:0:0:0:0:1 - - [10/Apr/2018:20:11:52 +0800] "GET /blog/blog/home HTTP/1.1" 500 462
0:0:0:0:0:0:0:1 - - [10/Apr/2018:21:13:04 +0800] "GET /favicon.ico HTTP/1.1" 404 -
0:0:0:0:0:0:0:1 - - [10/Apr/2018:21:13:09 +0800] "GET /blog/blog/home HTTP/1.1" 500 468
0:0:0:0:0:0:0:1 - - [10/Apr/2018:21:13:11 +0800] "GET /blog/blog/home HTTP/1.1" 500 468
0:0:0:0:0:0:0:1 - - [10/Apr/2018:21:15:44 +0800] "GET /blog/blog/home HTTP/1.1" 500 468
0:0:0:0:0:0:0:1 - - [10/Apr/2018:21:16:18 +0800] "GET /blog/blog/home HTTP/1.1" 200 467
0:0:0:0:0:0:0:1 - - [10/Apr/2018:21:17:54 +0800] "GET /blog/blog/home HTTP/1.1" 200 467
0:0:0:0:0:0:0:1 - - [10/Apr/2018:21:19:16 +0800] "GET /blog/blog/home HTTP/1.1" 200 467
0:0:0:0:0:0:0:1 - - [10/Apr/2018:21:19:37 +0800] "GET /blog/blog/home HTTP/1.1" 200 467
0:0:0:0:0:0:0:1 - - [10/Apr/2018:21:21:12 +0800] "GET /blog/blog/home HTTP/1.1" 200 467
0:0:0:0:0:0:0:1 - - [10/Apr/2018:21:21:38 +0800] "GET /blog/blog/home HTTP/1.1" 200 466
0:0:0:0:0:0:0:1 - - [10/Apr/2018:21:24:17 +0800] "GET /blog/blog/home HTTP/1.1" 200 479
0:0:0:0:0:0:0:1 - - [10/Apr/2018:22:09:25 +0800] "GET /blog/blog/home HTTP/1.1" 200 479
0:0:0:0:0:0:0:1 - - [10/Apr/2018:22:10:38 +0800] "GET /blog/blog/home HTTP/1.1" 200 466
0:0:0:0:0:0:0:1 - - [10/Apr/2018:22:11:08 +0800] "GET /blog/blog/home HTTP/1.1" 200 466
0:0:0:0:0:0:0:1 - - [10/Apr/2018:22:12:39 +0800] "GET /blog/blog/home HTTP/1.1" 200 125
0:0:0:0:0:0:0:1 - - [10/Apr/2018:22:13:28 +0800] "GET /blog/blog/home HTTP/1.1" 200 125
0:0:0:0:0:0:0:1 - - [10/Apr/2018:22:25:45 +0800] "GET /blog/blog/home HTTP/1.1" 200 125
0:0:0:0:0:0:0:1 - - [10/Apr/2018:22:54:38 +0800] "GET /blog/blog/home HTTP/1.1" 200 125
0:0:0:0:0:0:0:1 - - [10/Apr/2018:23:03:16 +0800] "GET /blog/blog/home HTTP/1.1" 200 125
0:0:0:0:0:0:0:1 - - [10/Apr/2018:23:04:51 +0800] "GET /blog/blog/home HTTP/1.1" 200 125
0:0:0:0:0:0:0:1 - - [10/Apr/2018:23:06:05 +0800] "GET /blog/blog/home HTTP/1.1" 200 125
0:0:0:0:0:0:0:1 - - [10/Apr/2018:23:11:20 +0800] "GET /blog/blog/home HTTP/1.1" 200 125
0:0:0:0:0:0:0:1 - - [10/Apr/2018:23:11:56 +0800] "GET /blog/blog/home HTTP/1.1" 200 617
0:0:0:0:0:0:0:1 - - [10/Apr/2018:23:11:57 +0800] "GET /blog/assets/lib/bootstrap/css/bootstrap.min.css HTTP/1.1" 404 162
0:0:0:0:0:0:0:1 - - [10/Apr/2018:23:11:57 +0800] "GET /blog/blog/assets/lib/angular/angular.min.js HTTP/1.1" 404 158
0:0:0:0:0:0:0:1 - - [10/Apr/2018:23:11:57 +0800] "GET /blog/blog/assets/lib/angular/angular.js HTTP/1.1" 404 154
0:0:0:0:0:0:0:1 - - [10/Apr/2018:23:11:57 +0800] "GET /blog/blog/assets/lib/bootstrap/js/jquery.min.js HTTP/1.1" 404 162
0:0:0:0:0:0:0:1 - - [10/Apr/2018:23:11:57 +0800] "GET /blog/blog/assets/lib/bootstrap/js/bootstrap.min.js HTTP/1.1" 404 165
0:0:0:0:0:0:0:1 - - [10/Apr/2018:23:11:57 +0800] "GET /blog/assets/blog/style/common.css HTTP/1.1" 404 148
0:0:0:0:0:0:0:1 - - [10/Apr/2018:23:11:57 +0800] "GET /blog/blog/assets/lib/angular/angular.min.js HTTP/1.1" 404 158
0:0:0:0:0:0:0:1 - - [10/Apr/2018:23:11:57 +0800] "GET /blog/blog/assets/lib/bootstrap/js/bootstrap.min.js HTTP/1.1" 404 165
0:0:0:0:0:0:0:1 - - [10/Apr/2018:23:11:57 +0800] "GET /blog/blog/assets/lib/bootstrap/js/jquery.min.js HTTP/1.1" 404 162
0:0:0:0:0:0:0:1 - - [10/Apr/2018:23:12:17 +0800] "GET /blog/blog/home HTTP/1.1" 200 125
0:0:0:0:0:0:0:1 - - [10/Apr/2018:23:12:51 +0800] "GET /blog/blog/home HTTP/1.1" 200 3062
0:0:0:0:0:0:0:1 - - [10/Apr/2018:23:12:51 +0800] "GET /blog/assets/lib/bootstrap/css/bootstrap.min.css HTTP/1.1" 404 162
0:0:0:0:0:0:0:1 - - [10/Apr/2018:23:12:51 +0800] "GET /blog/blog/assets/lib/angular/angular.js HTTP/1.1" 404 154
0:0:0:0:0:0:0:1 - - [10/Apr/2018:23:12:51 +0800] "GET /blog/blog/assets/lib/bootstrap/js/bootstrap.min.js HTTP/1.1" 404 165
0:0:0:0:0:0:0:1 - - [10/Apr/2018:23:12:51 +0800] "GET /blog/assets/blog/style/common.css HTTP/1.1" 404 148
0:0:0:0:0:0:0:1 - - [10/Apr/2018:23:12:51 +0800] "GET /blog/blog/assets/lib/angular/angular.min.js HTTP/1.1" 404 158
0:0:0:0:0:0:0:1 - - [10/Apr/2018:23:12:51 +0800] "GET /blog/blog/assets/lib/angular/angular.min.js HTTP/1.1" 404 158
0:0:0:0:0:0:0:1 - - [10/Apr/2018:23:12:51 +0800] "GET /blog/blog/assets/lib/bootstrap/js/jquery.min.js HTTP/1.1" 404 162
0:0:0:0:0:0:0:1 - - [10/Apr/2018:23:12:51 +0800] "GET /blog/blog/assets/lib/bootstrap/js/bootstrap.min.js HTTP/1.1" 404 165
0:0:0:0:0:0:0:1 - - [10/Apr/2018:23:12:51 +0800] "GET /blog/blog/assets/lib/bootstrap/js/jquery.min.js HTTP/1.1" 404 162
0:0:0:0:0:0:0:1 - - [10/Apr/2018:23:13:17 +0800] "GET /blog/blog/home HTTP/1.1" 200 3017
0:0:0:0:0:0:0:1 - - [10/Apr/2018:23:13:18 +0800] "GET /blog/blog/assets/lib/angular/angular.js HTTP/1.1" 404 154
0:0:0:0:0:0:0:1 - - [10/Apr/2018:23:13:18 +0800] "GET /blog/blog/assets/lib/angular/angular.min.js HTTP/1.1" 404 158
0:0:0:0:0:0:0:1 - - [10/Apr/2018:23:13:18 +0800] "GET /blog/blog/assets/lib/bootstrap/js/jquery.min.js HTTP/1.1" 404 162
0:0:0:0:0:0:0:1 - - [10/Apr/2018:23:13:18 +0800] "GET /blog/blog/assets/lib/bootstrap/js/bootstrap.min.js HTTP/1.1" 404 165
0:0:0:0:0:0:0:1 - - [10/Apr/2018:23:13:18 +0800] "GET /blog/assets/lib/bootstrap/css/bootstrap.min.css HTTP/1.1" 404 162
0:0:0:0:0:0:0:1 - - [10/Apr/2018:23:13:18 +0800] "GET /blog/assets/blog/style/common.css HTTP/1.1" 404 148
0:0:0:0:0:0:0:1 - - [10/Apr/2018:23:13:18 +0800] "GET /blog/blog/assets/lib/angular/angular.min.js HTTP/1.1" 404 158
0:0:0:0:0:0:0:1 - - [10/Apr/2018:23:13:18 +0800] "GET /blog/blog/assets/lib/bootstrap/js/bootstrap.min.js HTTP/1.1" 404 165
0:0:0:0:0:0:0:1 - - [10/Apr/2018:23:13:18 +0800] "GET /blog/blog/assets/lib/bootstrap/js/jquery.min.js HTTP/1.1" 404 162
0:0:0:0:0:0:0:1 - - [10/Apr/2018:23:16:42 +0800] "GET /blog/blog/home HTTP/1.1" 500 402
0:0:0:0:0:0:0:1 - - [10/Apr/2018:23:17:11 +0800] "GET /blog/blog/home HTTP/1.1" 200 3017
0:0:0:0:0:0:0:1 - - [10/Apr/2018:23:17:11 +0800] "GET /blog/assets/lib/bootstrap/css/bootstrap.min.css HTTP/1.1" 404 162
0:0:0:0:0:0:0:1 - - [10/Apr/2018:23:17:11 +0800] "GET /blog/blog/assets/lib/bootstrap/js/bootstrap.min.js HTTP/1.1" 404 165
0:0:0:0:0:0:0:1 - - [10/Apr/2018:23:17:11 +0800] "GET /blog/blog/assets/lib/angular/angular.min.js HTTP/1.1" 404 158
0:0:0:0:0:0:0:1 - - [10/Apr/2018:23:17:11 +0800] "GET /blog/blog/assets/lib/angular/angular.js HTTP/1.1" 404 154
0:0:0:0:0:0:0:1 - - [10/Apr/2018:23:17:11 +0800] "GET /blog/blog/assets/lib/bootstrap/js/jquery.min.js HTTP/1.1" 404 162
0:0:0:0:0:0:0:1 - - [10/Apr/2018:23:17:11 +0800] "GET /blog/assets/blog/style/common.css HTTP/1.1" 404 148
0:0:0:0:0:0:0:1 - - [10/Apr/2018:23:17:11 +0800] "GET /blog/blog/assets/lib/angular/angular.min.js HTTP/1.1" 404 158
0:0:0:0:0:0:0:1 - - [10/Apr/2018:23:17:11 +0800] "GET /blog/blog/assets/lib/bootstrap/js/bootstrap.min.js HTTP/1.1" 404 165
0:0:0:0:0:0:0:1 - - [10/Apr/2018:23:17:11 +0800] "GET /blog/blog/assets/lib/bootstrap/js/jquery.min.js HTTP/1.1" 404 162
0:0:0:0:0:0:0:1 - - [10/Apr/2018:23:19:16 +0800] "GET /blog/blog/home HTTP/1.1" 200 3029
0:0:0:0:0:0:0:1 - - [10/Apr/2018:23:19:16 +0800] "GET /blog/assets/lib/bootstrap/css/bootstrap.min.css HTTP/1.1" 404 162
0:0:0:0:0:0:0:1 - - [10/Apr/2018:23:19:17 +0800] "GET /blog/assets/blog/style/common.css HTTP/1.1" 404 148
0:0:0:0:0:0:0:1 - - [10/Apr/2018:23:19:17 +0800] "GET /blog/blog/@%7Bassets/lib/angular/angular.min.js%7D HTTP/1.1" 404 165
0:0:0:0:0:0:0:1 - - [10/Apr/2018:23:19:17 +0800] "GET /blog/blog/@%7Bassets/lib/bootstrap/js/jquery.min.js%7D HTTP/1.1" 404 169
0:0:0:0:0:0:0:1 - - [10/Apr/2018:23:19:17 +0800] "GET /blog/blog/@%7Bassets/lib/bootstrap/js/bootstrap.min.js%7D HTTP/1.1" 404 172
0:0:0:0:0:0:0:1 - - [10/Apr/2018:23:19:17 +0800] "GET /blog/blog/@%7Bassets/lib/angular/angular.js%7D HTTP/1.1" 404 161
0:0:0:0:0:0:0:1 - - [10/Apr/2018:23:19:17 +0800] "GET /blog/blog/@%7Bassets/lib/angular/angular.min.js%7D HTTP/1.1" 404 165
0:0:0:0:0:0:0:1 - - [10/Apr/2018:23:19:17 +0800] "GET /blog/blog/@%7Bassets/lib/bootstrap/js/bootstrap.min.js%7D HTTP/1.1" 404 172
0:0:0:0:0:0:0:1 - - [10/Apr/2018:23:19:17 +0800] "GET /blog/blog/@%7Bassets/lib/bootstrap/js/jquery.min.js%7D HTTP/1.1" 404 169
0:0:0:0:0:0:0:1 - - [10/Apr/2018:23:21:17 +0800] "GET /blog/blog/home HTTP/1.1" 200 3033
0:0:0:0:0:0:0:1 - - [10/Apr/2018:23:21:17 +0800] "GET /blog/blog/@%7B/assets/lib/angular/angular.js%7D HTTP/1.1" 404 162
0:0:0:0:0:0:0:1 - - [10/Apr/2018:23:21:17 +0800] "GET /blog/assets/blog/style/common.css HTTP/1.1" 404 148
0:0:0:0:0:0:0:1 - - [10/Apr/2018:23:21:17 +0800] "GET /blog/blog/@%7B/assets/lib/bootstrap/js/bootstrap.min.js%7D HTTP/1.1" 404 173
0:0:0:0:0:0:0:1 - - [10/Apr/2018:23:21:17 +0800] "GET /blog/assets/lib/bootstrap/css/bootstrap.min.css HTTP/1.1" 404 162
0:0:0:0:0:0:0:1 - - [10/Apr/2018:23:21:17 +0800] "GET /blog/blog/@%7B/assets/lib/angular/angular.min.js%7D HTTP/1.1" 404 166
0:0:0:0:0:0:0:1 - - [10/Apr/2018:23:21:17 +0800] "GET /blog/blog/@%7B/assets/lib/bootstrap/js/jquery.min.js%7D HTTP/1.1" 404 170
0:0:0:0:0:0:0:1 - - [10/Apr/2018:23:21:17 +0800] "GET /blog/blog/@%7B/assets/lib/angular/angular.min.js%7D HTTP/1.1" 404 166
0:0:0:0:0:0:0:1 - - [10/Apr/2018:23:21:17 +0800] "GET /blog/blog/@%7B/assets/lib/bootstrap/js/bootstrap.min.js%7D HTTP/1.1" 404 173
0:0:0:0:0:0:0:1 - - [10/Apr/2018:23:21:17 +0800] "GET /blog/blog/@%7B/assets/lib/bootstrap/js/jquery.min.js%7D HTTP/1.1" 404 170
0:0:0:0:0:0:0:1 - - [10/Apr/2018:23:21:39 +0800] "GET /blog/blog/home HTTP/1.1" 500 401
0:0:0:0:0:0:0:1 - - [10/Apr/2018:23:21:53 +0800] "GET /blog/blog/home HTTP/1.1" 200 3033
0:0:0:0:0:0:0:1 - - [10/Apr/2018:23:21:53 +0800] "GET /blog/assets/blog/style/common.css HTTP/1.1" 404 148
0:0:0:0:0:0:0:1 - - [10/Apr/2018:23:21:53 +0800] "GET /blog/blog/@%7B/assets/lib/angular/angular.min.js%7D HTTP/1.1" 404 166
0:0:0:0:0:0:0:1 - - [10/Apr/2018:23:21:53 +0800] "GET /blog/blog/@%7B/assets/lib/bootstrap/js/jquery.min.js%7D HTTP/1.1" 404 170
0:0:0:0:0:0:0:1 - - [10/Apr/2018:23:21:53 +0800] "GET /blog/blog/@%7B/assets/lib/bootstrap/js/bootstrap.min.js%7D HTTP/1.1" 404 173
0:0:0:0:0:0:0:1 - - [10/Apr/2018:23:21:53 +0800] "GET /blog/assets/lib/bootstrap/css/bootstrap.min.css HTTP/1.1" 404 162
0:0:0:0:0:0:0:1 - - [10/Apr/2018:23:21:53 +0800] "GET /blog/blog/@%7B/assets/lib/angular/angular.js%7D HTTP/1.1" 404 162
0:0:0:0:0:0:0:1 - - [10/Apr/2018:23:21:53 +0800] "GET /blog/blog/@%7B/assets/lib/angular/angular.min.js%7D HTTP/1.1" 404 166
0:0:0:0:0:0:0:1 - - [10/Apr/2018:23:21:53 +0800] "GET /blog/blog/@%7B/assets/lib/bootstrap/js/bootstrap.min.js%7D HTTP/1.1" 404 173
0:0:0:0:0:0:0:1 - - [10/Apr/2018:23:21:53 +0800] "GET /blog/blog/@%7B/assets/lib/bootstrap/js/jquery.min.js%7D HTTP/1.1" 404 170
0:0:0:0:0:0:0:1 - - [10/Apr/2018:23:23:40 +0800] "GET /blog/blog/home HTTP/1.1" 200 3001
0:0:0:0:0:0:0:1 - - [10/Apr/2018:23:23:40 +0800] "GET /blog/assets/lib/bootstrap/css/bootstrap.min.css HTTP/1.1" 404 162
0:0:0:0:0:0:0:1 - - [10/Apr/2018:23:23:40 +0800] "GET /blog/assets/blog/style/common.css HTTP/1.1" 404 148
0:0:0:0:0:0:0:1 - - [10/Apr/2018:23:23:40 +0800] "GET /blog/blog/@%7Blib/angular/angular.min.js%7D HTTP/1.1" 404 158
0:0:0:0:0:0:0:1 - - [10/Apr/2018:23:23:40 +0800] "GET /blog/blog/@%7Blib/bootstrap/js/jquery.min.js%7D HTTP/1.1" 404 162
0:0:0:0:0:0:0:1 - - [10/Apr/2018:23:23:40 +0800] "GET /blog/blog/@%7Blib/bootstrap/js/bootstrap.min.js%7D HTTP/1.1" 404 165
0:0:0:0:0:0:0:1 - - [10/Apr/2018:23:23:40 +0800] "GET /blog/blog/@%7Blib/angular/angular.js%7D HTTP/1.1" 404 154
0:0:0:0:0:0:0:1 - - [10/Apr/2018:23:23:40 +0800] "GET /blog/blog/@%7Blib/angular/angular.min.js%7D HTTP/1.1" 404 158
0:0:0:0:0:0:0:1 - - [10/Apr/2018:23:23:40 +0800] "GET /blog/blog/@%7Blib/bootstrap/js/bootstrap.min.js%7D HTTP/1.1" 404 165
0:0:0:0:0:0:0:1 - - [10/Apr/2018:23:23:40 +0800] "GET /blog/blog/@%7Blib/bootstrap/js/jquery.min.js%7D HTTP/1.1" 404 162
0:0:0:0:0:0:0:1 - - [10/Apr/2018:23:26:47 +0800] "GET /blog/blog/home HTTP/1.1" 200 3005
0:0:0:0:0:0:0:1 - - [10/Apr/2018:23:26:47 +0800] "GET /blog/assets/blog/style/common.css HTTP/1.1" 404 148
0:0:0:0:0:0:0:1 - - [10/Apr/2018:23:26:47 +0800] "GET /blog/blog/@%7B/lib/angular/angular.min.js%7D HTTP/1.1" 404 159
0:0:0:0:0:0:0:1 - - [10/Apr/2018:23:26:47 +0800] "GET /blog/blog/@%7B/lib/angular/angular.js%7D HTTP/1.1" 404 155
0:0:0:0:0:0:0:1 - - [10/Apr/2018:23:26:47 +0800] "GET /blog/blog/@%7B/lib/bootstrap/js/jquery.min.js%7D HTTP/1.1" 404 163
0:0:0:0:0:0:0:1 - - [10/Apr/2018:23:26:47 +0800] "GET /blog/blog/@%7B/lib/bootstrap/js/bootstrap.min.js%7D HTTP/1.1" 404 166
0:0:0:0:0:0:0:1 - - [10/Apr/2018:23:26:47 +0800] "GET /blog/assets/lib/bootstrap/css/bootstrap.min.css HTTP/1.1" 404 162
0:0:0:0:0:0:0:1 - - [10/Apr/2018:23:26:47 +0800] "GET /blog/blog/@%7B/lib/angular/angular.min.js%7D HTTP/1.1" 404 159
0:0:0:0:0:0:0:1 - - [10/Apr/2018:23:26:47 +0800] "GET /blog/blog/@%7B/lib/bootstrap/js/bootstrap.min.js%7D HTTP/1.1" 404 166
0:0:0:0:0:0:0:1 - - [10/Apr/2018:23:26:47 +0800] "GET /blog/blog/@%7B/lib/bootstrap/js/jquery.min.js%7D HTTP/1.1" 404 163
0:0:0:0:0:0:0:1 - - [10/Apr/2018:23:27:59 +0800] "GET /blog/blog/home HTTP/1.1" 500 404
0:0:0:0:0:0:0:1 - - [10/Apr/2018:23:28:06 +0800] "GET /blog/blog/home HTTP/1.1" 200 3005
0:0:0:0:0:0:0:1 - - [10/Apr/2018:23:28:06 +0800] "GET /blog/assets/blog/style/common.css HTTP/1.1" 404 148
0:0:0:0:0:0:0:1 - - [10/Apr/2018:23:28:06 +0800] "GET /blog/assets/lib/bootstrap/css/bootstrap.min.css HTTP/1.1" 404 162
0:0:0:0:0:0:0:1 - - [10/Apr/2018:23:28:06 +0800] "GET /blog/blog/@%7B/lib/angular/angular.min.js%7D HTTP/1.1" 404 159
0:0:0:0:0:0:0:1 - - [10/Apr/2018:23:28:06 +0800] "GET /blog/blog/@%7B/lib/bootstrap/js/jquery.min.js%7D HTTP/1.1" 404 163
0:0:0:0:0:0:0:1 - - [10/Apr/2018:23:28:06 +0800] "GET /blog/blog/@%7B/lib/bootstrap/js/bootstrap.min.js%7D HTTP/1.1" 404 166
0:0:0:0:0:0:0:1 - - [10/Apr/2018:23:28:06 +0800] "GET /blog/blog/@%7B/lib/angular/angular.js%7D HTTP/1.1" 404 155
0:0:0:0:0:0:0:1 - - [10/Apr/2018:23:28:06 +0800] "GET /blog/blog/@%7B/lib/angular/angular.min.js%7D HTTP/1.1" 404 159
0:0:0:0:0:0:0:1 - - [10/Apr/2018:23:28:06 +0800] "GET /blog/blog/@%7B/lib/bootstrap/js/bootstrap.min.js%7D HTTP/1.1" 404 166
0:0:0:0:0:0:0:1 - - [10/Apr/2018:23:28:06 +0800] "GET /blog/blog/@%7B/lib/bootstrap/js/jquery.min.js%7D HTTP/1.1" 404 163
0:0:0:0:0:0:0:1 - - [10/Apr/2018:23:28:46 +0800] "GET /blog/blog/home HTTP/1.1" 200 2998
0:0:0:0:0:0:0:1 - - [10/Apr/2018:23:28:46 +0800] "GET /blog/blog/@%7B/lib/bootstrap/js/bootstrap.min.js%7D HTTP/1.1" 404 166
0:0:0:0:0:0:0:1 - - [10/Apr/2018:23:28:46 +0800] "GET /blog/blog/@%7B/lib/angular/angular.js%7D HTTP/1.1" 404 155
0:0:0:0:0:0:0:1 - - [10/Apr/2018:23:28:46 +0800] "GET /blog/blog/@%7B/lib/bootstrap/js/jquery.min.js%7D HTTP/1.1" 404 163
0:0:0:0:0:0:0:1 - - [10/Apr/2018:23:28:46 +0800] "GET /blog/blog/@%7B/lib/angular/angular.min.js%7D HTTP/1.1" 404 159
0:0:0:0:0:0:0:1 - - [10/Apr/2018:23:28:46 +0800] "GET /blog/assets/blog/style/common.css HTTP/1.1" 404 148
0:0:0:0:0:0:0:1 - - [10/Apr/2018:23:28:46 +0800] "GET /blog/lib/bootstrap/css/bootstrap.min.css HTTP/1.1" 200 99527
0:0:0:0:0:0:0:1 - - [10/Apr/2018:23:28:46 +0800] "GET /blog/blog/@%7B/lib/angular/angular.min.js%7D HTTP/1.1" 404 159
0:0:0:0:0:0:0:1 - - [10/Apr/2018:23:28:46 +0800] "GET /blog/blog/@%7B/lib/bootstrap/js/bootstrap.min.js%7D HTTP/1.1" 404 166
0:0:0:0:0:0:0:1 - - [10/Apr/2018:23:28:46 +0800] "GET /blog/blog/@%7B/lib/bootstrap/js/jquery.min.js%7D HTTP/1.1" 404 163
0:0:0:0:0:0:0:1 - - [10/Apr/2018:23:30:00 +0800] "GET /blog/blog/home HTTP/1.1" 200 2998
0:0:0:0:0:0:0:1 - - [10/Apr/2018:23:30:00 +0800] "GET /blog/assets/blog/style/common.css HTTP/1.1" 404 148
0:0:0:0:0:0:0:1 - - [10/Apr/2018:23:30:00 +0800] "GET /blog/blog/@%7B/lib/bootstrap/js/bootstrap.min.js%7D HTTP/1.1" 404 166
0:0:0:0:0:0:0:1 - - [10/Apr/2018:23:30:00 +0800] "GET /blog/blog/@%7B/lib/angular/angular.js%7D HTTP/1.1" 404 155
0:0:0:0:0:0:0:1 - - [10/Apr/2018:23:30:00 +0800] "GET /blog/blog/@%7B/lib/bootstrap/js/jquery.min.js%7D HTTP/1.1" 404 163
0:0:0:0:0:0:0:1 - - [10/Apr/2018:23:30:00 +0800] "GET /blog/blog/@%7B/lib/angular/angular.min.js%7D HTTP/1.1" 404 159
0:0:0:0:0:0:0:1 - - [10/Apr/2018:23:30:00 +0800] "GET /blog/blog/@%7B/lib/bootstrap/js/bootstrap.min.js%7D HTTP/1.1" 404 166
0:0:0:0:0:0:0:1 - - [10/Apr/2018:23:30:00 +0800] "GET /blog/blog/@%7B/lib/bootstrap/js/jquery.min.js%7D HTTP/1.1" 404 163
0:0:0:0:0:0:0:1 - - [10/Apr/2018:23:30:05 +0800] "GET /blog/blog/home HTTP/1.1" 200 2998
0:0:0:0:0:0:0:1 - - [10/Apr/2018:23:30:05 +0800] "GET /blog/assets/blog/style/common.css HTTP/1.1" 404 148
0:0:0:0:0:0:0:1 - - [10/Apr/2018:23:30:05 +0800] "GET /blog/blog/@%7B/lib/angular/angular.min.js%7D HTTP/1.1" 404 159
0:0:0:0:0:0:0:1 - - [10/Apr/2018:23:30:05 +0800] "GET /blog/blog/@%7B/lib/bootstrap/js/jquery.min.js%7D HTTP/1.1" 404 163
0:0:0:0:0:0:0:1 - - [10/Apr/2018:23:30:05 +0800] "GET /blog/blog/@%7B/lib/bootstrap/js/bootstrap.min.js%7D HTTP/1.1" 404 166
0:0:0:0:0:0:0:1 - - [10/Apr/2018:23:30:05 +0800] "GET /blog/blog/@%7B/lib/angular/angular.js%7D HTTP/1.1" 404 155
0:0:0:0:0:0:0:1 - - [10/Apr/2018:23:30:05 +0800] "GET /blog/blog/@%7B/lib/angular/angular.min.js%7D HTTP/1.1" 404 159
0:0:0:0:0:0:0:1 - - [10/Apr/2018:23:30:05 +0800] "GET /blog/blog/@%7B/lib/bootstrap/js/bootstrap.min.js%7D HTTP/1.1" 404 166
0:0:0:0:0:0:0:1 - - [10/Apr/2018:23:30:05 +0800] "GET /blog/blog/@%7B/lib/bootstrap/js/jquery.min.js%7D HTTP/1.1" 404 163
0:0:0:0:0:0:0:1 - - [10/Apr/2018:23:30:06 +0800] "GET /blog/blog/home HTTP/1.1" 200 2998
0:0:0:0:0:0:0:1 - - [10/Apr/2018:23:30:06 +0800] "GET /blog/blog/@%7B/lib/angular/angular.min.js%7D HTTP/1.1" 404 159
0:0:0:0:0:0:0:1 - - [10/Apr/2018:23:30:06 +0800] "GET /blog/blog/@%7B/lib/angular/angular.js%7D HTTP/1.1" 404 155
0:0:0:0:0:0:0:1 - - [10/Apr/2018:23:30:06 +0800] "GET /blog/blog/@%7B/lib/bootstrap/js/bootstrap.min.js%7D HTTP/1.1" 404 166
0:0:0:0:0:0:0:1 - - [10/Apr/2018:23:30:06 +0800] "GET /blog/assets/blog/style/common.css HTTP/1.1" 404 148
0:0:0:0:0:0:0:1 - - [10/Apr/2018:23:30:06 +0800] "GET /blog/blog/@%7B/lib/bootstrap/js/jquery.min.js%7D HTTP/1.1" 404 163
0:0:0:0:0:0:0:1 - - [10/Apr/2018:23:30:06 +0800] "GET /blog/blog/@%7B/lib/angular/angular.min.js%7D HTTP/1.1" 404 159
0:0:0:0:0:0:0:1 - - [10/Apr/2018:23:30:06 +0800] "GET /blog/blog/@%7B/lib/bootstrap/js/bootstrap.min.js%7D HTTP/1.1" 404 166
0:0:0:0:0:0:0:1 - - [10/Apr/2018:23:30:06 +0800] "GET /blog/blog/@%7B/lib/bootstrap/js/jquery.min.js%7D HTTP/1.1" 404 163
0:0:0:0:0:0:0:1 - - [10/Apr/2018:23:30:08 +0800] "GET /blog/blog/home HTTP/1.1" 200 2998
0:0:0:0:0:0:0:1 - - [10/Apr/2018:23:30:08 +0800] "GET /blog/assets/blog/style/common.css HTTP/1.1" 404 148
0:0:0:0:0:0:0:1 - - [10/Apr/2018:23:30:08 +0800] "GET /blog/blog/@%7B/lib/angular/angular.js%7D HTTP/1.1" 404 155
0:0:0:0:0:0:0:1 - - [10/Apr/2018:23:30:08 +0800] "GET /blog/blog/@%7B/lib/angular/angular.min.js%7D HTTP/1.1" 404 159
0:0:0:0:0:0:0:1 - - [10/Apr/2018:23:30:08 +0800] "GET /blog/blog/@%7B/lib/bootstrap/js/bootstrap.min.js%7D HTTP/1.1" 404 166
0:0:0:0:0:0:0:1 - - [10/Apr/2018:23:30:08 +0800] "GET /blog/blog/@%7B/lib/bootstrap/js/jquery.min.js%7D HTTP/1.1" 404 163
0:0:0:0:0:0:0:1 - - [10/Apr/2018:23:30:09 +0800] "GET /blog/blog/home HTTP/1.1" 200 2998
0:0:0:0:0:0:0:1 - - [10/Apr/2018:23:30:09 +0800] "GET /blog/assets/blog/style/common.css HTTP/1.1" 404 148
0:0:0:0:0:0:0:1 - - [10/Apr/2018:23:30:09 +0800] "GET /blog/blog/@%7B/lib/angular/angular.js%7D HTTP/1.1" 404 155
0:0:0:0:0:0:0:1 - - [10/Apr/2018:23:30:09 +0800] "GET /blog/blog/@%7B/lib/bootstrap/js/bootstrap.min.js%7D HTTP/1.1" 404 166
0:0:0:0:0:0:0:1 - - [10/Apr/2018:23:30:09 +0800] "GET /blog/blog/@%7B/lib/bootstrap/js/jquery.min.js%7D HTTP/1.1" 404 163
0:0:0:0:0:0:0:1 - - [10/Apr/2018:23:30:09 +0800] "GET /blog/blog/@%7B/lib/angular/angular.min.js%7D HTTP/1.1" 404 159
0:0:0:0:0:0:0:1 - - [10/Apr/2018:23:30:10 +0800] "GET /blog/blog/home HTTP/1.1" 200 2998
0:0:0:0:0:0:0:1 - - [10/Apr/2018:23:30:10 +0800] "GET /blog/assets/blog/style/common.css HTTP/1.1" 404 148
0:0:0:0:0:0:0:1 - - [10/Apr/2018:23:30:10 +0800] "GET /blog/blog/@%7B/lib/angular/angular.min.js%7D HTTP/1.1" 404 159
0:0:0:0:0:0:0:1 - - [10/Apr/2018:23:30:10 +0800] "GET /blog/blog/@%7B/lib/angular/angular.js%7D HTTP/1.1" 404 155
0:0:0:0:0:0:0:1 - - [10/Apr/2018:23:30:10 +0800] "GET /blog/blog/@%7B/lib/bootstrap/js/bootstrap.min.js%7D HTTP/1.1" 404 166
0:0:0:0:0:0:0:1 - - [10/Apr/2018:23:30:10 +0800] "GET /blog/blog/@%7B/lib/bootstrap/js/jquery.min.js%7D HTTP/1.1" 404 163
0:0:0:0:0:0:0:1 - - [10/Apr/2018:23:30:10 +0800] "GET /blog/blog/home HTTP/1.1" 200 2998
0:0:0:0:0:0:0:1 - - [10/Apr/2018:23:30:10 +0800] "GET /blog/assets/blog/style/common.css HTTP/1.1" 404 148
0:0:0:0:0:0:0:1 - - [10/Apr/2018:23:30:10 +0800] "GET /blog/blog/@%7B/lib/angular/angular.js%7D HTTP/1.1" 404 155
0:0:0:0:0:0:0:1 - - [10/Apr/2018:23:30:10 +0800] "GET /blog/blog/@%7B/lib/angular/angular.min.js%7D HTTP/1.1" 404 159
0:0:0:0:0:0:0:1 - - [10/Apr/2018:23:30:10 +0800] "GET /blog/blog/@%7B/lib/bootstrap/js/bootstrap.min.js%7D HTTP/1.1" 404 166
0:0:0:0:0:0:0:1 - - [10/Apr/2018:23:30:10 +0800] "GET /blog/blog/@%7B/lib/bootstrap/js/jquery.min.js%7D HTTP/1.1" 404 163
0:0:0:0:0:0:0:1 - - [10/Apr/2018:23:30:11 +0800] "GET /blog/blog/home HTTP/1.1" 200 2998
0:0:0:0:0:0:0:1 - - [10/Apr/2018:23:30:11 +0800] "GET /blog/blog/@%7B/lib/angular/angular.js%7D HTTP/1.1" 404 155
0:0:0:0:0:0:0:1 - - [10/Apr/2018:23:30:11 +0800] "GET /blog/blog/@%7B/lib/angular/angular.min.js%7D HTTP/1.1" 404 159
0:0:0:0:0:0:0:1 - - [10/Apr/2018:23:30:11 +0800] "GET /blog/blog/@%7B/lib/bootstrap/js/jquery.min.js%7D HTTP/1.1" 404 163
0:0:0:0:0:0:0:1 - - [10/Apr/2018:23:30:11 +0800] "GET /blog/blog/@%7B/lib/bootstrap/js/bootstrap.min.js%7D HTTP/1.1" 404 166
0:0:0:0:0:0:0:1 - - [10/Apr/2018:23:30:11 +0800] "GET /blog/assets/blog/style/common.css HTTP/1.1" 404 148
0:0:0:0:0:0:0:1 - - [10/Apr/2018:23:30:11 +0800] "GET /blog/blog/@%7B/lib/angular/angular.min.js%7D HTTP/1.1" 404 159
0:0:0:0:0:0:0:1 - - [10/Apr/2018:23:30:11 +0800] "GET /blog/blog/@%7B/lib/bootstrap/js/bootstrap.min.js%7D HTTP/1.1" 404 166
0:0:0:0:0:0:0:1 - - [10/Apr/2018:23:30:11 +0800] "GET /blog/blog/@%7B/lib/bootstrap/js/jquery.min.js%7D HTTP/1.1" 404 163
0:0:0:0:0:0:0:1 - - [10/Apr/2018:23:30:11 +0800] "GET /blog/blog/home HTTP/1.1" 200 2998
0:0:0:0:0:0:0:1 - - [10/Apr/2018:23:30:11 +0800] "GET /blog/assets/blog/style/common.css HTTP/1.1" 404 148
0:0:0:0:0:0:0:1 - - [10/Apr/2018:23:30:11 +0800] "GET /blog/blog/@%7B/lib/angular/angular.js%7D HTTP/1.1" 404 155
0:0:0:0:0:0:0:1 - - [10/Apr/2018:23:30:11 +0800] "GET /blog/blog/@%7B/lib/angular/angular.min.js%7D HTTP/1.1" 404 159
0:0:0:0:0:0:0:1 - - [10/Apr/2018:23:30:11 +0800] "GET /blog/blog/@%7B/lib/bootstrap/js/bootstrap.min.js%7D HTTP/1.1" 404 166
0:0:0:0:0:0:0:1 - - [10/Apr/2018:23:30:11 +0800] "GET /blog/blog/@%7B/lib/bootstrap/js/jquery.min.js%7D HTTP/1.1" 404 163
0:0:0:0:0:0:0:1 - - [10/Apr/2018:23:30:12 +0800] "GET /blog/blog/home HTTP/1.1" 200 2998
0:0:0:0:0:0:0:1 - - [10/Apr/2018:23:30:12 +0800] "GET /blog/blog/@%7B/lib/angular/angular.js%7D HTTP/1.1" 404 155
0:0:0:0:0:0:0:1 - - [10/Apr/2018:23:30:12 +0800] "GET /blog/assets/blog/style/common.css HTTP/1.1" 404 148
0:0:0:0:0:0:0:1 - - [10/Apr/2018:23:30:12 +0800] "GET /blog/blog/@%7B/lib/bootstrap/js/bootstrap.min.js%7D HTTP/1.1" 404 166
0:0:0:0:0:0:0:1 - - [10/Apr/2018:23:30:12 +0800] "GET /blog/blog/@%7B/lib/angular/angular.min.js%7D HTTP/1.1" 404 159
0:0:0:0:0:0:0:1 - - [10/Apr/2018:23:30:12 +0800] "GET /blog/blog/@%7B/lib/bootstrap/js/jquery.min.js%7D HTTP/1.1" 404 163
0:0:0:0:0:0:0:1 - - [10/Apr/2018:23:30:12 +0800] "GET /blog/blog/@%7B/lib/angular/angular.min.js%7D HTTP/1.1" 404 159
0:0:0:0:0:0:0:1 - - [10/Apr/2018:23:30:12 +0800] "GET /blog/blog/@%7B/lib/bootstrap/js/bootstrap.min.js%7D HTTP/1.1" 404 166
0:0:0:0:0:0:0:1 - - [10/Apr/2018:23:30:12 +0800] "GET /blog/blog/@%7B/lib/bootstrap/js/jquery.min.js%7D HTTP/1.1" 404 163
0:0:0:0:0:0:0:1 - - [10/Apr/2018:23:30:12 +0800] "GET /blog/blog/home HTTP/1.1" 200 2998
0:0:0:0:0:0:0:1 - - [10/Apr/2018:23:30:12 +0800] "GET /blog/assets/blog/style/common.css HTTP/1.1" 404 148
0:0:0:0:0:0:0:1 - - [10/Apr/2018:23:30:12 +0800] "GET /blog/blog/@%7B/lib/angular/angular.min.js%7D HTTP/1.1" 404 159
0:0:0:0:0:0:0:1 - - [10/Apr/2018:23:30:12 +0800] "GET /blog/blog/@%7B/lib/bootstrap/js/bootstrap.min.js%7D HTTP/1.1" 404 166
0:0:0:0:0:0:0:1 - - [10/Apr/2018:23:30:12 +0800] "GET /blog/blog/@%7B/lib/bootstrap/js/jquery.min.js%7D HTTP/1.1" 404 163
0:0:0:0:0:0:0:1 - - [10/Apr/2018:23:30:12 +0800] "GET /blog/blog/@%7B/lib/angular/angular.js%7D HTTP/1.1" 404 155
0:0:0:0:0:0:0:1 - - [10/Apr/2018:23:30:12 +0800] "GET /blog/blog/@%7B/lib/angular/angular.min.js%7D HTTP/1.1" 404 159
0:0:0:0:0:0:0:1 - - [10/Apr/2018:23:30:12 +0800] "GET /blog/blog/@%7B/lib/bootstrap/js/bootstrap.min.js%7D HTTP/1.1" 404 166
0:0:0:0:0:0:0:1 - - [10/Apr/2018:23:30:12 +0800] "GET /blog/blog/@%7B/lib/bootstrap/js/jquery.min.js%7D HTTP/1.1" 404 163
0:0:0:0:0:0:0:1 - - [10/Apr/2018:23:30:12 +0800] "GET /blog/blog/home HTTP/1.1" 200 2998
0:0:0:0:0:0:0:1 - - [10/Apr/2018:23:30:12 +0800] "GET /blog/assets/blog/style/common.css HTTP/1.1" 404 148
0:0:0:0:0:0:0:1 - - [10/Apr/2018:23:30:12 +0800] "GET /blog/blog/@%7B/lib/angular/angular.min.js%7D HTTP/1.1" 404 159
0:0:0:0:0:0:0:1 - - [10/Apr/2018:23:30:12 +0800] "GET /blog/blog/@%7B/lib/angular/angular.js%7D HTTP/1.1" 404 155
0:0:0:0:0:0:0:1 - - [10/Apr/2018:23:30:12 +0800] "GET /blog/blog/@%7B/lib/bootstrap/js/jquery.min.js%7D HTTP/1.1" 404 163
0:0:0:0:0:0:0:1 - - [10/Apr/2018:23:30:12 +0800] "GET /blog/blog/@%7B/lib/bootstrap/js/bootstrap.min.js%7D HTTP/1.1" 404 166
0:0:0:0:0:0:0:1 - - [10/Apr/2018:23:30:12 +0800] "GET /blog/blog/@%7B/lib/angular/angular.min.js%7D HTTP/1.1" 404 159
0:0:0:0:0:0:0:1 - - [10/Apr/2018:23:30:12 +0800] "GET /blog/blog/@%7B/lib/bootstrap/js/bootstrap.min.js%7D HTTP/1.1" 404 166
0:0:0:0:0:0:0:1 - - [10/Apr/2018:23:30:12 +0800] "GET /blog/blog/@%7B/lib/bootstrap/js/jquery.min.js%7D HTTP/1.1" 404 163
0:0:0:0:0:0:0:1 - - [10/Apr/2018:23:30:13 +0800] "GET /blog/blog/home HTTP/1.1" 200 2998
0:0:0:0:0:0:0:1 - - [10/Apr/2018:23:30:13 +0800] "GET /blog/blog/@%7B/lib/angular/angular.js%7D HTTP/1.1" 404 155
0:0:0:0:0:0:0:1 - - [10/Apr/2018:23:30:13 +0800] "GET /blog/blog/@%7B/lib/angular/angular.min.js%7D HTTP/1.1" 404 159
0:0:0:0:0:0:0:1 - - [10/Apr/2018:23:30:13 +0800] "GET /blog/blog/@%7B/lib/bootstrap/js/bootstrap.min.js%7D HTTP/1.1" 404 166
0:0:0:0:0:0:0:1 - - [10/Apr/2018:23:30:13 +0800] "GET /blog/blog/@%7B/lib/bootstrap/js/jquery.min.js%7D HTTP/1.1" 404 163
0:0:0:0:0:0:0:1 - - [10/Apr/2018:23:30:13 +0800] "GET /blog/assets/blog/style/common.css HTTP/1.1" 404 148
0:0:0:0:0:0:0:1 - - [10/Apr/2018:23:30:13 +0800] "GET /blog/blog/@%7B/lib/angular/angular.min.js%7D HTTP/1.1" 404 159
0:0:0:0:0:0:0:1 - - [10/Apr/2018:23:30:13 +0800] "GET /blog/blog/@%7B/lib/bootstrap/js/bootstrap.min.js%7D HTTP/1.1" 404 166
0:0:0:0:0:0:0:1 - - [10/Apr/2018:23:30:13 +0800] "GET /blog/blog/@%7B/lib/bootstrap/js/jquery.min.js%7D HTTP/1.1" 404 163
0:0:0:0:0:0:0:1 - - [10/Apr/2018:23:30:13 +0800] "GET /blog/blog/home HTTP/1.1" 200 2998
0:0:0:0:0:0:0:1 - - [10/Apr/2018:23:30:14 +0800] "GET /blog/assets/blog/style/common.css HTTP/1.1" 404 148
0:0:0:0:0:0:0:1 - - [10/Apr/2018:23:30:14 +0800] "GET /blog/blog/@%7B/lib/angular/angular.js%7D HTTP/1.1" 404 155
0:0:0:0:0:0:0:1 - - [10/Apr/2018:23:30:14 +0800] "GET /blog/blog/@%7B/lib/angular/angular.min.js%7D HTTP/1.1" 404 159
0:0:0:0:0:0:0:1 - - [10/Apr/2018:23:30:14 +0800] "GET /blog/blog/@%7B/lib/bootstrap/js/bootstrap.min.js%7D HTTP/1.1" 404 166
0:0:0:0:0:0:0:1 - - [10/Apr/2018:23:30:14 +0800] "GET /blog/blog/@%7B/lib/bootstrap/js/jquery.min.js%7D HTTP/1.1" 404 163
0:0:0:0:0:0:0:1 - - [10/Apr/2018:23:30:14 +0800] "GET /blog/blog/home HTTP/1.1" 200 2998
0:0:0:0:0:0:0:1 - - [10/Apr/2018:23:30:14 +0800] "GET /blog/assets/blog/style/common.css HTTP/1.1" 404 148
0:0:0:0:0:0:0:1 - - [10/Apr/2018:23:30:14 +0800] "GET /blog/blog/@%7B/lib/bootstrap/js/jquery.min.js%7D HTTP/1.1" 404 163
0:0:0:0:0:0:0:1 - - [10/Apr/2018:23:30:14 +0800] "GET /blog/blog/@%7B/lib/angular/angular.min.js%7D HTTP/1.1" 404 159
0:0:0:0:0:0:0:1 - - [10/Apr/2018:23:30:14 +0800] "GET /blog/blog/@%7B/lib/bootstrap/js/bootstrap.min.js%7D HTTP/1.1" 404 166
0:0:0:0:0:0:0:1 - - [10/Apr/2018:23:30:14 +0800] "GET /blog/blog/@%7B/lib/angular/angular.js%7D HTTP/1.1" 404 155
0:0:0:0:0:0:0:1 - - [10/Apr/2018:23:30:14 +0800] "GET /blog/blog/@%7B/lib/angular/angular.min.js%7D HTTP/1.1" 404 159
0:0:0:0:0:0:0:1 - - [10/Apr/2018:23:30:14 +0800] "GET /blog/blog/@%7B/lib/bootstrap/js/bootstrap.min.js%7D HTTP/1.1" 404 166
0:0:0:0:0:0:0:1 - - [10/Apr/2018:23:30:14 +0800] "GET /blog/blog/@%7B/lib/bootstrap/js/jquery.min.js%7D HTTP/1.1" 404 163
0:0:0:0:0:0:0:1 - - [10/Apr/2018:23:30:15 +0800] "GET /blog/blog/home HTTP/1.1" 200 2998
0:0:0:0:0:0:0:1 - - [10/Apr/2018:23:30:15 +0800] "GET /blog/assets/blog/style/common.css HTTP/1.1" 404 148
0:0:0:0:0:0:0:1 - - [10/Apr/2018:23:30:15 +0800] "GET /blog/blog/@%7B/lib/angular/angular.js%7D HTTP/1.1" 404 155
0:0:0:0:0:0:0:1 - - [10/Apr/2018:23:30:15 +0800] "GET /blog/blog/@%7B/lib/angular/angular.min.js%7D HTTP/1.1" 404 159
0:0:0:0:0:0:0:1 - - [10/Apr/2018:23:30:15 +0800] "GET /blog/blog/@%7B/lib/bootstrap/js/bootstrap.min.js%7D HTTP/1.1" 404 166
0:0:0:0:0:0:0:1 - - [10/Apr/2018:23:30:15 +0800] "GET /blog/blog/@%7B/lib/bootstrap/js/jquery.min.js%7D HTTP/1.1" 404 163
0:0:0:0:0:0:0:1 - - [10/Apr/2018:23:32:05 +0800] "GET /blog/blog/home HTTP/1.1" 200 2991
0:0:0:0:0:0:0:1 - - [10/Apr/2018:23:32:05 +0800] "GET /blog/assets/css/common.css HTTP/1.1" 200 4104
0:0:0:0:0:0:0:1 - - [10/Apr/2018:23:32:05 +0800] "GET /blog/blog/@%7B/lib/bootstrap/js/jquery.min.js%7D HTTP/1.1" 404 163
0:0:0:0:0:0:0:1 - - [10/Apr/2018:23:32:05 +0800] "GET /blog/blog/@%7B/lib/bootstrap/js/bootstrap.min.js%7D HTTP/1.1" 404 166
0:0:0:0:0:0:0:1 - - [10/Apr/2018:23:32:05 +0800] "GET /blog/blog/@%7B/lib/angular/angular.js%7D HTTP/1.1" 404 155
0:0:0:0:0:0:0:1 - - [10/Apr/2018:23:32:05 +0800] "GET /blog/blog/@%7B/lib/angular/angular.min.js%7D HTTP/1.1" 404 159
0:0:0:0:0:0:0:1 - - [10/Apr/2018:23:32:05 +0800] "GET /blog/blog/@%7B/lib/bootstrap/js/bootstrap.min.js%7D HTTP/1.1" 404 166
0:0:0:0:0:0:0:1 - - [10/Apr/2018:23:32:05 +0800] "GET /blog/blog/@%7B/lib/bootstrap/js/jquery.min.js%7D HTTP/1.1" 404 163
0:0:0:0:0:0:0:1 - - [10/Apr/2018:23:33:11 +0800] "GET /blog/blog/home HTTP/1.1" 200 2987
0:0:0:0:0:0:0:1 - - [10/Apr/2018:23:33:11 +0800] "GET /blog/blog/@%7Blib/bootstrap/js/jquery.min.js%7D HTTP/1.1" 404 162
0:0:0:0:0:0:0:1 - - [10/Apr/2018:23:33:11 +0800] "GET /blog/blog/@%7Blib/angular/angular.js%7D HTTP/1.1" 404 154
0:0:0:0:0:0:0:1 - - [10/Apr/2018:23:33:11 +0800] "GET /blog/blog/@%7Blib/bootstrap/js/bootstrap.min.js%7D HTTP/1.1" 404 165
0:0:0:0:0:0:0:1 - - [10/Apr/2018:23:33:11 +0800] "GET /blog/blog/@%7Blib/angular/angular.min.js%7D HTTP/1.1" 404 158
0:0:0:0:0:0:0:1 - - [10/Apr/2018:23:33:11 +0800] "GET /blog/assets/css/common.css HTTP/1.1" 304 -
0:0:0:0:0:0:0:1 - - [10/Apr/2018:23:33:11 +0800] "GET /blog/blog/@%7Blib/angular/angular.min.js%7D HTTP/1.1" 404 158
0:0:0:0:0:0:0:1 - - [10/Apr/2018:23:33:11 +0800] "GET /blog/blog/@%7Blib/bootstrap/js/bootstrap.min.js%7D HTTP/1.1" 404 165
0:0:0:0:0:0:0:1 - - [10/Apr/2018:23:33:11 +0800] "GET /blog/blog/@%7Blib/bootstrap/js/jquery.min.js%7D HTTP/1.1" 404 162
0:0:0:0:0:0:0:1 - - [10/Apr/2018:23:34:20 +0800] "GET /blog/blog/home HTTP/1.1" 200 2995
0:0:0:0:0:0:0:1 - - [10/Apr/2018:23:34:20 +0800] "GET /blog/assets/css/common.css HTTP/1.1" 304 -
0:0:0:0:0:0:0:1 - - [10/Apr/2018:23:34:20 +0800] "GET /blog/blog/@%7B//lib/angular/angular.min.js%7D HTTP/1.1" 404 160
0:0:0:0:0:0:0:1 - - [10/Apr/2018:23:34:20 +0800] "GET /blog/blog/@%7B//lib/bootstrap/js/jquery.min.js%7D HTTP/1.1" 404 164
0:0:0:0:0:0:0:1 - - [10/Apr/2018:23:34:20 +0800] "GET /blog/blog/@%7B//lib/angular/angular.js%7D HTTP/1.1" 404 156
0:0:0:0:0:0:0:1 - - [10/Apr/2018:23:34:20 +0800] "GET /blog/blog/@%7B//lib/bootstrap/js/bootstrap.min.js%7D HTTP/1.1" 404 167
0:0:0:0:0:0:0:1 - - [10/Apr/2018:23:34:20 +0800] "GET /blog/blog/@%7B//lib/angular/angular.min.js%7D HTTP/1.1" 404 160
0:0:0:0:0:0:0:1 - - [10/Apr/2018:23:34:20 +0800] "GET /blog/blog/@%7B//lib/bootstrap/js/bootstrap.min.js%7D HTTP/1.1" 404 167
0:0:0:0:0:0:0:1 - - [10/Apr/2018:23:34:20 +0800] "GET /blog/blog/@%7B//lib/bootstrap/js/jquery.min.js%7D HTTP/1.1" 404 164
0:0:0:0:0:0:0:1 - - [10/Apr/2018:23:34:46 +0800] "GET /blog/blog/home HTTP/1.1" 200 3003
0:0:0:0:0:0:0:1 - - [10/Apr/2018:23:34:46 +0800] "GET /blog/blog/@%7B.../lib/angular/angular.min.js%7D HTTP/1.1" 404 162
0:0:0:0:0:0:0:1 - - [10/Apr/2018:23:34:46 +0800] "GET /blog/blog/@%7B.../lib/bootstrap/js/bootstrap.min.js%7D HTTP/1.1" 404 169
0:0:0:0:0:0:0:1 - - [10/Apr/2018:23:34:46 +0800] "GET /blog/blog/@%7B.../lib/bootstrap/js/jquery.min.js%7D HTTP/1.1" 404 166
0:0:0:0:0:0:0:1 - - [10/Apr/2018:23:34:46 +0800] "GET /blog/assets/css/common.css HTTP/1.1" 304 -
0:0:0:0:0:0:0:1 - - [10/Apr/2018:23:34:46 +0800] "GET /blog/blog/@%7B.../lib/angular/angular.js%7D HTTP/1.1" 404 158
0:0:0:0:0:0:0:1 - - [10/Apr/2018:23:34:46 +0800] "GET /blog/blog/@%7B.../lib/angular/angular.min.js%7D HTTP/1.1" 404 162
0:0:0:0:0:0:0:1 - - [10/Apr/2018:23:34:46 +0800] "GET /blog/blog/@%7B.../lib/bootstrap/js/bootstrap.min.js%7D HTTP/1.1" 404 169
0:0:0:0:0:0:0:1 - - [10/Apr/2018:23:34:46 +0800] "GET /blog/blog/@%7B.../lib/bootstrap/js/jquery.min.js%7D HTTP/1.1" 404 166
0:0:0:0:0:0:0:1 - - [10/Apr/2018:23:35:08 +0800] "GET /blog/blog/home HTTP/1.1" 200 2999
0:0:0:0:0:0:0:1 - - [10/Apr/2018:23:35:08 +0800] "GET /blog/assets/css/common.css HTTP/1.1" 304 -
0:0:0:0:0:0:0:1 - - [10/Apr/2018:23:35:08 +0800] "GET /blog/blog/@%7Blib/angular/angular.js%7D HTTP/1.1" 404 154
0:0:0:0:0:0:0:1 - - [10/Apr/2018:23:35:08 +0800] "GET /blog/blog/@%7B.../lib/bootstrap/js/bootstrap.min.js%7D HTTP/1.1" 404 169
0:0:0:0:0:0:0:1 - - [10/Apr/2018:23:35:08 +0800] "GET /blog/blog/@%7B.../lib/angular/angular.min.js%7D HTTP/1.1" 404 162
0:0:0:0:0:0:0:1 - - [10/Apr/2018:23:35:08 +0800] "GET /blog/blog/@%7B.../lib/bootstrap/js/jquery.min.js%7D HTTP/1.1" 404 166
0:0:0:0:0:0:0:1 - - [10/Apr/2018:23:35:08 +0800] "GET /blog/blog/@%7B.../lib/angular/angular.min.js%7D HTTP/1.1" 404 162
0:0:0:0:0:0:0:1 - - [10/Apr/2018:23:35:08 +0800] "GET /blog/blog/@%7B.../lib/bootstrap/js/bootstrap.min.js%7D HTTP/1.1" 404 169
0:0:0:0:0:0:0:1 - - [10/Apr/2018:23:35:08 +0800] "GET /blog/blog/@%7B.../lib/bootstrap/js/jquery.min.js%7D HTTP/1.1" 404 166
0:0:0:0:0:0:0:1 - - [10/Apr/2018:23:36:09 +0800] "GET /blog/blog/home HTTP/1.1" 200 2987
0:0:0:0:0:0:0:1 - - [10/Apr/2018:23:36:09 +0800] "GET /blog/assets/css/common.css HTTP/1.1" 304 -
0:0:0:0:0:0:0:1 - - [10/Apr/2018:23:36:09 +0800] "GET /blog/blog/.../lib/bootstrap/js/bootstrap.min.js HTTP/1.1" 404 162
0:0:0:0:0:0:0:1 - - [10/Apr/2018:23:36:09 +0800] "GET /blog/blog/lib/angular/angular.js HTTP/1.1" 404 147
0:0:0:0:0:0:0:1 - - [10/Apr/2018:23:36:09 +0800] "GET /blog/blog/.../lib/bootstrap/js/jquery.min.js HTTP/1.1" 404 159
0:0:0:0:0:0:0:1 - - [10/Apr/2018:23:36:09 +0800] "GET /blog/blog/.../lib/angular/angular.min.js HTTP/1.1" 404 155
0:0:0:0:0:0:0:1 - - [10/Apr/2018:23:36:09 +0800] "GET /blog/blog/.../lib/bootstrap/js/bootstrap.min.js HTTP/1.1" 404 162
0:0:0:0:0:0:0:1 - - [10/Apr/2018:23:36:09 +0800] "GET /blog/blog/.../lib/bootstrap/js/jquery.min.js HTTP/1.1" 404 159
0:0:0:0:0:0:0:1 - - [10/Apr/2018:23:36:58 +0800] "GET /blog/blog/home HTTP/1.1" 200 2999
0:0:0:0:0:0:0:1 - - [10/Apr/2018:23:36:58 +0800] "GET /blog/assets/css/common.css HTTP/1.1" 304 -
0:0:0:0:0:0:0:1 - - [10/Apr/2018:23:36:58 +0800] "GET /blog/lib/angular/angular.min.js HTTP/1.1" 200 169920
0:0:0:0:0:0:0:1 - - [10/Apr/2018:23:36:58 +0800] "GET /blog/lib/angular/angular.js HTTP/1.1" 200 1289501
0:0:0:0:0:0:0:1 - - [10/Apr/2018:23:36:58 +0800] "GET /blog/lib/angular/angular.min.js.map HTTP/1.1" 404 150
0:0:0:0:0:0:0:1 - - [10/Apr/2018:23:37:30 +0800] "GET /blog/blog/home HTTP/1.1" 200 3000
0:0:0:0:0:0:0:1 - - [10/Apr/2018:23:37:30 +0800] "GET /blog/lib/angular/angular.min.js.map HTTP/1.1" 404 150
0:0:0:0:0:0:0:1 - - [10/Apr/2018:23:38:26 +0800] "GET /blog/blog/home HTTP/1.1" 200 3000
0:0:0:0:0:0:0:1 - - [10/Apr/2018:23:38:26 +0800] "GET /blog/assets/css/common.css HTTP/1.1" 304 -
0:0:0:0:0:0:0:1 - - [10/Apr/2018:23:38:26 +0800] "GET /blog/lib/angular/angular.min.js.map HTTP/1.1" 404 150
0:0:0:0:0:0:0:1 - - [10/Apr/2018:23:39:12 +0800] "GET /blog/blog/home HTTP/1.1" 200 3000
0:0:0:0:0:0:0:1 - - [10/Apr/2018:23:39:12 +0800] "GET /blog/assets/css/common.css HTTP/1.1" 304 -
0:0:0:0:0:0:0:1 - - [10/Apr/2018:23:39:12 +0800] "GET /blog/lib/angular/angular.min.js.map HTTP/1.1" 404 150
0:0:0:0:0:0:0:1 - - [10/Apr/2018:23:41:23 +0800] "GET /blog/blog/home HTTP/1.1" 200 3000
0:0:0:0:0:0:0:1 - - [10/Apr/2018:23:41:23 +0800] "GET /blog/assets/css/common.css HTTP/1.1" 200 144792
0:0:0:0:0:0:0:1 - - [10/Apr/2018:23:41:23 +0800] "GET /blog/lib/angular/angular.min.js.map HTTP/1.1" 404 150
0:0:0:0:0:0:0:1 - - [10/Apr/2018:23:42:12 +0800] "GET /blog/blog/home HTTP/1.1" 200 3061
0:0:0:0:0:0:0:1 - - [10/Apr/2018:23:42:12 +0800] "GET /blog/assets/css/common.css HTTP/1.1" 304 -
0:0:0:0:0:0:0:1 - - [10/Apr/2018:23:42:12 +0800] "GET /blog/assets/css/style.css HTTP/1.1" 200 22979
0:0:0:0:0:0:0:1 - - [10/Apr/2018:23:42:12 +0800] "GET /blog/lib/angular/angular.min.js.map HTTP/1.1" 404 150
0:0:0:0:0:0:0:1 - - [10/Apr/2018:23:42:38 +0800] "GET /blog/blog/home HTTP/1.1" 200 3062
0:0:0:0:0:0:0:1 - - [10/Apr/2018:23:42:38 +0800] "GET /blog/assets/css/common.css HTTP/1.1" 304 -
0:0:0:0:0:0:0:1 - - [10/Apr/2018:23:42:38 +0800] "GET /blog/lib/angular/angular.min.js.map HTTP/1.1" 404 150
0:0:0:0:0:0:0:1 - - [10/Apr/2018:23:43:07 +0800] "GET /blog/blog/home HTTP/1.1" 200 3071
0:0:0:0:0:0:0:1 - - [10/Apr/2018:23:43:07 +0800] "GET /blog/assets/css/common.css HTTP/1.1" 304 -
0:0:0:0:0:0:0:1 - - [10/Apr/2018:23:43:07 +0800] "GET /blog/lib/angular/angular.min.js.map HTTP/1.1" 404 150
0:0:0:0:0:0:0:1 - - [10/Apr/2018:23:43:10 +0800] "GET /blog/blog/home HTTP/1.1" 200 3071
0:0:0:0:0:0:0:1 - - [10/Apr/2018:23:43:10 +0800] "GET /blog/lib/bootstrap/css/bootstrap.min.css HTTP/1.1" 304 -
0:0:0:0:0:0:0:1 - - [10/Apr/2018:23:43:10 +0800] "GET /blog/lib/angular/angular.min.js.map HTTP/1.1" 404 150
0:0:0:0:0:0:0:1 - - [10/Apr/2018:23:45:21 +0800] "GET /blog/blog/home HTTP/1.1" 200 3071
0:0:0:0:0:0:0:1 - - [10/Apr/2018:23:45:21 +0800] "GET /blog/assets/css/common.css HTTP/1.1" 304 -
0:0:0:0:0:0:0:1 - - [10/Apr/2018:23:45:21 +0800] "GET /blog/lib/angular/angular.min.js.map HTTP/1.1" 404 150
0:0:0:0:0:0:0:1 - - [10/Apr/2018:23:47:16 +0800] "GET /blog/blog/home HTTP/1.1" 200 3071
0:0:0:0:0:0:0:1 - - [10/Apr/2018:23:47:16 +0800] "GET /blog/assets/css/common.css HTTP/1.1" 304 -
0:0:0:0:0:0:0:1 - - [10/Apr/2018:23:47:16 +0800] "GET /blog/lib/angular/angular.min.js.map HTTP/1.1" 404 150
0:0:0:0:0:0:0:1 - - [10/Apr/2018:23:49:02 +0800] "GET /blog/blog/home HTTP/1.1" 200 3071
0:0:0:0:0:0:0:1 - - [10/Apr/2018:23:49:02 +0800] "GET /blog/assets/css/common.css HTTP/1.1" 304 -
0:0:0:0:0:0:0:1 - - [10/Apr/2018:23:49:02 +0800] "GET /blog/lib/angular/angular.min.js.map HTTP/1.1" 404 150
0:0:0:0:0:0:0:1 - - [10/Apr/2018:23:49:31 +0800] "GET /blog/blog/home HTTP/1.1" 200 3071
0:0:0:0:0:0:0:1 - - [10/Apr/2018:23:49:31 +0800] "GET /blog/lib/angular/angular.min.js.map HTTP/1.1" 404 150
0:0:0:0:0:0:0:1 - - [10/Apr/2018:23:51:31 +0800] "GET /blog/blog/home HTTP/1.1" 200 3134
0:0:0:0:0:0:0:1 - - [10/Apr/2018:23:51:31 +0800] "GET /blog/assets/css/common.css HTTP/1.1" 304 -
0:0:0:0:0:0:0:1 - - [10/Apr/2018:23:51:31 +0800] "GET /blog/lib/angular/angular-route.min.js HTTP/1.1" 200 5611
0:0:0:0:0:0:0:1 - - [10/Apr/2018:23:51:31 +0800] "GET /blog/lib/angular/angular.min.js.map HTTP/1.1" 404 150
0:0:0:0:0:0:0:1 - - [10/Apr/2018:23:51:31 +0800] "GET /blog/lib/angular/angular-route.min.js.map HTTP/1.1" 404 156
0:0:0:0:0:0:0:1 - - [10/Apr/2018:23:56:49 +0800] "GET /blog/blog/home HTTP/1.1" 200 3118
0:0:0:0:0:0:0:1 - - [10/Apr/2018:23:56:49 +0800] "GET /blog/assets/css/common.css HTTP/1.1" 304 -
0:0:0:0:0:0:0:1 - - [10/Apr/2018:23:56:49 +0800] "GET /blog/lib/angular/angular.js HTTP/1.1" 304 -
0:0:0:0:0:0:0:1 - - [10/Apr/2018:23:56:49 +0800] "GET /blog/lib/angular/angular.min.js HTTP/1.1" 304 -
0:0:0:0:0:0:0:1 - - [10/Apr/2018:23:56:50 +0800] "GET /blog/lib/angular/angular.min.js.map HTTP/1.1" 404 150
0:0:0:0:0:0:0:1 - - [10/Apr/2018:23:56:50 +0800] "GET /blog/lib/angular/angular-route.min.js.map HTTP/1.1" 404 156
