0:0:0:0:0:0:0:1 - - [09/Apr/2018:21:09:59 +0800] "GET /blog/about/home/hello.do HTTP/1.1" 404 306
0:0:0:0:0:0:0:1 - - [09/Apr/2018:21:10:01 +0800] "GET /blog/about/home HTTP/1.1" 200 40902
0:0:0:0:0:0:0:1 - - [09/Apr/2018:21:10:03 +0800] "GET /blog/assets/css/about/base.css HTTP/1.1" 304 -
0:0:0:0:0:0:0:1 - - [09/Apr/2018:21:10:03 +0800] "GET /blog/assets/css/about/main.css HTTP/1.1" 304 -
0:0:0:0:0:0:0:1 - - [09/Apr/2018:21:10:03 +0800] "GET /blog/assets/css/main.css HTTP/1.1" 304 -
0:0:0:0:0:0:0:1 - - [09/Apr/2018:21:10:03 +0800] "GET /blog/assets/css/about/vendor.css HTTP/1.1" 304 -
0:0:0:0:0:0:0:1 - - [09/Apr/2018:21:10:03 +0800] "GET /blog/lib/ohters/js/skel.min.js HTTP/1.1" 304 -
0:0:0:0:0:0:0:1 - - [09/Apr/2018:21:10:04 +0800] "GET /blog/lib/bootstrap/js/bootstrap.min.js HTTP/1.1" 304 -
0:0:0:0:0:0:0:1 - - [09/Apr/2018:21:10:04 +0800] "GET /blog/assets/css/font-awesome.min.css HTTP/1.1" 304 -
0:0:0:0:0:0:0:1 - - [09/Apr/2018:21:10:04 +0800] "GET /blog/lib/bootstrap/js/jquery.min.js HTTP/1.1" 304 -
0:0:0:0:0:0:0:1 - - [09/Apr/2018:21:10:04 +0800] "GET /blog/assets/js/main.js HTTP/1.1" 304 -
0:0:0:0:0:0:0:1 - - [09/Apr/2018:21:10:04 +0800] "GET /blog/assets/js/jquery.scrollex.min.js HTTP/1.1" 304 -
0:0:0:0:0:0:0:1 - - [09/Apr/2018:21:10:04 +0800] "GET /blog/assets/js/util.js HTTP/1.1" 304 -
0:0:0:0:0:0:0:1 - - [09/Apr/2018:21:10:04 +0800] "GET /blog/images/profile-pic.png HTTP/1.1" 304 -
0:0:0:0:0:0:0:1 - - [09/Apr/2018:21:10:05 +0800] "GET /blog/about/images/portfolio/liberty.jpg HTTP/1.1" 404 154
0:0:0:0:0:0:0:1 - - [09/Apr/2018:21:10:05 +0800] "GET /blog/assets/css/about/fonts.css HTTP/1.1" 404 146
0:0:0:0:0:0:0:1 - - [09/Apr/2018:21:10:05 +0800] "GET /blog/assets/css/about/micons/micons.css HTTP/1.1" 404 154
0:0:0:0:0:0:0:1 - - [09/Apr/2018:21:10:05 +0800] "GET /blog/assets/css/about/font-awesome/css/font-awesome.min.css HTTP/1.1" 404 174
0:0:0:0:0:0:0:1 - - [09/Apr/2018:21:10:05 +0800] "GET /blog/about/images/portfolio/beetle.jpg HTTP/1.1" 404 153
0:0:0:0:0:0:0:1 - - [09/Apr/2018:21:10:05 +0800] "GET /blog/about/images/portfolio/modals/m-shutterbug.jpg HTTP/1.1" 404 166
0:0:0:0:0:0:0:1 - - [09/Apr/2018:21:10:05 +0800] "GET /blog/about/images/portfolio/lighthouse.jpg HTTP/1.1" 404 157
0:0:0:0:0:0:0:1 - - [09/Apr/2018:21:10:05 +0800] "GET /blog/about/images/portfolio/salad.jpg HTTP/1.1" 404 152
0:0:0:0:0:0:0:1 - - [09/Apr/2018:21:10:05 +0800] "GET /blog/about/images/portfolio/clouds.jpg HTTP/1.1" 404 153
0:0:0:0:0:0:0:1 - - [09/Apr/2018:21:10:05 +0800] "GET /blog/about/images/portfolio/shutterbug.jpg HTTP/1.1" 404 157
0:0:0:0:0:0:0:1 - - [09/Apr/2018:21:10:06 +0800] "GET /blog/about/images/portfolio/modals/m-salad.jpg HTTP/1.1" 404 161
0:0:0:0:0:0:0:1 - - [09/Apr/2018:21:10:06 +0800] "GET /blog/about/images/portfolio/modals/m-lighthouse.jpg HTTP/1.1" 404 166
0:0:0:0:0:0:0:1 - - [09/Apr/2018:21:10:06 +0800] "GET /blog/assets/fonts/fontawesome-webfont.woff2?v=4.3.0 HTTP/1.1" 304 -
0:0:0:0:0:0:0:1 - - [09/Apr/2018:21:10:06 +0800] "GET /blog/about/images/portfolio/modals/m-liberty.jpg HTTP/1.1" 404 163
0:0:0:0:0:0:0:1 - - [09/Apr/2018:21:10:06 +0800] "GET /blog/assets/css/images/close.svg HTTP/1.1" 304 -
0:0:0:0:0:0:0:1 - - [09/Apr/2018:21:10:06 +0800] "GET /blog/assets/css/images/bg.jpg HTTP/1.1" 404 144
0:0:0:0:0:0:0:1 - - [09/Apr/2018:21:10:06 +0800] "GET /blog/images/intro-bg.jpg HTTP/1.1" 304 -
0:0:0:0:0:0:0:1 - - [09/Apr/2018:21:10:06 +0800] "GET /blog/about/images/portfolio/modals/m-beetle.jpg HTTP/1.1" 404 162
0:0:0:0:0:0:0:1 - - [09/Apr/2018:21:10:06 +0800] "GET /blog/images/bg.jpg HTTP/1.1" 304 -
0:0:0:0:0:0:0:1 - - [09/Apr/2018:21:10:06 +0800] "GET /blog/about/images/portfolio/modals/m-clouds.jpg HTTP/1.1" 404 162
0:0:0:0:0:0:0:1 - - [09/Apr/2018:23:34:02 +0800] "GET /blog/blog/home HTTP/1.1" 404 306
0:0:0:0:0:0:0:1 - - [09/Apr/2018:23:35:27 +0800] "GET /blog/blog/home HTTP/1.1" 200 694
0:0:0:0:0:0:0:1 - - [09/Apr/2018:23:35:27 +0800] "GET /blog/assets/js/util.js HTTP/1.1" 304 -
0:0:0:0:0:0:0:1 - - [09/Apr/2018:23:35:27 +0800] "GET /blog/assets/css/main.css HTTP/1.1" 304 -
0:0:0:0:0:0:0:1 - - [09/Apr/2018:23:35:27 +0800] "GET /blog/assets/js/jquery.scrollex.min.js HTTP/1.1" 304 -
0:0:0:0:0:0:0:1 - - [09/Apr/2018:23:35:27 +0800] "GET /blog/lib/bootstrap/js/jquery.min.js HTTP/1.1" 304 -
0:0:0:0:0:0:0:1 - - [09/Apr/2018:23:35:27 +0800] "GET /blog/lib/ohters/js/skel.min.js HTTP/1.1" 304 -
0:0:0:0:0:0:0:1 - - [09/Apr/2018:23:35:27 +0800] "GET /blog/lib/bootstrap/js/bootstrap.min.js HTTP/1.1" 304 -
0:0:0:0:0:0:0:1 - - [09/Apr/2018:23:35:27 +0800] "GET /blog/assets/js/main.js HTTP/1.1" 304 -
0:0:0:0:0:0:0:1 - - [09/Apr/2018:23:35:27 +0800] "GET /blog/assets/css/font-awesome.min.css HTTP/1.1" 304 -
0:0:0:0:0:0:0:1 - - [09/Apr/2018:23:35:27 +0800] "GET /blog/images/bg.jpg HTTP/1.1" 304 -
0:0:0:0:0:0:0:1 - - [09/Apr/2018:23:35:55 +0800] "GET /blog/blog/home HTTP/1.1" 200 703
0:0:0:0:0:0:0:1 - - [09/Apr/2018:23:36:09 +0800] "GET /blog/blog/home HTTP/1.1" 200 685
0:0:0:0:0:0:0:1 - - [09/Apr/2018:23:36:11 +0800] "GET /blog/blog/home HTTP/1.1" 200 685
0:0:0:0:0:0:0:1 - - [09/Apr/2018:23:37:00 +0800] "GET /blog/blog/home HTTP/1.1" 200 693
0:0:0:0:0:0:0:1 - - [09/Apr/2018:23:37:24 +0800] "GET /blog/blog/home HTTP/1.1" 200 630
0:0:0:0:0:0:0:1 - - [09/Apr/2018:23:40:31 +0800] "GET /blog/blog/home HTTP/1.1" 200 682
0:0:0:0:0:0:0:1 - - [09/Apr/2018:23:43:32 +0800] "GET /blog/blog/home HTTP/1.1" 200 683
0:0:0:0:0:0:0:1 - - [09/Apr/2018:23:43:36 +0800] "GET /blog/blog/home HTTP/1.1" 200 683
0:0:0:0:0:0:0:1 - - [09/Apr/2018:23:46:15 +0800] "GET /blog/blog/home HTTP/1.1" 200 678
0:0:0:0:0:0:0:1 - - [09/Apr/2018:23:46:32 +0800] "GET /blog/blog/home HTTP/1.1" 200 673
0:0:0:0:0:0:0:1 - - [09/Apr/2018:23:57:11 +0800] "GET /blog/blog/home HTTP/1.1" 200 694
0:0:0:0:0:0:0:1 - - [09/Apr/2018:23:57:43 +0800] "GET /blog/blog/home HTTP/1.1" 200 693
0:0:0:0:0:0:0:1 - - [09/Apr/2018:23:58:48 +0800] "GET /blog/blog/home HTTP/1.1" 200 681
0:0:0:0:0:0:0:1 - - [09/Apr/2018:23:59:40 +0800] "GET /blog/blog/home HTTP/1.1" 200 679
0:0:0:0:0:0:0:1 - - [09/Apr/2018:23:59:59 +0800] "GET /blog/blog/home HTTP/1.1" 200 680
